2026-03-05 19:24:27,109  INFO  === Road Surface Clustering — TS2Vec ===
2026-03-05 19:24:27,109  INFO  Config: {'data_dir': PosixPath('/home/mahmudm2/codebase/RollingWheels/Datasets/Processed_Data/Labeled_Data_Without_GPS'), 'window_size': 1024, 'overlap': 0.5, 'acc_epochs': 100, 'output_dims': 1024, 'test_size': 0.2, 'seed': 42, 'pca_variance': 0.95, 'output_dir': PosixPath('/home/mahmudm2/codebase/RollingWheels/Scripts/ts2vec')}
2026-03-05 19:24:27,291  INFO  Using device: cuda
2026-03-05 19:24:27,292  INFO  [1] Loading files and extracting windows
2026-03-05 19:24:27,334  INFO  Surface-ID distribution:
surface_id
10    406
9     403
8      98
7      96
6      90
5      66
2      57
3      40
4      30
11     28
12     20
1      10
2026-03-05 19:24:34,173  INFO  Extracted 7962 accelerometer windows.
2026-03-05 19:24:34,305  INFO  [2] Stratified 80/20 split
2026-03-05 19:24:34,306  INFO    Surface  1:   122 train    30 test
2026-03-05 19:24:34,306  INFO    Surface  2:   671 train   167 test
2026-03-05 19:24:34,306  INFO    Surface  3:   511 train   127 test
2026-03-05 19:24:34,306  INFO    Surface  4:   395 train    98 test
2026-03-05 19:24:34,306  INFO    Surface  5:   781 train   195 test
2026-03-05 19:24:34,306  INFO    Surface  6:   938 train   234 test
2026-03-05 19:24:34,306  INFO    Surface  7:   958 train   239 test
2026-03-05 19:24:34,307  INFO    Surface  8:   988 train   246 test
2026-03-05 19:24:34,307  INFO    Surface  9:   224 train    55 test
2026-03-05 19:24:34,307  INFO    Surface 10:   231 train    57 test
2026-03-05 19:24:34,307  INFO    Surface 11:   322 train    80 test
2026-03-05 19:24:34,307  INFO    Surface 12:   235 train    58 test
2026-03-05 19:24:34,307  INFO  Split → train=6376  test=1586
2026-03-05 19:24:34,353  INFO  [3] Training TS2Vec on train split
2026-03-05 19:24:34,353  INFO  Training TS2Vec — shape=(6376, 1024, 3), epochs=100
2026-03-05 19:25:23,251  INFO  Epoch #0: loss=4.0486946210789325
2026-03-05 19:26:06,072  INFO  Epoch #1: loss=1.6610754271547998
2026-03-05 19:26:47,386  INFO  Epoch #2: loss=1.01587151717301
2026-03-05 19:27:30,205  INFO  Epoch #3: loss=0.8094351732700913
2026-03-05 19:28:11,926  INFO  Epoch #4: loss=0.7260707854176286
2026-03-05 19:28:53,745  INFO  Epoch #5: loss=0.7537752823464235
2026-03-05 19:29:35,963  INFO  Epoch #6: loss=0.575684060029049
2026-03-05 19:30:17,137  INFO  Epoch #7: loss=0.5123258234567978
2026-03-05 19:30:59,588  INFO  Epoch #8: loss=0.471067875998104
2026-03-05 19:31:40,979  INFO  Epoch #9: loss=0.5537151990074608
2026-03-05 19:32:22,803  INFO  Epoch #10: loss=0.4484489082017137
2026-03-05 19:33:04,434  INFO  Epoch #11: loss=0.4834832214006227
2026-03-05 19:33:45,883  INFO  Epoch #12: loss=0.44554778922293053
2026-03-05 19:34:27,247  INFO  Epoch #13: loss=0.4183568692012648
2026-03-05 19:35:08,146  INFO  Epoch #14: loss=0.48632175685023543
2026-03-05 19:35:49,662  INFO  Epoch #15: loss=0.36978046071888815
2026-03-05 19:36:30,811  INFO  Epoch #16: loss=0.37391195547341105
2026-03-05 19:37:11,606  INFO  Epoch #17: loss=0.4027982767502866
2026-03-05 19:37:51,915  INFO  Epoch #18: loss=0.40177560260697226
2026-03-05 19:38:33,225  INFO  Epoch #19: loss=0.37880454073898756
2026-03-05 19:39:14,501  INFO  Epoch #20: loss=0.3748868956937263
2026-03-05 19:39:56,256  INFO  Epoch #21: loss=0.34713826197475645
2026-03-05 19:40:37,940  INFO  Epoch #22: loss=0.3652541532588364
2026-03-05 19:41:19,416  INFO  Epoch #23: loss=0.2921630813735514
2026-03-05 19:42:00,186  INFO  Epoch #24: loss=0.3394995546296014
2026-03-05 19:42:41,116  INFO  Epoch #25: loss=0.35906862624775826
2026-03-05 19:43:22,318  INFO  Epoch #26: loss=0.3087608342681398
2026-03-05 19:44:04,051  INFO  Epoch #27: loss=0.3212051204401045
2026-03-05 19:44:45,456  INFO  Epoch #28: loss=0.28093302188132274
2026-03-05 19:45:27,052  INFO  Epoch #29: loss=0.3803080617258297
2026-03-05 19:46:08,641  INFO  Epoch #30: loss=0.25287543961675324
2026-03-05 19:46:50,422  INFO  Epoch #31: loss=0.31508674470698417
2026-03-05 19:47:31,300  INFO  Epoch #32: loss=0.35186562415717837
2026-03-05 19:48:12,924  INFO  Epoch #33: loss=0.31277971439550273
2026-03-05 19:48:54,986  INFO  Epoch #34: loss=0.24456580522371896
2026-03-05 19:49:35,622  INFO  Epoch #35: loss=0.34546051672355615
2026-03-05 19:50:17,629  INFO  Epoch #36: loss=0.2806473444379754
2026-03-05 19:50:57,979  INFO  Epoch #37: loss=0.31355096055335135
2026-03-05 19:51:38,846  INFO  Epoch #38: loss=0.2720990730589958
2026-03-05 19:52:19,416  INFO  Epoch #39: loss=0.24046993014126566
2026-03-05 19:53:01,006  INFO  Epoch #40: loss=0.3150043733155907
2026-03-05 19:53:42,144  INFO  Epoch #41: loss=0.28341200296303737
2026-03-05 19:54:24,546  INFO  Epoch #42: loss=0.3122926831020782
2026-03-05 19:55:07,016  INFO  Epoch #43: loss=0.319161873535445
2026-03-05 19:55:49,081  INFO  Epoch #44: loss=0.2795751292314661
2026-03-05 19:56:30,286  INFO  Epoch #45: loss=0.2804843396996733
2026-03-05 19:57:11,428  INFO  Epoch #46: loss=0.30499365740460366
2026-03-05 19:57:52,606  INFO  Epoch #47: loss=0.24328861203999375
2026-03-05 19:58:33,234  INFO  Epoch #48: loss=0.23068465150181372
2026-03-05 19:59:15,296  INFO  Epoch #49: loss=0.2170739540240573
2026-03-05 19:59:56,857  INFO  Epoch #50: loss=0.2918013094470429
2026-03-05 20:00:37,996  INFO  Epoch #51: loss=0.1990294588645499
2026-03-05 20:01:20,199  INFO  Epoch #52: loss=0.2184916315553476
2026-03-05 20:02:02,011  INFO  Epoch #53: loss=0.2815718352420246
2026-03-05 20:02:45,122  INFO  Epoch #54: loss=0.3736046680890436
2026-03-05 20:03:26,754  INFO  Epoch #55: loss=0.29279138982745273
2026-03-05 20:04:08,131  INFO  Epoch #56: loss=0.2794602088180918
2026-03-05 20:04:49,964  INFO  Epoch #57: loss=0.20963631510435038
2026-03-05 20:05:31,566  INFO  Epoch #58: loss=0.2892599698699
2026-03-05 20:06:12,300  INFO  Epoch #59: loss=0.23594116868835
2026-03-05 20:06:53,524  INFO  Epoch #60: loss=0.31688001781851804
2026-03-05 20:07:34,171  INFO  Epoch #61: loss=0.30956078901063255
2026-03-05 20:08:16,451  INFO  Epoch #62: loss=0.26586159167053114
2026-03-05 20:08:58,842  INFO  Epoch #63: loss=0.25702423722150936
2026-03-05 20:09:40,712  INFO  Epoch #64: loss=0.24933137248583775
2026-03-05 20:10:21,916  INFO  Epoch #65: loss=0.25641740678842345
2026-03-05 20:11:03,420  INFO  Epoch #66: loss=0.24303888188834166
2026-03-05 20:11:45,349  INFO  Epoch #67: loss=0.22919822804367723
2026-03-05 20:12:25,464  INFO  Epoch #68: loss=0.2238879733761052
2026-03-05 20:13:07,276  INFO  Epoch #69: loss=0.2205026732504967
2026-03-05 20:13:49,969  INFO  Epoch #70: loss=0.26358898249852597
2026-03-05 20:14:31,608  INFO  Epoch #71: loss=0.19273939150287278
2026-03-05 20:15:13,078  INFO  Epoch #72: loss=0.22452911536148445
2026-03-05 20:15:54,877  INFO  Epoch #73: loss=0.2565827529559183
2026-03-05 20:16:36,255  INFO  Epoch #74: loss=0.34568332742207014
2026-03-05 20:17:18,354  INFO  Epoch #75: loss=0.2073817830439189
2026-03-05 20:18:00,071  INFO  Epoch #76: loss=0.24088189133148097
2026-03-05 20:18:41,438  INFO  Epoch #77: loss=0.23049051155471922
2026-03-05 20:19:23,902  INFO  Epoch #78: loss=0.22697598979476108
2026-03-05 20:20:05,285  INFO  Epoch #79: loss=0.22246910743976958
2026-03-05 20:20:46,754  INFO  Epoch #80: loss=0.20213879654230785
2026-03-05 20:21:27,057  INFO  Epoch #81: loss=0.3053650177603391
2026-03-05 20:22:07,561  INFO  Epoch #82: loss=0.22298105615167763
2026-03-05 20:22:49,615  INFO  Epoch #83: loss=0.28434016271002927
2026-03-05 20:23:31,457  INFO  Epoch #84: loss=0.24481758104646625
2026-03-05 20:24:12,767  INFO  Epoch #85: loss=0.30444023207803467
2026-03-05 20:24:54,590  INFO  Epoch #86: loss=0.2434082335450841
2026-03-05 20:25:37,459  INFO  Epoch #87: loss=0.2032592038450828
2026-03-05 20:26:20,048  INFO  Epoch #88: loss=0.17604616357378625
2026-03-05 20:27:00,832  INFO  Epoch #89: loss=0.20888349992321364
2026-03-05 20:27:42,744  INFO  Epoch #90: loss=0.34311384604729
2026-03-05 20:28:24,710  INFO  Epoch #91: loss=0.2375241802378216
2026-03-05 20:29:07,186  INFO  Epoch #92: loss=0.21330546380849041
2026-03-05 20:29:48,956  INFO  Epoch #93: loss=0.26517647907287634
2026-03-05 20:30:30,776  INFO  Epoch #94: loss=0.21118345094760457
2026-03-05 20:31:12,400  INFO  Epoch #95: loss=0.20655281002160591
2026-03-05 20:31:53,882  INFO  Epoch #96: loss=0.2548718816371419
2026-03-05 20:32:35,638  INFO  Epoch #97: loss=0.24079473979359295
2026-03-05 20:33:17,618  INFO  Epoch #98: loss=0.21302770282230785
2026-03-05 20:33:58,610  INFO  Epoch #99: loss=0.2049653988574917
2026-03-05 20:33:58,618  INFO  Training done. Final loss: 0.204965
2026-03-05 20:33:58,673  INFO  Model saved to /home/mahmudm2/codebase/RollingWheels/Scripts/ts2vec/ts2vec_accelerometer.pth
2026-03-05 20:33:58,687  INFO  Loss log saved to /home/mahmudm2/codebase/RollingWheels/Scripts/ts2vec/ts2vec_loss_log.csv
2026-03-05 20:33:58,687  INFO  [4] Generating embeddings
2026-03-05 20:33:58,687  INFO  Generating embeddings for train (shape=(6376, 1024, 3))...
2026-03-05 20:34:01,778  INFO  Embeddings shape for train: (6376, 1024)
2026-03-05 20:34:01,784  INFO  Generating embeddings for test (shape=(1586, 1024, 3))...
2026-03-05 20:34:02,555  INFO  Embeddings shape for test: (1586, 1024)
2026-03-05 20:34:02,628  INFO  Embeddings saved.
2026-03-05 20:34:02,629  INFO  [5] PCA reduction (variance=0.95)
2026-03-05 20:34:03,543  INFO  PCA: 1024d → 437d (explained_var=0.950)
2026-03-05 20:34:03,579  INFO  [6] Best-K sweep: K=10..14  (n_classes=12)
2026-03-05 20:34:09,862  INFO    K=10  silhouette=0.1528
2026-03-05 20:34:15,857  INFO    K=11  silhouette=0.1391
2026-03-05 20:34:21,956  INFO    K=12  silhouette=0.1380
2026-03-05 20:34:27,812  INFO    K=13  silhouette=0.1281
2026-03-05 20:34:33,749  INFO    K=14  silhouette=0.1267
2026-03-05 20:34:33,749  INFO  Best K=10  silhouette=0.1528
2026-03-05 20:34:33,749  INFO  [7] Clustering with K=10 (KMeans / Agglomerative / GMM)
2026-03-05 20:35:09,739  INFO  K-Means cluster → majority surface (train):
2026-03-05 20:35:09,744  INFO    cluster  0 → surface_id=7  (633 windows)
2026-03-05 20:35:09,744  INFO    cluster  1 → surface_id=10  (416 windows)
2026-03-05 20:35:09,744  INFO    cluster  2 → surface_id=6  (679 windows)
2026-03-05 20:35:09,745  INFO    cluster  3 → surface_id=11  (392 windows)
2026-03-05 20:35:09,745  INFO    cluster  4 → surface_id=12  (512 windows)
2026-03-05 20:35:09,745  INFO    cluster  5 → surface_id=8  (781 windows)
2026-03-05 20:35:09,745  INFO    cluster  6 → surface_id=2  (841 windows)
2026-03-05 20:35:09,746  INFO    cluster  7 → surface_id=6  (895 windows)
2026-03-05 20:35:09,746  INFO    cluster  8 → surface_id=3  (914 windows)
2026-03-05 20:35:09,746  INFO    cluster  9 → surface_id=4  (313 windows)
2026-03-05 20:35:09,746  INFO  [8] Metrics
2026-03-05 20:35:11,001  INFO  
── TRAIN ──
        Silhouette     DB       CH    ARI    NMI
KMeans      0.1528 1.8946 823.2680 0.1537 0.3459
Agg         0.2427 1.5388 503.0507 0.1217 0.3076
GMM         0.1388 1.9877 818.6859 0.1394 0.3152
2026-03-05 20:35:11,153  INFO  
── TEST ──
        Silhouette     DB       CH    ARI    NMI
KMeans      0.1542 1.8763 208.7010 0.1595 0.3667
Agg         0.2267 1.5186 139.9965 0.1258 0.3189
GMM         0.0682 1.7495 146.0342 0.0846 0.2458
2026-03-05 20:35:11,154  INFO  Generalisation gap (train ARI − test ARI):
2026-03-05 20:35:11,649  INFO    KMeans  train=0.1537  test=0.1595  gap=-0.0058  [good]
2026-03-05 20:35:12,213  INFO    Agg  train=0.1217  test=0.1258  gap=-0.0040  [good]
2026-03-05 20:35:12,746  INFO    GMM  train=0.1394  test=0.0846  gap=+0.0548  [good]
2026-03-05 20:35:12,746  INFO  [9] Saving predictions
2026-03-05 20:35:12,751  INFO  Test predictions saved to /home/mahmudm2/codebase/RollingWheels/Scripts/ts2vec/ts2vec_test_predictions.csv  (1586 rows)
2026-03-05 20:35:12,757  INFO  Train predictions saved to /home/mahmudm2/codebase/RollingWheels/Scripts/ts2vec/ts2vec_train_predictions.csv  (6376 rows)
2026-03-05 20:35:12,758  INFO  === Done ===
