2026-03-07 21:35:47  INFO      Log file: /home/mahmudm2/codebase/RollingWheels/Scripts/attention_simple/logs/run_20260307_213547_26_unsup.log
2026-03-07 21:35:47  INFO      Device: cuda
2026-03-07 21:35:47  INFO      Run timestamp: 20260307_213547
2026-03-07 21:35:47  INFO      
[1] Load all windowed data (no labels) — global normalisation
2026-03-07 21:35:47  INFO        Loading: ../../Datasets/ExtractedFeatures/labeled_accelerometer_raw_windows.csv
2026-03-07 21:35:53  INFO        Rows: 8153088  Windows: 7962
2026-03-07 21:35:53  INFO        Auto-detected sensor columns: ['valueX', 'valueY', 'valueZ']
2026-03-07 21:35:56  INFO        Loading: ../../Datasets/ExtractedFeatures/unlabeled_accelerometer_raw_windows.csv
2026-03-07 21:36:06  INFO        Rows: 24242176  Windows: 23674
2026-03-07 21:36:06  INFO        Auto-detected sensor columns: ['valueX', 'valueY', 'valueZ']
2026-03-07 21:36:15  INFO        Total windows: 31636  Channels: 3  T: 1024  Cols: ['valueX', 'valueY', 'valueZ']
2026-03-07 21:36:16  INFO        Global norm  mean=-0.0017  std=0.7472
2026-03-07 21:36:16  INFO        Train: 25309  Test: 6327
2026-03-07 21:36:16  INFO        Window length T=1024  Channels=3
2026-03-07 21:36:16  INFO      
[2] Train VibClustNet (time + spectral + VICReg loss)
2026-03-07 21:36:17  INFO        Parameters: 606,036
2026-03-07 21:36:46  INFO        [VCN]   1/150  loss=237.3683  val=544.2121  (t=0.277 s=446.121 var=0.343 cov=5.465)  lr=1.00e-03 *
2026-03-07 21:37:14  INFO        [VCN]   2/150  loss=178.7000  val=319.2858  (t=0.275 s=335.331 var=0.238 cov=4.811)  lr=1.00e-03 *
2026-03-07 21:37:42  INFO        [VCN]   3/150  loss=162.5572  val=199.0210  (t=0.275 s=306.082 var=0.162 cov=5.190)  lr=1.00e-03 *
2026-03-07 21:38:09  INFO        [VCN]   4/150  loss=155.6884  val=196.1220  (t=0.275 s=295.035 var=0.111 cov=5.119)  lr=1.00e-03 *
2026-03-07 21:38:37  INFO        [VCN]   5/150  loss=152.4746  val=201.8300  (t=0.277 s=290.522 var=0.087 cov=4.768)  lr=1.00e-03
2026-03-07 21:39:04  INFO        [VCN]   6/150  loss=150.3386  val=201.4946  (t=0.278 s=287.333 var=0.072 cov=4.593)  lr=1.00e-03
2026-03-07 21:39:32  INFO        [VCN]   7/150  loss=149.4683  val=191.7791  (t=0.278 s=286.526 var=0.065 cov=4.304)  lr=1.00e-03 *
2026-03-07 21:39:59  INFO        [VCN]   8/150  loss=147.2760  val=192.3680  (t=0.279 s=283.101 var=0.057 cov=4.023)  lr=1.00e-03
2026-03-07 21:40:26  INFO        [VCN]   9/150  loss=145.6873  val=185.6673  (t=0.279 s=280.327 var=0.052 cov=3.948)  lr=1.00e-03 *
2026-03-07 21:40:54  INFO        [VCN]  10/150  loss=144.4727  val=198.6678  (t=0.279 s=278.457 var=0.048 cov=3.777)  lr=1.00e-03
2026-03-07 21:41:21  INFO        [VCN]  11/150  loss=144.9101  val=237.5211  (t=0.279 s=279.827 var=0.044 cov=3.627)  lr=1.00e-03
2026-03-07 21:41:49  INFO        [VCN]  12/150  loss=144.7904  val=182.1138  (t=0.280 s=279.896 var=0.042 cov=3.518)  lr=1.00e-03 *
2026-03-07 21:42:16  INFO        [VCN]  13/150  loss=143.4146  val=186.7069  (t=0.280 s=277.528 var=0.039 cov=3.398)  lr=1.00e-03
2026-03-07 21:42:43  INFO        [VCN]  14/150  loss=144.4088  val=197.6426  (t=0.281 s=279.710 var=0.038 cov=3.335)  lr=1.00e-03
2026-03-07 21:43:11  INFO        [VCN]  15/150  loss=143.5670  val=188.8603  (t=0.281 s=278.271 var=0.037 cov=3.238)  lr=1.00e-03
2026-03-07 21:43:38  INFO        [VCN]  16/150  loss=142.4798  val=179.0402  (t=0.281 s=276.440 var=0.035 cov=3.112)  lr=1.00e-03 *
2026-03-07 21:44:06  INFO        [VCN]  17/150  loss=142.0853  val=180.4322  (t=0.282 s=275.825 var=0.034 cov=3.049)  lr=1.00e-03
2026-03-07 21:44:33  INFO        [VCN]  18/150  loss=141.8445  val=183.2223  (t=0.281 s=275.633 var=0.031 cov=2.967)  lr=1.00e-03
2026-03-07 21:45:00  INFO        [VCN]  19/150  loss=139.7653  val=187.7169  (t=0.281 s=271.563 var=0.031 cov=2.925)  lr=1.00e-03
2026-03-07 21:45:28  INFO        [VCN]  20/150  loss=139.6044  val=195.3106  (t=0.281 s=271.395 var=0.031 cov=2.860)  lr=1.00e-03
2026-03-07 21:45:55  INFO        [VCN]  21/150  loss=139.4091  val=179.0746  (t=0.282 s=271.217 var=0.029 cov=2.791)  lr=1.00e-03
2026-03-07 21:46:23  INFO        [VCN]  22/150  loss=139.5403  val=206.7996  (t=0.281 s=271.635 var=0.028 cov=2.734)  lr=1.00e-03
2026-03-07 21:46:50  INFO        [VCN]  23/150  loss=138.7078  val=200.8333  (t=0.281 s=270.115 var=0.027 cov=2.682)  lr=1.00e-03
2026-03-07 21:47:17  INFO        [VCN]  24/150  loss=141.1690  val=179.9754  (t=0.282 s=275.113 var=0.026 cov=2.672)  lr=1.00e-03
2026-03-07 21:47:45  INFO        [VCN]  25/150  loss=139.1211  val=178.6382  (t=0.282 s=271.127 var=0.026 cov=2.622)  lr=1.00e-03 *
2026-03-07 21:48:12  INFO        [VCN]  26/150  loss=137.9683  val=174.9968  (t=0.282 s=268.967 var=0.025 cov=2.573)  lr=1.00e-03 *
2026-03-07 21:48:40  INFO        [VCN]  27/150  loss=138.4881  val=270.7953  (t=0.282 s=270.065 var=0.025 cov=2.552)  lr=1.00e-03
2026-03-07 21:49:07  INFO        [VCN]  28/150  loss=138.3798  val=184.3733  (t=0.282 s=269.993 var=0.024 cov=2.490)  lr=1.00e-03
2026-03-07 21:49:35  INFO        [VCN]  29/150  loss=137.4398  val=173.7995  (t=0.282 s=268.226 var=0.024 cov=2.451)  lr=1.00e-03 *
2026-03-07 21:50:02  INFO        [VCN]  30/150  loss=137.3341  val=175.5252  (t=0.282 s=268.063 var=0.024 cov=2.432)  lr=1.00e-03
2026-03-07 21:50:30  INFO        [VCN]  31/150  loss=137.0742  val=182.9446  (t=0.282 s=267.716 var=0.022 cov=2.389)  lr=1.00e-03
2026-03-07 21:50:57  INFO        [VCN]  32/150  loss=136.7671  val=220.8783  (t=0.282 s=267.148 var=0.022 cov=2.350)  lr=1.00e-03
2026-03-07 21:51:25  INFO        [VCN]  33/150  loss=136.7657  val=177.6005  (t=0.282 s=267.181 var=0.022 cov=2.349)  lr=1.00e-03
2026-03-07 21:51:52  INFO        [VCN]  34/150  loss=137.4038  val=177.9862  (t=0.282 s=268.514 var=0.022 cov=2.303)  lr=1.00e-03
2026-03-07 21:52:19  INFO        [VCN]  35/150  loss=136.6866  val=174.7710  (t=0.282 s=267.161 var=0.021 cov=2.299)  lr=1.00e-03
2026-03-07 21:52:47  INFO        [VCN]  36/150  loss=136.3065  val=186.2142  (t=0.282 s=266.525 var=0.020 cov=2.252)  lr=1.00e-03
2026-03-07 21:53:14  INFO        [VCN]  37/150  loss=136.2425  val=174.8448  (t=0.282 s=266.417 var=0.021 cov=2.237)  lr=1.00e-03
2026-03-07 21:53:42  INFO        [VCN]  38/150  loss=135.7803  val=174.4859  (t=0.282 s=265.576 var=0.020 cov=2.221)  lr=1.00e-03
2026-03-07 21:54:09  INFO        [VCN]  39/150  loss=135.7127  val=173.8664  (t=0.282 s=265.421 var=0.020 cov=2.211)  lr=1.00e-03
2026-03-07 21:54:37  INFO        [VCN]  40/150  loss=135.7870  val=178.7733  (t=0.282 s=265.687 var=0.019 cov=2.183)  lr=1.00e-03
2026-03-07 21:55:04  INFO        [VCN]  41/150  loss=136.1651  val=266.6462  (t=0.282 s=266.427 var=0.019 cov=2.195)  lr=1.00e-03
2026-03-07 21:55:32  INFO        [VCN]  42/150  loss=136.5994  val=187.6389  (t=0.283 s=267.368 var=0.019 cov=2.161)  lr=1.00e-03
2026-03-07 21:55:59  INFO        [VCN]  43/150  loss=135.5511  val=175.5579  (t=0.282 s=265.337 var=0.019 cov=2.125)  lr=1.00e-03
2026-03-07 21:56:26  INFO        [VCN]  44/150  loss=135.2821  val=172.9395  (t=0.282 s=264.832 var=0.018 cov=2.132)  lr=1.00e-03 *
2026-03-07 21:56:54  INFO        [VCN]  45/150  loss=135.1867  val=196.8263  (t=0.282 s=264.690 var=0.018 cov=2.107)  lr=1.00e-03
2026-03-07 21:57:21  INFO        [VCN]  46/150  loss=135.0678  val=179.4367  (t=0.282 s=264.525 var=0.018 cov=2.074)  lr=1.00e-03
2026-03-07 21:57:49  INFO        [VCN]  47/150  loss=135.2060  val=180.4798  (t=0.282 s=264.831 var=0.018 cov=2.070)  lr=1.00e-03
2026-03-07 21:58:16  INFO        [VCN]  48/150  loss=134.6306  val=175.6694  (t=0.283 s=263.707 var=0.018 cov=2.049)  lr=1.00e-03
2026-03-07 21:58:44  INFO        [VCN]  49/150  loss=132.6587  val=176.0852  (t=0.282 s=259.687 var=0.018 cov=2.085)  lr=1.00e-03
2026-03-07 21:59:11  INFO        [VCN]  50/150  loss=134.8756  val=181.2794  (t=0.283 s=264.184 var=0.017 cov=2.065)  lr=1.00e-03
2026-03-07 21:59:38  INFO        [VCN]  51/150  loss=134.8838  val=175.6243  (t=0.283 s=264.295 var=0.017 cov=2.031)  lr=1.00e-03
2026-03-07 22:00:06  INFO        [VCN]  52/150  loss=134.4019  val=173.0278  (t=0.283 s=263.344 var=0.016 cov=2.036)  lr=1.00e-03
2026-03-07 22:00:33  INFO        [VCN]  53/150  loss=134.8413  val=173.6598  (t=0.283 s=264.227 var=0.017 cov=2.013)  lr=1.00e-03
2026-03-07 22:01:01  INFO        [VCN]  54/150  loss=134.7573  val=261.3713  (t=0.283 s=264.115 var=0.017 cov=2.004)  lr=1.00e-03
2026-03-07 22:01:28  INFO        [VCN]  55/150  loss=137.1179  val=181.3481  (t=0.283 s=268.725 var=0.016 cov=2.061)  lr=1.00e-03
2026-03-07 22:01:56  INFO        [VCN]  56/150  loss=135.0892  val=171.6925  (t=0.283 s=264.751 var=0.017 cov=2.017)  lr=1.00e-03 *
2026-03-07 22:02:23  INFO        [VCN]  57/150  loss=134.9461  val=177.2209  (t=0.283 s=264.516 var=0.016 cov=2.006)  lr=1.00e-03
2026-03-07 22:02:51  INFO        [VCN]  58/150  loss=135.0609  val=170.8458  (t=0.283 s=264.784 var=0.016 cov=1.979)  lr=1.00e-03 *
2026-03-07 22:03:18  INFO        [VCN]  59/150  loss=134.3809  val=171.9836  (t=0.283 s=263.464 var=0.016 cov=1.958)  lr=1.00e-03
2026-03-07 22:03:46  INFO        [VCN]  60/150  loss=134.2276  val=176.4940  (t=0.283 s=263.119 var=0.017 cov=1.963)  lr=1.00e-03
2026-03-07 22:04:13  INFO        [VCN]  61/150  loss=133.7231  val=175.5717  (t=0.283 s=262.155 var=0.016 cov=1.964)  lr=1.00e-03
2026-03-07 22:04:41  INFO        [VCN]  62/150  loss=134.1180  val=179.2409  (t=0.283 s=262.976 var=0.016 cov=1.953)  lr=1.00e-03
2026-03-07 22:05:08  INFO        [VCN]  63/150  loss=133.9616  val=177.4657  (t=0.283 s=262.683 var=0.016 cov=1.939)  lr=1.00e-03
2026-03-07 22:05:36  INFO        [VCN]  64/150  loss=134.2720  val=173.3582  (t=0.283 s=263.277 var=0.016 cov=1.958)  lr=1.00e-03
2026-03-07 22:06:03  INFO        [VCN]  65/150  loss=133.8386  val=174.8692  (t=0.283 s=262.479 var=0.016 cov=1.915)  lr=1.00e-03
2026-03-07 22:06:31  INFO        [VCN]  66/150  loss=133.6478  val=198.4916  (t=0.283 s=262.158 var=0.015 cov=1.914)  lr=1.00e-03
2026-03-07 22:06:59  INFO        [VCN]  67/150  loss=134.1930  val=172.2267  (t=0.283 s=263.252 var=0.015 cov=1.906)  lr=1.00e-03
2026-03-07 22:07:27  INFO        [VCN]  68/150  loss=133.8633  val=172.2781  (t=0.283 s=262.507 var=0.015 cov=1.941)  lr=1.00e-03
2026-03-07 22:07:54  INFO        [VCN]  69/150  loss=133.6781  val=174.4155  (t=0.283 s=262.222 var=0.015 cov=1.902)  lr=1.00e-03
2026-03-07 22:08:22  INFO        [VCN]  70/150  loss=133.4716  val=173.1331  (t=0.283 s=261.845 var=0.015 cov=1.889)  lr=1.00e-03
2026-03-07 22:08:49  INFO        [VCN]  71/150  loss=133.7843  val=179.7553  (t=0.283 s=262.468 var=0.015 cov=1.882)  lr=1.00e-03
2026-03-07 22:09:17  INFO        [VCN]  72/150  loss=133.6514  val=172.3605  (t=0.284 s=262.168 var=0.016 cov=1.893)  lr=1.00e-03
2026-03-07 22:09:44  INFO        [VCN]  73/150  loss=133.5290  val=181.5063  (t=0.283 s=261.949 var=0.015 cov=1.884)  lr=1.00e-03
2026-03-07 22:10:12  INFO        [VCN]  74/150  loss=133.1771  val=181.3513  (t=0.284 s=261.341 var=0.015 cov=1.860)  lr=5.00e-04
2026-03-07 22:10:40  INFO        [VCN]  75/150  loss=132.1661  val=171.7038  (t=0.284 s=259.425 var=0.014 cov=1.820)  lr=5.00e-04
2026-03-07 22:11:08  INFO        [VCN]  76/150  loss=131.9200  val=174.1754  (t=0.284 s=258.924 var=0.014 cov=1.820)  lr=5.00e-04
2026-03-07 22:11:36  INFO        [VCN]  77/150  loss=131.8982  val=170.8249  (t=0.284 s=258.934 var=0.013 cov=1.811)  lr=5.00e-04 *
2026-03-07 22:12:04  INFO        [VCN]  78/150  loss=131.7421  val=173.5222  (t=0.284 s=258.676 var=0.013 cov=1.798)  lr=5.00e-04
2026-03-07 22:12:32  INFO        [VCN]  79/150  loss=131.5552  val=171.5684  (t=0.284 s=258.322 var=0.013 cov=1.786)  lr=5.00e-04
2026-03-07 22:12:59  INFO        [VCN]  80/150  loss=131.5256  val=172.7524  (t=0.284 s=258.255 var=0.013 cov=1.782)  lr=5.00e-04
2026-03-07 22:13:27  INFO        [VCN]  81/150  loss=131.5815  val=173.2249  (t=0.284 s=258.384 var=0.013 cov=1.777)  lr=5.00e-04
2026-03-07 22:13:55  INFO        [VCN]  82/150  loss=131.4526  val=171.5417  (t=0.284 s=258.098 var=0.014 cov=1.775)  lr=5.00e-04
2026-03-07 22:14:23  INFO        [VCN]  83/150  loss=131.4688  val=172.7924  (t=0.284 s=258.196 var=0.013 cov=1.751)  lr=5.00e-04
2026-03-07 22:14:51  INFO        [VCN]  84/150  loss=131.2495  val=175.4781  (t=0.284 s=257.759 var=0.013 cov=1.758)  lr=5.00e-04
2026-03-07 22:15:18  INFO        [VCN]  85/150  loss=131.2485  val=172.3813  (t=0.284 s=257.752 var=0.013 cov=1.764)  lr=5.00e-04
2026-03-07 22:15:46  INFO        [VCN]  86/150  loss=130.9584  val=172.3694  (t=0.284 s=257.207 var=0.013 cov=1.749)  lr=5.00e-04
2026-03-07 22:16:14  INFO        [VCN]  87/150  loss=130.8757  val=175.9649  (t=0.284 s=257.053 var=0.013 cov=1.752)  lr=5.00e-04
2026-03-07 22:16:42  INFO        [VCN]  88/150  loss=129.9650  val=174.5464  (t=0.284 s=255.137 var=0.013 cov=1.779)  lr=5.00e-04
2026-03-07 22:17:10  INFO        [VCN]  89/150  loss=128.8799  val=177.4000  (t=0.284 s=252.965 var=0.013 cov=1.794)  lr=5.00e-04
2026-03-07 22:17:38  INFO        [VCN]  90/150  loss=128.2327  val=181.4693  (t=0.284 s=251.658 var=0.013 cov=1.802)  lr=5.00e-04
2026-03-07 22:18:05  INFO        [VCN]  91/150  loss=128.8483  val=169.9598  (t=0.285 s=252.859 var=0.013 cov=1.815)  lr=5.00e-04 *
2026-03-07 22:18:33  INFO        [VCN]  92/150  loss=128.9216  val=169.0637  (t=0.284 s=253.015 var=0.013 cov=1.807)  lr=5.00e-04 *
2026-03-07 22:19:01  INFO        [VCN]  93/150  loss=126.4944  val=170.0132  (t=0.284 s=248.150 var=0.013 cov=1.816)  lr=5.00e-04
2026-03-07 22:19:29  INFO        [VCN]  94/150  loss=127.8622  val=181.2544  (t=0.285 s=250.901 var=0.013 cov=1.808)  lr=5.00e-04
2026-03-07 22:19:57  INFO        [VCN]  95/150  loss=127.1423  val=174.6873  (t=0.285 s=249.473 var=0.013 cov=1.802)  lr=5.00e-04
2026-03-07 22:20:25  INFO        [VCN]  96/150  loss=126.8267  val=167.0568  (t=0.285 s=248.832 var=0.013 cov=1.799)  lr=5.00e-04 *
2026-03-07 22:20:52  INFO        [VCN]  97/150  loss=126.3499  val=167.5413  (t=0.285 s=247.861 var=0.013 cov=1.819)  lr=5.00e-04
2026-03-07 22:21:20  INFO        [VCN]  98/150  loss=126.4200  val=179.6004  (t=0.285 s=248.051 var=0.013 cov=1.785)  lr=5.00e-04
2026-03-07 22:21:48  INFO        [VCN]  99/150  loss=127.8068  val=185.9408  (t=0.285 s=250.847 var=0.013 cov=1.781)  lr=5.00e-04
2026-03-07 22:22:16  INFO        [VCN] 100/150  loss=125.9707  val=165.4355  (t=0.285 s=247.228 var=0.012 cov=1.760)  lr=5.00e-04 *
2026-03-07 22:22:43  INFO        [VCN] 101/150  loss=125.3976  val=161.9255  (t=0.285 s=245.999 var=0.013 cov=1.792)  lr=5.00e-04 *
2026-03-07 22:23:11  INFO        [VCN] 102/150  loss=123.1395  val=167.1450  (t=0.285 s=241.484 var=0.013 cov=1.797)  lr=5.00e-04
2026-03-07 22:23:39  INFO        [VCN] 103/150  loss=123.0825  val=173.5498  (t=0.285 s=241.305 var=0.013 cov=1.819)  lr=5.00e-04
2026-03-07 22:24:07  INFO        [VCN] 104/150  loss=126.1998  val=159.6222  (t=0.285 s=247.623 var=0.013 cov=1.786)  lr=5.00e-04 *
2026-03-07 22:24:34  INFO        [VCN] 105/150  loss=124.1909  val=180.9097  (t=0.285 s=243.477 var=0.013 cov=1.841)  lr=5.00e-04
2026-03-07 22:25:02  INFO        [VCN] 106/150  loss=121.7489  val=188.6082  (t=0.285 s=238.653 var=0.012 cov=1.827)  lr=5.00e-04
2026-03-07 22:25:30  INFO        [VCN] 107/150  loss=123.6420  val=158.9723  (t=0.285 s=242.505 var=0.012 cov=1.793)  lr=5.00e-04 *
2026-03-07 22:25:57  INFO        [VCN] 108/150  loss=121.0799  val=176.1005  (t=0.285 s=237.352 var=0.013 cov=1.798)  lr=5.00e-04
2026-03-07 22:26:25  INFO        [VCN] 109/150  loss=123.6988  val=161.6139  (t=0.285 s=242.692 var=0.013 cov=1.753)  lr=5.00e-04
2026-03-07 22:26:53  INFO        [VCN] 110/150  loss=122.1532  val=167.8506  (t=0.285 s=239.523 var=0.012 cov=1.796)  lr=5.00e-04
2026-03-07 22:27:21  INFO        [VCN] 111/150  loss=121.9347  val=183.5145  (t=0.285 s=239.095 var=0.013 cov=1.782)  lr=5.00e-04
2026-03-07 22:27:48  INFO        [VCN] 112/150  loss=120.7002  val=165.9595  (t=0.286 s=236.703 var=0.012 cov=1.755)  lr=5.00e-04
2026-03-07 22:28:16  INFO        [VCN] 113/150  loss=121.6584  val=172.0007  (t=0.285 s=238.617 var=0.012 cov=1.766)  lr=5.00e-04
2026-03-07 22:28:44  INFO        [VCN] 114/150  loss=123.0564  val=160.9426  (t=0.285 s=241.391 var=0.012 cov=1.767)  lr=5.00e-04
2026-03-07 22:29:12  INFO        [VCN] 115/150  loss=122.8546  val=166.9637  (t=0.286 s=241.080 var=0.012 cov=1.725)  lr=5.00e-04
2026-03-07 22:29:40  INFO        [VCN] 116/150  loss=120.6572  val=185.2432  (t=0.286 s=236.649 var=0.012 cov=1.739)  lr=5.00e-04
2026-03-07 22:30:07  INFO        [VCN] 117/150  loss=121.7718  val=158.2319  (t=0.286 s=238.853 var=0.013 cov=1.743)  lr=5.00e-04 *
2026-03-07 22:30:35  INFO        [VCN] 118/150  loss=122.4065  val=170.3933  (t=0.286 s=240.170 var=0.012 cov=1.741)  lr=5.00e-04
2026-03-07 22:31:03  INFO        [VCN] 119/150  loss=121.0191  val=160.6662  (t=0.286 s=237.421 var=0.012 cov=1.727)  lr=5.00e-04
2026-03-07 22:31:31  INFO        [VCN] 120/150  loss=121.2867  val=160.1590  (t=0.286 s=237.930 var=0.013 cov=1.718)  lr=5.00e-04
2026-03-07 22:31:58  INFO        [VCN] 121/150  loss=120.4676  val=160.6261  (t=0.286 s=236.265 var=0.012 cov=1.738)  lr=5.00e-04
2026-03-07 22:32:26  INFO        [VCN] 122/150  loss=119.7334  val=179.8259  (t=0.286 s=234.872 var=0.012 cov=1.712)  lr=5.00e-04
2026-03-07 22:32:54  INFO        [VCN] 123/150  loss=123.7040  val=168.4486  (t=0.286 s=242.755 var=0.012 cov=1.740)  lr=5.00e-04
2026-03-07 22:33:22  INFO        [VCN] 124/150  loss=120.5083  val=155.8350  (t=0.286 s=236.405 var=0.012 cov=1.718)  lr=5.00e-04 *
2026-03-07 22:33:49  INFO        [VCN] 125/150  loss=121.6659  val=173.6960  (t=0.286 s=238.740 var=0.012 cov=1.702)  lr=5.00e-04
2026-03-07 22:34:17  INFO        [VCN] 126/150  loss=121.5006  val=157.7950  (t=0.286 s=238.405 var=0.012 cov=1.706)  lr=5.00e-04
2026-03-07 22:34:45  INFO        [VCN] 127/150  loss=122.3860  val=162.4213  (t=0.286 s=240.218 var=0.012 cov=1.689)  lr=5.00e-04
2026-03-07 22:35:13  INFO        [VCN] 128/150  loss=120.8340  val=154.7331  (t=0.286 s=237.140 var=0.012 cov=1.680)  lr=5.00e-04 *
2026-03-07 22:35:40  INFO        [VCN] 129/150  loss=121.8972  val=158.0798  (t=0.286 s=239.252 var=0.012 cov=1.686)  lr=5.00e-04
2026-03-07 22:36:08  INFO        [VCN] 130/150  loss=120.7447  val=154.4577  (t=0.286 s=236.898 var=0.012 cov=1.712)  lr=5.00e-04 *
2026-03-07 22:36:36  INFO        [VCN] 131/150  loss=120.4443  val=158.1797  (t=0.286 s=236.267 var=0.013 cov=1.709)  lr=5.00e-04
2026-03-07 22:37:04  INFO        [VCN] 132/150  loss=120.2811  val=158.4473  (t=0.286 s=235.973 var=0.013 cov=1.695)  lr=5.00e-04
2026-03-07 22:37:31  INFO        [VCN] 133/150  loss=120.0841  val=160.1208  (t=0.287 s=235.601 var=0.012 cov=1.693)  lr=5.00e-04
2026-03-07 22:37:59  INFO        [VCN] 134/150  loss=119.7384  val=172.9224  (t=0.287 s=234.933 var=0.012 cov=1.685)  lr=5.00e-04
2026-03-07 22:38:27  INFO        [VCN] 135/150  loss=121.3764  val=171.2044  (t=0.287 s=238.285 var=0.012 cov=1.651)  lr=5.00e-04
2026-03-07 22:38:55  INFO        [VCN] 136/150  loss=121.3101  val=160.2371  (t=0.287 s=238.165 var=0.012 cov=1.641)  lr=5.00e-04
2026-03-07 22:39:23  INFO        [VCN] 137/150  loss=120.0383  val=165.3137  (t=0.287 s=235.615 var=0.012 cov=1.634)  lr=5.00e-04
2026-03-07 22:39:51  INFO        [VCN] 138/150  loss=122.9548  val=159.1867  (t=0.287 s=241.378 var=0.012 cov=1.668)  lr=5.00e-04
2026-03-07 22:40:18  INFO        [VCN] 139/150  loss=120.3688  val=157.2103  (t=0.287 s=236.204 var=0.012 cov=1.685)  lr=5.00e-04
2026-03-07 22:40:46  INFO        [VCN] 140/150  loss=119.3585  val=156.6227  (t=0.287 s=234.200 var=0.012 cov=1.667)  lr=5.00e-04
2026-03-07 22:41:14  INFO        [VCN] 141/150  loss=119.9265  val=174.5087  (t=0.287 s=235.343 var=0.012 cov=1.680)  lr=5.00e-04
2026-03-07 22:41:42  INFO        [VCN] 142/150  loss=120.0272  val=160.7474  (t=0.287 s=235.578 var=0.012 cov=1.651)  lr=5.00e-04
2026-03-07 22:42:09  INFO        [VCN] 143/150  loss=118.9661  val=153.2696  (t=0.287 s=233.391 var=0.012 cov=1.681)  lr=5.00e-04 *
2026-03-07 22:42:37  INFO        [VCN] 144/150  loss=119.2644  val=155.0675  (t=0.287 s=234.019 var=0.012 cov=1.666)  lr=5.00e-04
2026-03-07 22:43:05  INFO        [VCN] 145/150  loss=120.3932  val=160.1489  (t=0.287 s=236.258 var=0.012 cov=1.679)  lr=5.00e-04
2026-03-07 22:43:32  INFO        [VCN] 146/150  loss=119.3858  val=155.7330  (t=0.287 s=234.268 var=0.012 cov=1.666)  lr=5.00e-04
2026-03-07 22:44:00  INFO        [VCN] 147/150  loss=119.2495  val=162.9604  (t=0.287 s=234.037 var=0.012 cov=1.654)  lr=5.00e-04
2026-03-07 22:44:28  INFO        [VCN] 148/150  loss=120.1089  val=150.9752  (t=0.287 s=235.705 var=0.012 cov=1.671)  lr=5.00e-04 *
2026-03-07 22:44:56  INFO        [VCN] 149/150  loss=118.6015  val=161.0666  (t=0.287 s=232.705 var=0.012 cov=1.663)  lr=5.00e-04
2026-03-07 22:45:23  INFO        [VCN] 150/150  loss=122.3084  val=154.4586  (t=0.287 s=240.156 var=0.012 cov=1.654)  lr=5.00e-04
2026-03-07 22:45:23  INFO      
[2b] Save model
2026-03-07 22:45:24  INFO        Model state dict saved: /home/mahmudm2/codebase/RollingWheels/Scripts/attention_simple/models/vibclustnet_20260307_213547_state_dict.pth
2026-03-07 22:45:24  INFO        Full model saved      : /home/mahmudm2/codebase/RollingWheels/Scripts/attention_simple/models/vibclustnet_20260307_213547_full.pth
2026-03-07 22:45:24  INFO      
[3] Embed all windows + PCA
2026-03-07 22:45:36  INFO        PCA: 64d → 38d (var=0.961)
2026-03-07 22:45:36  INFO        Train PCA: (25309, 38)  All PCA: (31636, 38)
2026-03-07 22:45:36  INFO      
[4] Select K (silhouette sweep on train embeddings)
2026-03-07 22:45:44  INFO          K= 3  sil=0.1283
2026-03-07 22:45:51  INFO          K= 4  sil=0.1457
2026-03-07 22:45:58  INFO          K= 5  sil=0.1653
2026-03-07 22:46:05  INFO          K= 6  sil=0.1691
2026-03-07 22:46:12  INFO          K= 7  sil=0.1832
2026-03-07 22:46:19  INFO          K= 8  sil=0.2000
2026-03-07 22:46:26  INFO          K= 9  sil=0.2077
2026-03-07 22:46:33  INFO          K=10  sil=0.2157
2026-03-07 22:46:40  INFO          K=11  sil=0.2354
2026-03-07 22:46:47  INFO          K=12  sil=0.2526
2026-03-07 22:46:47  INFO        Best K=12  sil=0.2526
2026-03-07 22:46:47  INFO        Saved figures/26_k_selection_20260307_213547.png
2026-03-07 22:46:47  INFO      
[5] Clustering  K=12
2026-03-07 22:47:51  INFO          SBScan auto-eps=0.5279  (knee idx=23429/25309)
2026-03-07 22:47:52  INFO          SBScan: 11 clusters, 24541 non-noise / 25309 total
2026-03-07 22:48:34  INFO      
[6] Unsupervised metrics (all data)
2026-03-07 22:49:26  INFO      
── ALL DATA — Unsupervised metrics (ARI/NMI vs KMeans pseudo-GT) ──
2026-03-07 22:49:26  INFO      
        Silhouette     DB        CH   Dunn  ARI_vs_KM  NMI_vs_KM
KMeans      0.2514 2.0121 1908.2834 0.2724     1.0000     1.0000
Agg         0.1507 2.3957  951.4370 0.2925     0.3717     0.6075
GMM         0.1307 2.9240 1197.6458 0.2479     0.4011     0.6144
SBScan     -0.1582 1.5093    8.5979 0.3423    -0.0021     0.0031
PSO         0.1535 2.5206 1241.6373 0.2724     0.2656     0.5287
GSA         0.1520 2.6061 1379.4261 0.2023     0.2384     0.4976
2026-03-07 22:49:26  INFO      
[7] Save predictions
2026-03-07 22:49:26  INFO        Predictions saved: /home/mahmudm2/codebase/RollingWheels/Scripts/attention_simple/26_unsupervised_predictions.csv  (31636 windows)
2026-03-07 22:49:26  INFO      
[8] Visualise (t-SNE on all data)
2026-03-07 22:49:26  INFO        Sub-sampled 5000/31636 windows for t-SNE
2026-03-07 22:49:26  INFO        t-SNE [All]...
