2026-03-06 04:33:47  INFO      Log file: /home/mahmudm2/codebase/RollingWheels/Scripts/attention_simple/logs/run_20260306_043347_21_gpu.log
2026-03-06 04:33:47  INFO      Device: cuda
2026-03-06 04:33:47  INFO      Run timestamp: 20260306_043347
2026-03-06 04:33:47  INFO      Figures dir  : /home/mahmudm2/codebase/RollingWheels/Scripts/attention_simple/figures
2026-03-06 04:33:47  INFO      Models dir   : /home/mahmudm2/codebase/RollingWheels/Scripts/attention_simple/models
2026-03-06 04:33:47  INFO      
[0] Surface names
2026-03-06 04:33:47  WARNING     WARNING: [Errno 2] No such file or directory: '../Datasets/surface_types.csv'
2026-03-06 04:33:47  INFO      
[1] Load windowed pkl
2026-03-06 04:33:47  INFO        Loading: ../../Datasets/ExtractedFeatures/labeled_accelerometer_raw_windows.csv
2026-03-06 04:33:51  INFO        Rows: 8153088  Windows: 7962
2026-03-06 04:33:54  INFO      
  Windows: (7962, 3, 1024)  Labels: (7962,)
2026-03-06 04:33:54  INFO        Labeled: 7962  Unlabeled: 0
2026-03-06 04:33:54  INFO        Classes: [0, 1, 2, 3, 4, 6, 7]
2026-03-06 04:33:54  INFO        Stratified split:
2026-03-06 04:33:54  INFO          Surface 0                     :  1109 train   277 test
2026-03-06 04:33:54  INFO          Surface 1                     :   671 train   167 test
2026-03-06 04:33:54  INFO          Surface 2                     :   905 train   226 test
2026-03-06 04:33:54  INFO          Surface 3                     :  1719 train   429 test
2026-03-06 04:33:54  INFO          Surface 4                     :   958 train   239 test
2026-03-06 04:33:54  INFO          Surface 6                     :   454 train   113 test
2026-03-06 04:33:54  INFO          Surface 7                     :   556 train   139 test
2026-03-06 04:33:54  INFO      
[2] Super-class distribution (train):
2026-03-06 04:33:54  INFO          Paving Blocks (Smooth) / Indoor Tile: 1109 windows
2026-03-06 04:33:54  INFO          Concrete Sidewalk             : 671 windows
2026-03-06 04:33:54  INFO          Brick (Smooth + Rough)        : 905 windows
2026-03-06 04:33:54  INFO          Asphalt + Indoor Carpet       : 1719 windows
2026-03-06 04:33:54  INFO          Indoor Linoleum               : 958 windows
2026-03-06 04:33:54  INFO          Curb (Up + Down)              : 454 windows
2026-03-06 04:33:54  INFO          Rect. Tiles / Paving Blocks (Rough): 556 windows
2026-03-06 04:33:54  INFO      
[3] Train VibClustNet autoencoder
2026-03-06 04:33:55  INFO        Parameters: 536,660
2026-03-06 04:34:08  INFO        [VCN]   1/500  train=1.000245  val=1.000005  lr=1.00e-03 *
2026-03-06 04:34:21  INFO        [VCN]   2/500  train=1.000006  val=1.000017  lr=1.00e-03
2026-03-06 04:34:33  INFO        [VCN]   3/500  train=1.000003  val=1.000002  lr=1.00e-03 *
2026-03-06 04:34:45  INFO        [VCN]   4/500  train=1.000003  val=1.000001  lr=1.00e-03 *
2026-03-06 04:34:58  INFO        [VCN]   5/500  train=1.000002  val=1.000017  lr=1.00e-03
2026-03-06 04:35:10  INFO        [VCN]   6/500  train=1.000003  val=1.000005  lr=1.00e-03
2026-03-06 04:35:21  INFO        [VCN]   7/500  train=1.000002  val=1.000001  lr=1.00e-03
2026-03-06 04:35:33  INFO        [VCN]   8/500  train=0.999996  val=1.000002  lr=1.00e-03
2026-03-06 04:35:45  INFO        [VCN]   9/500  train=0.999747  val=0.999551  lr=1.00e-03 *
2026-03-06 04:35:56  INFO        [VCN]  10/500  train=0.999480  val=0.999467  lr=1.00e-03 *
2026-03-06 04:35:59  INFO          NMI (labeled, K=7): 0.1146
2026-03-06 04:36:12  INFO        [VCN]  11/500  train=0.999457  val=0.999477  lr=1.00e-03
2026-03-06 04:36:25  INFO        [VCN]  12/500  train=0.999445  val=0.999499  lr=1.00e-03
2026-03-06 04:36:38  INFO        [VCN]  13/500  train=0.999467  val=0.999704  lr=1.00e-03
2026-03-06 04:36:50  INFO        [VCN]  14/500  train=0.999199  val=0.998997  lr=1.00e-03 *
2026-03-06 04:37:03  INFO        [VCN]  15/500  train=0.998980  val=0.998970  lr=1.00e-03 *
2026-03-06 04:37:16  INFO        [VCN]  16/500  train=0.998916  val=0.998953  lr=1.00e-03 *
2026-03-06 04:37:28  INFO        [VCN]  17/500  train=0.998887  val=0.998950  lr=1.00e-03 *
2026-03-06 04:37:41  INFO        [VCN]  18/500  train=0.998701  val=1.000521  lr=1.00e-03
2026-03-06 04:37:54  INFO        [VCN]  19/500  train=0.999199  val=0.998696  lr=1.00e-03 *
2026-03-06 04:38:06  INFO        [VCN]  20/500  train=0.998502  val=0.998531  lr=1.00e-03 *
2026-03-06 04:38:11  INFO          NMI (labeled, K=7): 0.0091
2026-03-06 04:38:23  INFO        [VCN]  21/500  train=0.998424  val=0.998638  lr=1.00e-03
2026-03-06 04:38:35  INFO        [VCN]  22/500  train=0.998418  val=0.998522  lr=1.00e-03 *
2026-03-06 04:38:48  INFO        [VCN]  23/500  train=0.998397  val=0.998524  lr=1.00e-03
2026-03-06 04:39:01  INFO        [VCN]  24/500  train=0.998381  val=0.998496  lr=1.00e-03 *
2026-03-06 04:39:13  INFO        [VCN]  25/500  train=0.998371  val=0.998504  lr=1.00e-03
2026-03-06 04:39:26  INFO        [VCN]  26/500  train=0.998359  val=0.998490  lr=1.00e-03 *
2026-03-06 04:39:39  INFO        [VCN]  27/500  train=0.998365  val=0.998497  lr=1.00e-03
2026-03-06 04:39:51  INFO        [VCN]  28/500  train=0.998353  val=0.998512  lr=1.00e-03
2026-03-06 04:40:04  INFO        [VCN]  29/500  train=0.998349  val=0.998507  lr=1.00e-03
2026-03-06 04:40:17  INFO        [VCN]  30/500  train=0.998350  val=0.998483  lr=1.00e-03 *
2026-03-06 04:40:20  INFO          NMI (labeled, K=7): 0.0120
2026-03-06 04:40:33  INFO        [VCN]  31/500  train=0.998340  val=0.998488  lr=1.00e-03
2026-03-06 04:40:46  INFO        [VCN]  32/500  train=0.998344  val=0.998477  lr=1.00e-03 *
2026-03-06 04:40:58  INFO        [VCN]  33/500  train=0.998338  val=0.998477  lr=1.00e-03
2026-03-06 04:41:11  INFO        [VCN]  34/500  train=0.998336  val=0.998489  lr=1.00e-03
2026-03-06 04:41:22  INFO        [VCN]  35/500  train=0.998332  val=0.998484  lr=1.00e-03
2026-03-06 04:41:34  INFO        [VCN]  36/500  train=0.998335  val=0.998477  lr=5.00e-04
2026-03-06 04:41:46  INFO        [VCN]  37/500  train=0.998326  val=0.998473  lr=5.00e-04 *
2026-03-06 04:41:59  INFO        [VCN]  38/500  train=0.998325  val=0.998477  lr=5.00e-04
2026-03-06 04:42:12  INFO        [VCN]  39/500  train=0.998323  val=0.998482  lr=5.00e-04
2026-03-06 04:42:24  INFO        [VCN]  40/500  train=0.998324  val=0.998473  lr=5.00e-04
2026-03-06 04:42:28  INFO          NMI (labeled, K=7): 0.0064
2026-03-06 04:42:40  INFO        [VCN]  41/500  train=0.998323  val=0.998473  lr=5.00e-04
2026-03-06 04:42:53  INFO        [VCN]  42/500  train=0.998321  val=0.998469  lr=5.00e-04 *
2026-03-06 04:43:06  INFO        [VCN]  43/500  train=0.998319  val=0.998474  lr=5.00e-04
2026-03-06 04:43:19  INFO        [VCN]  44/500  train=0.998318  val=0.998467  lr=5.00e-04 *
2026-03-06 04:43:31  INFO        [VCN]  45/500  train=0.998315  val=0.998458  lr=5.00e-04 *
2026-03-06 04:43:44  INFO        [VCN]  46/500  train=0.998300  val=0.998426  lr=5.00e-04 *
2026-03-06 04:43:57  INFO        [VCN]  47/500  train=0.998249  val=0.998373  lr=5.00e-04 *
2026-03-06 04:44:09  INFO        [VCN]  48/500  train=0.998220  val=0.998335  lr=5.00e-04 *
2026-03-06 04:44:21  INFO        [VCN]  49/500  train=0.998203  val=0.998331  lr=5.00e-04 *
2026-03-06 04:44:32  INFO        [VCN]  50/500  train=0.998196  val=0.998327  lr=5.00e-04 *
2026-03-06 04:44:36  INFO          NMI (labeled, K=7): 0.0048
2026-03-06 04:44:48  INFO        [VCN]  51/500  train=0.998193  val=0.998331  lr=5.00e-04
2026-03-06 04:45:01  INFO        [VCN]  52/500  train=0.998193  val=0.998323  lr=5.00e-04 *
2026-03-06 04:45:14  INFO        [VCN]  53/500  train=0.998187  val=0.998323  lr=5.00e-04
2026-03-06 04:45:26  INFO        [VCN]  54/500  train=0.998186  val=0.998318  lr=5.00e-04 *
2026-03-06 04:45:39  INFO        [VCN]  55/500  train=0.998185  val=0.998322  lr=5.00e-04
2026-03-06 04:45:52  INFO        [VCN]  56/500  train=0.998185  val=0.998323  lr=5.00e-04
2026-03-06 04:46:05  INFO        [VCN]  57/500  train=0.998184  val=0.998318  lr=5.00e-04
2026-03-06 04:46:17  INFO        [VCN]  58/500  train=0.998182  val=0.998320  lr=5.00e-04
2026-03-06 04:46:30  INFO        [VCN]  59/500  train=0.998181  val=0.998320  lr=5.00e-04
2026-03-06 04:46:43  INFO        [VCN]  60/500  train=0.998182  val=0.998320  lr=5.00e-04
2026-03-06 04:46:46  INFO          NMI (labeled, K=7): 0.0096
2026-03-06 04:46:59  INFO        [VCN]  61/500  train=0.998186  val=0.998317  lr=5.00e-04 *
2026-03-06 04:47:11  INFO        [VCN]  62/500  train=0.998181  val=0.998317  lr=5.00e-04
2026-03-06 04:47:24  INFO        [VCN]  63/500  train=0.998178  val=0.998317  lr=5.00e-04
2026-03-06 04:47:34  INFO        [VCN]  64/500  train=0.998170  val=0.998291  lr=5.00e-04 *
2026-03-06 04:47:47  INFO        [VCN]  65/500  train=0.998120  val=0.998227  lr=5.00e-04 *
2026-03-06 04:47:59  INFO        [VCN]  66/500  train=0.998090  val=0.998215  lr=5.00e-04 *
2026-03-06 04:48:12  INFO        [VCN]  67/500  train=0.998084  val=0.998210  lr=5.00e-04 *
2026-03-06 04:48:24  INFO        [VCN]  68/500  train=0.998080  val=0.998218  lr=5.00e-04
2026-03-06 04:48:37  INFO        [VCN]  69/500  train=0.998078  val=0.998208  lr=5.00e-04 *
2026-03-06 04:48:50  INFO        [VCN]  70/500  train=0.998076  val=0.998206  lr=5.00e-04 *
2026-03-06 04:48:53  INFO          NMI (labeled, K=7): 0.0106
2026-03-06 04:49:06  INFO        [VCN]  71/500  train=0.998076  val=0.998215  lr=5.00e-04
2026-03-06 04:49:18  INFO        [VCN]  72/500  train=0.998074  val=0.998206  lr=5.00e-04
2026-03-06 04:49:31  INFO        [VCN]  73/500  train=0.998073  val=0.998208  lr=5.00e-04
2026-03-06 04:49:44  INFO        [VCN]  74/500  train=0.998070  val=0.998204  lr=5.00e-04 *
2026-03-06 04:49:56  INFO        [VCN]  75/500  train=0.998069  val=0.998203  lr=5.00e-04 *
2026-03-06 04:50:09  INFO        [VCN]  76/500  train=0.998070  val=0.998208  lr=5.00e-04
2026-03-06 04:50:22  INFO        [VCN]  77/500  train=0.998068  val=0.998202  lr=5.00e-04 *
2026-03-06 04:50:35  INFO        [VCN]  78/500  train=0.998068  val=0.998203  lr=5.00e-04
2026-03-06 04:50:45  INFO        [VCN]  79/500  train=0.998067  val=0.998201  lr=5.00e-04 *
2026-03-06 04:50:57  INFO        [VCN]  80/500  train=0.998067  val=0.998204  lr=5.00e-04
2026-03-06 04:51:00  INFO          NMI (labeled, K=7): 0.0095
2026-03-06 04:51:13  INFO        [VCN]  81/500  train=0.998066  val=0.998201  lr=5.00e-04
2026-03-06 04:51:25  INFO        [VCN]  82/500  train=0.998066  val=0.998203  lr=2.50e-04
2026-03-06 04:51:38  INFO        [VCN]  83/500  train=0.998064  val=0.998198  lr=2.50e-04 *
2026-03-06 04:51:51  INFO        [VCN]  84/500  train=0.998063  val=0.998200  lr=2.50e-04
2026-03-06 04:52:04  INFO        [VCN]  85/500  train=0.998062  val=0.998199  lr=2.50e-04
2026-03-06 04:52:16  INFO        [VCN]  86/500  train=0.998063  val=0.998197  lr=2.50e-04 *
2026-03-06 04:52:29  INFO        [VCN]  87/500  train=0.998062  val=0.998199  lr=2.50e-04
2026-03-06 04:52:42  INFO        [VCN]  88/500  train=0.998063  val=0.998197  lr=2.50e-04
2026-03-06 04:52:54  INFO        [VCN]  89/500  train=0.998061  val=0.998197  lr=2.50e-04
2026-03-06 04:53:07  INFO        [VCN]  90/500  train=0.998061  val=0.998197  lr=2.50e-04
2026-03-06 04:53:10  INFO          NMI (labeled, K=7): 0.0097
2026-03-06 04:53:23  INFO        [VCN]  91/500  train=0.998061  val=0.998196  lr=2.50e-04
2026-03-06 04:53:36  INFO        [VCN]  92/500  train=0.998062  val=0.998198  lr=2.50e-04
2026-03-06 04:53:46  INFO        [VCN]  93/500  train=0.998061  val=0.998196  lr=2.50e-04 *
2026-03-06 04:53:59  INFO        [VCN]  94/500  train=0.998060  val=0.998193  lr=2.50e-04 *
2026-03-06 04:54:11  INFO        [VCN]  95/500  train=0.998056  val=0.998190  lr=2.50e-04 *
2026-03-06 04:54:24  INFO        [VCN]  96/500  train=0.998042  val=0.998162  lr=2.50e-04 *
2026-03-06 04:54:36  INFO        [VCN]  97/500  train=0.998005  val=0.998130  lr=2.50e-04 *
2026-03-06 04:54:49  INFO        [VCN]  98/500  train=0.997978  val=0.998103  lr=2.50e-04 *
2026-03-06 04:55:02  INFO        [VCN]  99/500  train=0.997922  val=0.997970  lr=2.50e-04 *
2026-03-06 04:55:15  INFO        [VCN] 100/500  train=0.997693  val=0.997754  lr=2.50e-04 *
2026-03-06 04:55:18  INFO          NMI (labeled, K=7): 0.0115
2026-03-06 04:55:31  INFO        [VCN] 101/500  train=0.997562  val=0.997685  lr=2.50e-04 *
2026-03-06 04:55:44  INFO        [VCN] 102/500  train=0.997538  val=0.997679  lr=2.50e-04 *
2026-03-06 04:55:56  INFO        [VCN] 103/500  train=0.997524  val=0.997661  lr=2.50e-04 *
2026-03-06 04:56:09  INFO        [VCN] 104/500  train=0.997516  val=0.997664  lr=2.50e-04
2026-03-06 04:56:22  INFO        [VCN] 105/500  train=0.997507  val=0.997652  lr=2.50e-04 *
2026-03-06 04:56:34  INFO        [VCN] 106/500  train=0.997501  val=0.997645  lr=2.50e-04 *
2026-03-06 04:56:47  INFO        [VCN] 107/500  train=0.997497  val=0.997646  lr=2.50e-04
2026-03-06 04:56:57  INFO        [VCN] 108/500  train=0.997492  val=0.997637  lr=2.50e-04 *
2026-03-06 04:57:10  INFO        [VCN] 109/500  train=0.997487  val=0.997639  lr=2.50e-04
2026-03-06 04:57:22  INFO        [VCN] 110/500  train=0.997482  val=0.997634  lr=2.50e-04 *
2026-03-06 04:57:25  INFO          NMI (labeled, K=7): 0.0108
2026-03-06 04:57:38  INFO        [VCN] 111/500  train=0.997472  val=0.997617  lr=2.50e-04 *
2026-03-06 04:57:51  INFO        [VCN] 112/500  train=0.997464  val=0.997601  lr=2.50e-04 *
2026-03-06 04:58:04  INFO        [VCN] 113/500  train=0.997445  val=0.997580  lr=2.50e-04 *
2026-03-06 04:58:16  INFO        [VCN] 114/500  train=0.997443  val=0.997575  lr=2.50e-04 *
2026-03-06 04:58:29  INFO        [VCN] 115/500  train=0.997403  val=0.997548  lr=2.50e-04 *
2026-03-06 04:58:42  INFO        [VCN] 116/500  train=0.997370  val=0.997493  lr=2.50e-04 *
2026-03-06 04:58:54  INFO        [VCN] 117/500  train=0.997345  val=0.997479  lr=2.50e-04 *
2026-03-06 04:59:07  INFO        [VCN] 118/500  train=0.997324  val=0.997493  lr=2.50e-04
2026-03-06 04:59:20  INFO        [VCN] 119/500  train=0.997306  val=0.997440  lr=2.50e-04 *
2026-03-06 04:59:32  INFO        [VCN] 120/500  train=0.997231  val=0.997338  lr=2.50e-04 *
2026-03-06 04:59:36  INFO          NMI (labeled, K=7): 0.0104
2026-03-06 04:59:48  INFO        [VCN] 121/500  train=0.997194  val=0.997320  lr=2.50e-04 *
2026-03-06 04:59:59  INFO        [VCN] 122/500  train=0.997184  val=0.997301  lr=2.50e-04 *
2026-03-06 05:00:11  INFO        [VCN] 123/500  train=0.997139  val=0.997275  lr=2.50e-04 *
2026-03-06 05:00:24  INFO        [VCN] 124/500  train=0.997109  val=0.997242  lr=2.50e-04 *
2026-03-06 05:00:36  INFO        [VCN] 125/500  train=0.997073  val=0.997221  lr=2.50e-04 *
2026-03-06 05:00:49  INFO        [VCN] 126/500  train=0.997063  val=0.997241  lr=2.50e-04
2026-03-06 05:01:01  INFO        [VCN] 127/500  train=0.997034  val=0.997210  lr=2.50e-04 *
2026-03-06 05:01:13  INFO        [VCN] 128/500  train=0.997009  val=0.997178  lr=2.50e-04 *
2026-03-06 05:01:26  INFO        [VCN] 129/500  train=0.997006  val=0.997169  lr=2.50e-04 *
2026-03-06 05:01:38  INFO        [VCN] 130/500  train=0.996980  val=0.997177  lr=2.50e-04
2026-03-06 05:01:41  INFO          NMI (labeled, K=7): 0.0137
2026-03-06 05:01:54  INFO        [VCN] 131/500  train=0.996988  val=0.997155  lr=2.50e-04 *
2026-03-06 05:02:07  INFO        [VCN] 132/500  train=0.996941  val=0.997109  lr=2.50e-04 *
2026-03-06 05:02:19  INFO        [VCN] 133/500  train=0.996924  val=0.997063  lr=2.50e-04 *
2026-03-06 05:02:32  INFO        [VCN] 134/500  train=0.996807  val=0.996956  lr=2.50e-04 *
2026-03-06 05:02:45  INFO        [VCN] 135/500  train=0.996741  val=0.996924  lr=2.50e-04 *
2026-03-06 05:02:58  INFO        [VCN] 136/500  train=0.996716  val=0.996899  lr=2.50e-04 *
2026-03-06 05:03:08  INFO        [VCN] 137/500  train=0.996713  val=0.996910  lr=2.50e-04
2026-03-06 05:03:20  INFO        [VCN] 138/500  train=0.996644  val=0.996856  lr=2.50e-04 *
2026-03-06 05:03:33  INFO        [VCN] 139/500  train=0.996584  val=0.996766  lr=2.50e-04 *
2026-03-06 05:03:46  INFO        [VCN] 140/500  train=0.996556  val=0.996742  lr=2.50e-04 *
2026-03-06 05:03:49  INFO          NMI (labeled, K=7): 0.0156
2026-03-06 05:04:02  INFO        [VCN] 141/500  train=0.996537  val=0.996721  lr=2.50e-04 *
2026-03-06 05:04:14  INFO        [VCN] 142/500  train=0.996525  val=0.996741  lr=2.50e-04
2026-03-06 05:04:27  INFO        [VCN] 143/500  train=0.996515  val=0.996702  lr=2.50e-04 *
2026-03-06 05:04:40  INFO        [VCN] 144/500  train=0.996508  val=0.996695  lr=2.50e-04 *
2026-03-06 05:04:53  INFO        [VCN] 145/500  train=0.996497  val=0.996693  lr=2.50e-04 *
2026-03-06 05:05:05  INFO        [VCN] 146/500  train=0.996488  val=0.996684  lr=2.50e-04 *
2026-03-06 05:05:18  INFO        [VCN] 147/500  train=0.996488  val=0.996700  lr=2.50e-04
2026-03-06 05:05:31  INFO        [VCN] 148/500  train=0.996509  val=0.996701  lr=2.50e-04
2026-03-06 05:05:43  INFO        [VCN] 149/500  train=0.996480  val=0.996681  lr=2.50e-04 *
2026-03-06 05:05:56  INFO        [VCN] 150/500  train=0.996490  val=0.996676  lr=2.50e-04 *
2026-03-06 05:05:59  INFO          NMI (labeled, K=7): 0.0086
2026-03-06 05:06:11  INFO        [VCN] 151/500  train=0.996471  val=0.996672  lr=2.50e-04 *
2026-03-06 05:06:23  INFO        [VCN] 152/500  train=0.996465  val=0.996673  lr=2.50e-04
2026-03-06 05:06:36  INFO        [VCN] 153/500  train=0.996467  val=0.996665  lr=2.50e-04 *
2026-03-06 05:06:48  INFO        [VCN] 154/500  train=0.996467  val=0.996678  lr=2.50e-04
2026-03-06 05:07:01  INFO        [VCN] 155/500  train=0.996460  val=0.996662  lr=2.50e-04 *
2026-03-06 05:07:14  INFO        [VCN] 156/500  train=0.996458  val=0.996662  lr=1.25e-04
2026-03-06 05:07:27  INFO        [VCN] 157/500  train=0.996452  val=0.996656  lr=1.25e-04 *
2026-03-06 05:07:39  INFO        [VCN] 158/500  train=0.996452  val=0.996659  lr=1.25e-04
2026-03-06 05:07:52  INFO        [VCN] 159/500  train=0.996450  val=0.996659  lr=1.25e-04
2026-03-06 05:08:05  INFO        [VCN] 160/500  train=0.996451  val=0.996658  lr=1.25e-04
2026-03-06 05:08:08  INFO          NMI (labeled, K=7): 0.0087
2026-03-06 05:08:20  INFO        [VCN] 161/500  train=0.996450  val=0.996661  lr=1.25e-04
2026-03-06 05:08:33  INFO        [VCN] 162/500  train=0.996448  val=0.996653  lr=1.25e-04 *
2026-03-06 05:08:46  INFO        [VCN] 163/500  train=0.996445  val=0.996656  lr=1.25e-04
2026-03-06 05:08:59  INFO        [VCN] 164/500  train=0.996447  val=0.996652  lr=1.25e-04 *
2026-03-06 05:09:11  INFO        [VCN] 165/500  train=0.996449  val=0.996657  lr=1.25e-04
2026-03-06 05:09:21  INFO        [VCN] 166/500  train=0.996451  val=0.996655  lr=1.25e-04
2026-03-06 05:09:34  INFO        [VCN] 167/500  train=0.996446  val=0.996654  lr=1.25e-04
2026-03-06 05:09:47  INFO        [VCN] 168/500  train=0.996446  val=0.996654  lr=1.25e-04
2026-03-06 05:09:59  INFO        [VCN] 169/500  train=0.996446  val=0.996654  lr=1.25e-04
2026-03-06 05:10:12  INFO        [VCN] 170/500  train=0.996448  val=0.996654  lr=1.25e-04
2026-03-06 05:10:15  INFO          NMI (labeled, K=7): 0.0101
2026-03-06 05:10:28  INFO        [VCN] 171/500  train=0.996445  val=0.996649  lr=1.25e-04 *
2026-03-06 05:10:41  INFO        [VCN] 172/500  train=0.996445  val=0.996651  lr=6.25e-05
2026-03-06 05:10:53  INFO        [VCN] 173/500  train=0.996439  val=0.996648  lr=6.25e-05 *
2026-03-06 05:11:06  INFO        [VCN] 174/500  train=0.996437  val=0.996646  lr=6.25e-05 *
2026-03-06 05:11:19  INFO        [VCN] 175/500  train=0.996438  val=0.996649  lr=6.25e-05
2026-03-06 05:11:32  INFO        [VCN] 176/500  train=0.996438  val=0.996648  lr=6.25e-05
2026-03-06 05:11:44  INFO        [VCN] 177/500  train=0.996437  val=0.996646  lr=6.25e-05
2026-03-06 05:11:57  INFO        [VCN] 178/500  train=0.996438  val=0.996646  lr=6.25e-05
2026-03-06 05:12:10  INFO        [VCN] 179/500  train=0.996437  val=0.996645  lr=6.25e-05 *
2026-03-06 05:12:22  INFO        [VCN] 180/500  train=0.996438  val=0.996646  lr=6.25e-05
2026-03-06 05:12:28  INFO          NMI (labeled, K=7): 0.0101
2026-03-06 05:12:39  INFO        [VCN] 181/500  train=0.996437  val=0.996646  lr=6.25e-05
2026-03-06 05:12:52  INFO        [VCN] 182/500  train=0.996437  val=0.996646  lr=6.25e-05
2026-03-06 05:13:05  INFO        [VCN] 183/500  train=0.996438  val=0.996649  lr=6.25e-05
2026-03-06 05:13:17  INFO        [VCN] 184/500  train=0.996436  val=0.996647  lr=6.25e-05
2026-03-06 05:13:30  INFO        [VCN] 185/500  train=0.996436  val=0.996644  lr=6.25e-05
2026-03-06 05:13:43  INFO        [VCN] 186/500  train=0.996436  val=0.996644  lr=6.25e-05 *
2026-03-06 05:13:55  INFO        [VCN] 187/500  train=0.996436  val=0.996650  lr=6.25e-05
2026-03-06 05:14:08  INFO        [VCN] 188/500  train=0.996435  val=0.996645  lr=3.13e-05
2026-03-06 05:14:21  INFO        [VCN] 189/500  train=0.996435  val=0.996642  lr=3.13e-05 *
2026-03-06 05:14:34  INFO        [VCN] 190/500  train=0.996433  val=0.996643  lr=3.13e-05
2026-03-06 05:14:37  INFO          NMI (labeled, K=7): 0.0091
2026-03-06 05:14:50  INFO        [VCN] 191/500  train=0.996433  val=0.996642  lr=3.13e-05
2026-03-06 05:15:02  INFO        [VCN] 192/500  train=0.996433  val=0.996642  lr=3.13e-05
2026-03-06 05:15:15  INFO        [VCN] 193/500  train=0.996433  val=0.996644  lr=3.13e-05
2026-03-06 05:15:28  INFO        [VCN] 194/500  train=0.996435  val=0.996643  lr=3.13e-05
2026-03-06 05:15:39  INFO        [VCN] 195/500  train=0.996432  val=0.996643  lr=3.13e-05
2026-03-06 05:15:51  INFO        [VCN] 196/500  train=0.996431  val=0.996643  lr=3.13e-05
2026-03-06 05:16:03  INFO        [VCN] 197/500  train=0.996433  val=0.996642  lr=3.13e-05
2026-03-06 05:16:16  INFO        [VCN] 198/500  train=0.996432  val=0.996643  lr=3.13e-05
2026-03-06 05:16:28  INFO        [VCN] 199/500  train=0.996432  val=0.996643  lr=3.13e-05
2026-03-06 05:16:40  INFO        [VCN] 200/500  train=0.996433  val=0.996642  lr=3.13e-05
2026-03-06 05:16:43  INFO          NMI (labeled, K=7): 0.0099
2026-03-06 05:16:56  INFO        [VCN] 201/500  train=0.996434  val=0.996642  lr=3.13e-05
2026-03-06 05:17:09  INFO        [VCN] 202/500  train=0.996432  val=0.996642  lr=3.13e-05
2026-03-06 05:17:21  INFO        [VCN] 203/500  train=0.996432  val=0.996641  lr=3.13e-05
2026-03-06 05:17:34  INFO        [VCN] 204/500  train=0.996433  val=0.996642  lr=3.13e-05
2026-03-06 05:17:47  INFO        [VCN] 205/500  train=0.996433  val=0.996643  lr=3.13e-05
2026-03-06 05:18:00  INFO        [VCN] 206/500  train=0.996432  val=0.996641  lr=3.13e-05 *
2026-03-06 05:18:12  INFO        [VCN] 207/500  train=0.996430  val=0.996641  lr=3.13e-05
2026-03-06 05:18:25  INFO        [VCN] 208/500  train=0.996431  val=0.996642  lr=3.13e-05
2026-03-06 05:18:38  INFO        [VCN] 209/500  train=0.996434  val=0.996641  lr=3.13e-05
2026-03-06 05:18:48  INFO        [VCN] 210/500  train=0.996435  val=0.996640  lr=3.13e-05
2026-03-06 05:18:51  INFO          NMI (labeled, K=7): 0.0095
2026-03-06 05:19:04  INFO        [VCN] 211/500  train=0.996433  val=0.996641  lr=3.13e-05
2026-03-06 05:19:17  INFO        [VCN] 212/500  train=0.996433  val=0.996642  lr=3.13e-05
2026-03-06 05:19:29  INFO        [VCN] 213/500  train=0.996432  val=0.996640  lr=1.56e-05
2026-03-06 05:19:42  INFO        [VCN] 214/500  train=0.996430  val=0.996641  lr=1.56e-05
2026-03-06 05:19:54  INFO        [VCN] 215/500  train=0.996429  val=0.996640  lr=1.56e-05
2026-03-06 05:20:07  INFO        [VCN] 216/500  train=0.996431  val=0.996641  lr=1.56e-05
2026-03-06 05:20:20  INFO        [VCN] 217/500  train=0.996430  val=0.996640  lr=1.56e-05
2026-03-06 05:20:33  INFO        [VCN] 218/500  train=0.996429  val=0.996640  lr=1.56e-05
2026-03-06 05:20:45  INFO        [VCN] 219/500  train=0.996429  val=0.996640  lr=1.56e-05 *
2026-03-06 05:20:58  INFO        [VCN] 220/500  train=0.996429  val=0.996641  lr=1.56e-05
2026-03-06 05:21:01  INFO          NMI (labeled, K=7): 0.0092
2026-03-06 05:21:14  INFO        [VCN] 221/500  train=0.996429  val=0.996639  lr=1.56e-05
2026-03-06 05:21:27  INFO        [VCN] 222/500  train=0.996430  val=0.996640  lr=1.56e-05
2026-03-06 05:21:39  INFO        [VCN] 223/500  train=0.996430  val=0.996639  lr=1.56e-05
2026-03-06 05:21:51  INFO        [VCN] 224/500  train=0.996429  val=0.996639  lr=1.56e-05
2026-03-06 05:22:02  INFO        [VCN] 225/500  train=0.996429  val=0.996639  lr=1.56e-05
2026-03-06 05:22:15  INFO        [VCN] 226/500  train=0.996429  val=0.996639  lr=1.56e-05
2026-03-06 05:22:28  INFO        [VCN] 227/500  train=0.996431  val=0.996639  lr=1.56e-05
2026-03-06 05:22:41  INFO        [VCN] 228/500  train=0.996429  val=0.996639  lr=1.56e-05
2026-03-06 05:22:53  INFO        [VCN] 229/500  train=0.996430  val=0.996639  lr=1.00e-05
2026-03-06 05:23:06  INFO        [VCN] 230/500  train=0.996428  val=0.996640  lr=1.00e-05
2026-03-06 05:23:09  INFO          NMI (labeled, K=7): 0.0092
2026-03-06 05:23:22  INFO        [VCN] 231/500  train=0.996428  val=0.996639  lr=1.00e-05
2026-03-06 05:23:35  INFO        [VCN] 232/500  train=0.996428  val=0.996639  lr=1.00e-05
2026-03-06 05:23:47  INFO        [VCN] 233/500  train=0.996429  val=0.996638  lr=1.00e-05 *
2026-03-06 05:24:00  INFO        [VCN] 234/500  train=0.996429  val=0.996639  lr=1.00e-05
2026-03-06 05:24:13  INFO        [VCN] 235/500  train=0.996428  val=0.996638  lr=1.00e-05
2026-03-06 05:24:25  INFO        [VCN] 236/500  train=0.996428  val=0.996638  lr=1.00e-05
2026-03-06 05:24:38  INFO        [VCN] 237/500  train=0.996429  val=0.996638  lr=1.00e-05
2026-03-06 05:24:51  INFO        [VCN] 238/500  train=0.996430  val=0.996638  lr=1.00e-05
2026-03-06 05:25:01  INFO        [VCN] 239/500  train=0.996427  val=0.996638  lr=1.00e-05
2026-03-06 05:25:13  INFO        [VCN] 240/500  train=0.996427  val=0.996638  lr=1.00e-05
2026-03-06 05:25:16  INFO          NMI (labeled, K=7): 0.0090
2026-03-06 05:25:28  INFO        [VCN] 241/500  train=0.996430  val=0.996638  lr=1.00e-05
2026-03-06 05:25:40  INFO        [VCN] 242/500  train=0.996427  val=0.996638  lr=1.00e-05
2026-03-06 05:25:52  INFO        [VCN] 243/500  train=0.996429  val=0.996638  lr=1.00e-05
2026-03-06 05:26:03  INFO        [VCN] 244/500  train=0.996428  val=0.996638  lr=1.00e-05
2026-03-06 05:26:15  INFO        [VCN] 245/500  train=0.996427  val=0.996640  lr=1.00e-05
2026-03-06 05:26:27  INFO        [VCN] 246/500  train=0.996428  val=0.996638  lr=1.00e-05
2026-03-06 05:26:40  INFO        [VCN] 247/500  train=0.996427  val=0.996638  lr=1.00e-05
2026-03-06 05:26:52  INFO        [VCN] 248/500  train=0.996429  val=0.996638  lr=1.00e-05
2026-03-06 05:27:05  INFO        [VCN] 249/500  train=0.996428  val=0.996638  lr=1.00e-05
2026-03-06 05:27:18  INFO        [VCN] 250/500  train=0.996428  val=0.996638  lr=1.00e-05
2026-03-06 05:27:21  INFO          NMI (labeled, K=7): 0.0103
2026-03-06 05:27:34  INFO        [VCN] 251/500  train=0.996426  val=0.996637  lr=1.00e-05
2026-03-06 05:27:47  INFO        [VCN] 252/500  train=0.996427  val=0.996638  lr=1.00e-05
2026-03-06 05:27:59  INFO        [VCN] 253/500  train=0.996428  val=0.996638  lr=1.00e-05
2026-03-06 05:28:10  INFO        [VCN] 254/500  train=0.996428  val=0.996638  lr=1.00e-05
2026-03-06 05:28:22  INFO        [VCN] 255/500  train=0.996426  val=0.996638  lr=1.00e-05
2026-03-06 05:28:35  INFO        [VCN] 256/500  train=0.996428  val=0.996637  lr=1.00e-05 *
2026-03-06 05:28:48  INFO        [VCN] 257/500  train=0.996427  val=0.996638  lr=1.00e-05
2026-03-06 05:29:00  INFO        [VCN] 258/500  train=0.996427  val=0.996637  lr=1.00e-05
2026-03-06 05:29:13  INFO        [VCN] 259/500  train=0.996426  val=0.996637  lr=1.00e-05
2026-03-06 05:29:26  INFO        [VCN] 260/500  train=0.996426  val=0.996637  lr=1.00e-05
2026-03-06 05:29:29  INFO          NMI (labeled, K=7): 0.0096
2026-03-06 05:29:41  INFO        [VCN] 261/500  train=0.996427  val=0.996637  lr=1.00e-05
2026-03-06 05:29:54  INFO        [VCN] 262/500  train=0.996426  val=0.996637  lr=1.00e-05
2026-03-06 05:30:07  INFO        [VCN] 263/500  train=0.996427  val=0.996637  lr=1.00e-05
2026-03-06 05:30:19  INFO        [VCN] 264/500  train=0.996427  val=0.996638  lr=1.00e-05
2026-03-06 05:30:32  INFO        [VCN] 265/500  train=0.996426  val=0.996637  lr=1.00e-05
2026-03-06 05:30:45  INFO        [VCN] 266/500  train=0.996427  val=0.996637  lr=1.00e-05
2026-03-06 05:30:57  INFO        [VCN] 267/500  train=0.996426  val=0.996636  lr=1.00e-05
2026-03-06 05:31:09  INFO        [VCN] 268/500  train=0.996425  val=0.996636  lr=1.00e-05 *
2026-03-06 05:31:21  INFO        [VCN] 269/500  train=0.996425  val=0.996636  lr=1.00e-05
2026-03-06 05:31:33  INFO        [VCN] 270/500  train=0.996424  val=0.996636  lr=1.00e-05
2026-03-06 05:31:36  INFO          NMI (labeled, K=7): 0.0089
2026-03-06 05:31:49  INFO        [VCN] 271/500  train=0.996425  val=0.996636  lr=1.00e-05
2026-03-06 05:32:02  INFO        [VCN] 272/500  train=0.996426  val=0.996637  lr=1.00e-05
2026-03-06 05:32:14  INFO        [VCN] 273/500  train=0.996426  val=0.996636  lr=1.00e-05
2026-03-06 05:32:27  INFO        [VCN] 274/500  train=0.996424  val=0.996638  lr=1.00e-05
2026-03-06 05:32:40  INFO        [VCN] 275/500  train=0.996425  val=0.996636  lr=1.00e-05
2026-03-06 05:32:53  INFO        [VCN] 276/500  train=0.996426  val=0.996635  lr=1.00e-05
2026-03-06 05:33:05  INFO        [VCN] 277/500  train=0.996425  val=0.996637  lr=1.00e-05
2026-03-06 05:33:18  INFO        [VCN] 278/500  train=0.996424  val=0.996635  lr=1.00e-05
2026-03-06 05:33:31  INFO        [VCN] 279/500  train=0.996425  val=0.996635  lr=1.00e-05
2026-03-06 05:33:43  INFO        [VCN] 280/500  train=0.996424  val=0.996635  lr=1.00e-05
2026-03-06 05:33:47  INFO          NMI (labeled, K=7): 0.0096
2026-03-06 05:33:59  INFO        [VCN] 281/500  train=0.996426  val=0.996635  lr=1.00e-05
2026-03-06 05:34:12  INFO        [VCN] 282/500  train=0.996426  val=0.996635  lr=1.00e-05
2026-03-06 05:34:23  INFO        [VCN] 283/500  train=0.996423  val=0.996634  lr=1.00e-05 *
2026-03-06 05:34:35  INFO        [VCN] 284/500  train=0.996424  val=0.996634  lr=1.00e-05
2026-03-06 05:34:47  INFO        [VCN] 285/500  train=0.996424  val=0.996634  lr=1.00e-05
2026-03-06 05:35:00  INFO        [VCN] 286/500  train=0.996423  val=0.996634  lr=1.00e-05
2026-03-06 05:35:12  INFO        [VCN] 287/500  train=0.996423  val=0.996634  lr=1.00e-05
2026-03-06 05:35:24  INFO        [VCN] 288/500  train=0.996423  val=0.996634  lr=1.00e-05
2026-03-06 05:35:36  INFO        [VCN] 289/500  train=0.996425  val=0.996634  lr=1.00e-05
2026-03-06 05:35:49  INFO        [VCN] 290/500  train=0.996427  val=0.996633  lr=1.00e-05
2026-03-06 05:35:52  INFO          NMI (labeled, K=7): 0.0097
2026-03-06 05:36:05  INFO        [VCN] 291/500  train=0.996422  val=0.996633  lr=1.00e-05
2026-03-06 05:36:18  INFO        [VCN] 292/500  train=0.996423  val=0.996633  lr=1.00e-05
2026-03-06 05:36:30  INFO        [VCN] 293/500  train=0.996423  val=0.996633  lr=1.00e-05 *
2026-03-06 05:36:43  INFO        [VCN] 294/500  train=0.996422  val=0.996633  lr=1.00e-05
2026-03-06 05:36:56  INFO        [VCN] 295/500  train=0.996422  val=0.996633  lr=1.00e-05
2026-03-06 05:37:08  INFO        [VCN] 296/500  train=0.996422  val=0.996633  lr=1.00e-05
2026-03-06 05:37:20  INFO        [VCN] 297/500  train=0.996422  val=0.996632  lr=1.00e-05
2026-03-06 05:37:31  INFO        [VCN] 298/500  train=0.996421  val=0.996633  lr=1.00e-05
2026-03-06 05:37:44  INFO        [VCN] 299/500  train=0.996423  val=0.996631  lr=1.00e-05 *
2026-03-06 05:37:57  INFO        [VCN] 300/500  train=0.996421  val=0.996631  lr=1.00e-05
2026-03-06 05:38:00  INFO          NMI (labeled, K=7): 0.0095
2026-03-06 05:38:13  INFO        [VCN] 301/500  train=0.996422  val=0.996631  lr=1.00e-05
2026-03-06 05:38:25  INFO        [VCN] 302/500  train=0.996421  val=0.996631  lr=1.00e-05
2026-03-06 05:38:38  INFO        [VCN] 303/500  train=0.996420  val=0.996630  lr=1.00e-05
2026-03-06 05:38:51  INFO        [VCN] 304/500  train=0.996420  val=0.996631  lr=1.00e-05
2026-03-06 05:39:03  INFO        [VCN] 305/500  train=0.996418  val=0.996630  lr=1.00e-05 *
2026-03-06 05:39:16  INFO        [VCN] 306/500  train=0.996419  val=0.996630  lr=1.00e-05
2026-03-06 05:39:29  INFO        [VCN] 307/500  train=0.996419  val=0.996630  lr=1.00e-05
2026-03-06 05:39:42  INFO        [VCN] 308/500  train=0.996419  val=0.996629  lr=1.00e-05 *
2026-03-06 05:39:54  INFO        [VCN] 309/500  train=0.996418  val=0.996628  lr=1.00e-05
2026-03-06 05:40:07  INFO        [VCN] 310/500  train=0.996417  val=0.996628  lr=1.00e-05
2026-03-06 05:40:10  INFO          NMI (labeled, K=7): 0.0087
2026-03-06 05:40:23  INFO        [VCN] 311/500  train=0.996417  val=0.996628  lr=1.00e-05 *
2026-03-06 05:40:34  INFO        [VCN] 312/500  train=0.996416  val=0.996627  lr=1.00e-05
2026-03-06 05:40:46  INFO        [VCN] 313/500  train=0.996417  val=0.996627  lr=1.00e-05 *
2026-03-06 05:40:58  INFO        [VCN] 314/500  train=0.996416  val=0.996626  lr=1.00e-05
2026-03-06 05:41:10  INFO        [VCN] 315/500  train=0.996416  val=0.996626  lr=1.00e-05
2026-03-06 05:41:22  INFO        [VCN] 316/500  train=0.996418  val=0.996625  lr=1.00e-05 *
2026-03-06 05:41:35  INFO        [VCN] 317/500  train=0.996413  val=0.996625  lr=1.00e-05
2026-03-06 05:41:47  INFO        [VCN] 318/500  train=0.996413  val=0.996624  lr=1.00e-05 *
2026-03-06 05:42:00  INFO        [VCN] 319/500  train=0.996413  val=0.996623  lr=1.00e-05
2026-03-06 05:42:12  INFO        [VCN] 320/500  train=0.996412  val=0.996624  lr=1.00e-05
2026-03-06 05:42:15  INFO          NMI (labeled, K=7): 0.0099
2026-03-06 05:42:28  INFO        [VCN] 321/500  train=0.996411  val=0.996623  lr=1.00e-05 *
2026-03-06 05:42:40  INFO        [VCN] 322/500  train=0.996410  val=0.996621  lr=1.00e-05 *
2026-03-06 05:42:53  INFO        [VCN] 323/500  train=0.996411  val=0.996620  lr=1.00e-05 *
2026-03-06 05:43:06  INFO        [VCN] 324/500  train=0.996408  val=0.996619  lr=1.00e-05
2026-03-06 05:43:19  INFO        [VCN] 325/500  train=0.996408  val=0.996618  lr=1.00e-05 *
2026-03-06 05:43:31  INFO        [VCN] 326/500  train=0.996407  val=0.996617  lr=1.00e-05 *
2026-03-06 05:43:42  INFO        [VCN] 327/500  train=0.996405  val=0.996617  lr=1.00e-05
2026-03-06 05:43:55  INFO        [VCN] 328/500  train=0.996403  val=0.996616  lr=1.00e-05 *
2026-03-06 05:44:07  INFO        [VCN] 329/500  train=0.996404  val=0.996614  lr=1.00e-05 *
2026-03-06 05:44:20  INFO        [VCN] 330/500  train=0.996403  val=0.996613  lr=1.00e-05 *
2026-03-06 05:44:24  INFO          NMI (labeled, K=7): 0.0093
2026-03-06 05:44:36  INFO        [VCN] 331/500  train=0.996401  val=0.996612  lr=1.00e-05 *
2026-03-06 05:44:49  INFO        [VCN] 332/500  train=0.996399  val=0.996610  lr=1.00e-05 *
2026-03-06 05:45:02  INFO        [VCN] 333/500  train=0.996398  val=0.996608  lr=1.00e-05 *
2026-03-06 05:45:14  INFO        [VCN] 334/500  train=0.996397  val=0.996608  lr=1.00e-05
2026-03-06 05:45:27  INFO        [VCN] 335/500  train=0.996395  val=0.996605  lr=1.00e-05 *
2026-03-06 05:45:39  INFO        [VCN] 336/500  train=0.996395  val=0.996605  lr=1.00e-05
2026-03-06 05:45:52  INFO        [VCN] 337/500  train=0.996394  val=0.996603  lr=1.00e-05 *
2026-03-06 05:46:05  INFO        [VCN] 338/500  train=0.996390  val=0.996602  lr=1.00e-05 *
2026-03-06 05:46:17  INFO        [VCN] 339/500  train=0.996389  val=0.996601  lr=1.00e-05 *
2026-03-06 05:46:30  INFO        [VCN] 340/500  train=0.996389  val=0.996600  lr=1.00e-05 *
2026-03-06 05:46:33  INFO          NMI (labeled, K=7): 0.0097
2026-03-06 05:46:44  INFO        [VCN] 341/500  train=0.996388  val=0.996598  lr=1.00e-05 *
2026-03-06 05:46:56  INFO        [VCN] 342/500  train=0.996387  val=0.996596  lr=1.00e-05 *
2026-03-06 05:47:08  INFO        [VCN] 343/500  train=0.996384  val=0.996596  lr=1.00e-05
2026-03-06 05:47:21  INFO        [VCN] 344/500  train=0.996384  val=0.996594  lr=1.00e-05 *
2026-03-06 05:47:33  INFO        [VCN] 345/500  train=0.996382  val=0.996592  lr=1.00e-05 *
2026-03-06 05:47:46  INFO        [VCN] 346/500  train=0.996380  val=0.996592  lr=1.00e-05
2026-03-06 05:47:58  INFO        [VCN] 347/500  train=0.996381  val=0.996591  lr=1.00e-05
2026-03-06 05:48:10  INFO        [VCN] 348/500  train=0.996377  val=0.996589  lr=1.00e-05 *
2026-03-06 05:48:23  INFO        [VCN] 349/500  train=0.996376  val=0.996588  lr=1.00e-05
2026-03-06 05:48:36  INFO        [VCN] 350/500  train=0.996377  val=0.996586  lr=1.00e-05 *
2026-03-06 05:48:39  INFO          NMI (labeled, K=7): 0.0111
2026-03-06 05:48:52  INFO        [VCN] 351/500  train=0.996376  val=0.996586  lr=1.00e-05
2026-03-06 05:49:04  INFO        [VCN] 352/500  train=0.996375  val=0.996584  lr=1.00e-05 *
2026-03-06 05:49:17  INFO        [VCN] 353/500  train=0.996372  val=0.996586  lr=1.00e-05
2026-03-06 05:49:29  INFO        [VCN] 354/500  train=0.996372  val=0.996584  lr=1.00e-05
2026-03-06 05:49:41  INFO        [VCN] 355/500  train=0.996371  val=0.996583  lr=1.00e-05 *
2026-03-06 05:49:52  INFO        [VCN] 356/500  train=0.996372  val=0.996581  lr=1.00e-05 *
2026-03-06 05:50:04  INFO        [VCN] 357/500  train=0.996369  val=0.996581  lr=1.00e-05
2026-03-06 05:50:16  INFO        [VCN] 358/500  train=0.996369  val=0.996581  lr=1.00e-05
2026-03-06 05:50:29  INFO        [VCN] 359/500  train=0.996367  val=0.996580  lr=1.00e-05 *
2026-03-06 05:50:41  INFO        [VCN] 360/500  train=0.996369  val=0.996579  lr=1.00e-05
2026-03-06 05:50:44  INFO          NMI (labeled, K=7): 0.0111
2026-03-06 05:50:56  INFO        [VCN] 361/500  train=0.996369  val=0.996578  lr=1.00e-05 *
2026-03-06 05:51:09  INFO        [VCN] 362/500  train=0.996367  val=0.996578  lr=1.00e-05
2026-03-06 05:51:22  INFO        [VCN] 363/500  train=0.996366  val=0.996577  lr=1.00e-05 *
2026-03-06 05:51:34  INFO        [VCN] 364/500  train=0.996367  val=0.996577  lr=1.00e-05
2026-03-06 05:51:47  INFO        [VCN] 365/500  train=0.996364  val=0.996577  lr=1.00e-05
2026-03-06 05:51:59  INFO        [VCN] 366/500  train=0.996366  val=0.996576  lr=1.00e-05 *
2026-03-06 05:52:12  INFO        [VCN] 367/500  train=0.996368  val=0.996575  lr=1.00e-05
2026-03-06 05:52:24  INFO        [VCN] 368/500  train=0.996365  val=0.996575  lr=1.00e-05
2026-03-06 05:52:36  INFO        [VCN] 369/500  train=0.996364  val=0.996574  lr=1.00e-05 *
2026-03-06 05:52:48  INFO        [VCN] 370/500  train=0.996364  val=0.996573  lr=1.00e-05 *
2026-03-06 05:52:51  INFO          NMI (labeled, K=7): 0.0090
2026-03-06 05:53:04  INFO        [VCN] 371/500  train=0.996364  val=0.996572  lr=1.00e-05
2026-03-06 05:53:17  INFO        [VCN] 372/500  train=0.996362  val=0.996573  lr=1.00e-05
2026-03-06 05:53:30  INFO        [VCN] 373/500  train=0.996363  val=0.996573  lr=1.00e-05
2026-03-06 05:53:42  INFO        [VCN] 374/500  train=0.996363  val=0.996574  lr=1.00e-05
2026-03-06 05:53:55  INFO        [VCN] 375/500  train=0.996362  val=0.996573  lr=1.00e-05
2026-03-06 05:54:08  INFO        [VCN] 376/500  train=0.996363  val=0.996573  lr=1.00e-05
2026-03-06 05:54:20  INFO        [VCN] 377/500  train=0.996362  val=0.996571  lr=1.00e-05 *
2026-03-06 05:54:33  INFO        [VCN] 378/500  train=0.996362  val=0.996571  lr=1.00e-05
2026-03-06 05:54:46  INFO        [VCN] 379/500  train=0.996362  val=0.996570  lr=1.00e-05
2026-03-06 05:54:58  INFO        [VCN] 380/500  train=0.996361  val=0.996573  lr=1.00e-05
2026-03-06 05:55:01  INFO          NMI (labeled, K=7): 0.0098
2026-03-06 05:55:14  INFO        [VCN] 381/500  train=0.996360  val=0.996570  lr=1.00e-05
2026-03-06 05:55:26  INFO        [VCN] 382/500  train=0.996363  val=0.996570  lr=1.00e-05
2026-03-06 05:55:39  INFO        [VCN] 383/500  train=0.996360  val=0.996569  lr=1.00e-05 *
2026-03-06 05:55:51  INFO        [VCN] 384/500  train=0.996360  val=0.996570  lr=1.00e-05
2026-03-06 05:56:04  INFO        [VCN] 385/500  train=0.996362  val=0.996569  lr=1.00e-05
2026-03-06 05:56:16  INFO        [VCN] 386/500  train=0.996359  val=0.996569  lr=1.00e-05
2026-03-06 05:56:29  INFO        [VCN] 387/500  train=0.996360  val=0.996569  lr=1.00e-05
2026-03-06 05:56:41  INFO        [VCN] 388/500  train=0.996360  val=0.996569  lr=1.00e-05
2026-03-06 05:56:54  INFO        [VCN] 389/500  train=0.996359  val=0.996569  lr=1.00e-05
2026-03-06 05:57:06  INFO        [VCN] 390/500  train=0.996362  val=0.996569  lr=1.00e-05
2026-03-06 05:57:09  INFO          NMI (labeled, K=7): 0.0112
2026-03-06 05:57:21  INFO        [VCN] 391/500  train=0.996359  val=0.996568  lr=1.00e-05 *
2026-03-06 05:57:34  INFO        [VCN] 392/500  train=0.996358  val=0.996569  lr=1.00e-05
2026-03-06 05:57:46  INFO        [VCN] 393/500  train=0.996358  val=0.996568  lr=1.00e-05
2026-03-06 05:57:59  INFO        [VCN] 394/500  train=0.996358  val=0.996568  lr=1.00e-05
2026-03-06 05:58:11  INFO        [VCN] 395/500  train=0.996357  val=0.996568  lr=1.00e-05
2026-03-06 05:58:24  INFO        [VCN] 396/500  train=0.996358  val=0.996567  lr=1.00e-05
2026-03-06 05:58:37  INFO        [VCN] 397/500  train=0.996357  val=0.996570  lr=1.00e-05
2026-03-06 05:58:50  INFO        [VCN] 398/500  train=0.996357  val=0.996568  lr=1.00e-05
2026-03-06 05:59:02  INFO        [VCN] 399/500  train=0.996357  val=0.996567  lr=1.00e-05
2026-03-06 05:59:15  INFO        [VCN] 400/500  train=0.996357  val=0.996568  lr=1.00e-05
2026-03-06 05:59:18  INFO          NMI (labeled, K=7): 0.0092
2026-03-06 05:59:30  INFO        [VCN] 401/500  train=0.996357  val=0.996567  lr=1.00e-05
2026-03-06 05:59:42  INFO        [VCN] 402/500  train=0.996358  val=0.996568  lr=1.00e-05
2026-03-06 05:59:55  INFO        [VCN] 403/500  train=0.996358  val=0.996567  lr=1.00e-05 *
2026-03-06 06:00:08  INFO        [VCN] 404/500  train=0.996356  val=0.996567  lr=1.00e-05
2026-03-06 06:00:20  INFO        [VCN] 405/500  train=0.996357  val=0.996567  lr=1.00e-05
2026-03-06 06:00:33  INFO        [VCN] 406/500  train=0.996356  val=0.996567  lr=1.00e-05
2026-03-06 06:00:46  INFO        [VCN] 407/500  train=0.996357  val=0.996568  lr=1.00e-05
2026-03-06 06:00:58  INFO        [VCN] 408/500  train=0.996356  val=0.996567  lr=1.00e-05
2026-03-06 06:01:11  INFO        [VCN] 409/500  train=0.996358  val=0.996567  lr=1.00e-05
2026-03-06 06:01:24  INFO        [VCN] 410/500  train=0.996357  val=0.996566  lr=1.00e-05
2026-03-06 06:01:27  INFO          NMI (labeled, K=7): 0.0086
2026-03-06 06:01:39  INFO        [VCN] 411/500  train=0.996358  val=0.996566  lr=1.00e-05
2026-03-06 06:01:52  INFO        [VCN] 412/500  train=0.996357  val=0.996568  lr=1.00e-05
2026-03-06 06:02:04  INFO        [VCN] 413/500  train=0.996357  val=0.996567  lr=1.00e-05
2026-03-06 06:02:17  INFO        [VCN] 414/500  train=0.996356  val=0.996566  lr=1.00e-05
2026-03-06 06:02:29  INFO        [VCN] 415/500  train=0.996356  val=0.996566  lr=1.00e-05
2026-03-06 06:02:42  INFO        [VCN] 416/500  train=0.996356  val=0.996567  lr=1.00e-05
2026-03-06 06:02:55  INFO        [VCN] 417/500  train=0.996355  val=0.996565  lr=1.00e-05 *
2026-03-06 06:03:07  INFO        [VCN] 418/500  train=0.996355  val=0.996566  lr=1.00e-05
2026-03-06 06:03:20  INFO        [VCN] 419/500  train=0.996355  val=0.996566  lr=1.00e-05
2026-03-06 06:03:33  INFO        [VCN] 420/500  train=0.996355  val=0.996566  lr=1.00e-05
2026-03-06 06:03:36  INFO          NMI (labeled, K=7): 0.0099
2026-03-06 06:03:48  INFO        [VCN] 421/500  train=0.996357  val=0.996566  lr=1.00e-05
2026-03-06 06:04:01  INFO        [VCN] 422/500  train=0.996356  val=0.996566  lr=1.00e-05
2026-03-06 06:04:13  INFO        [VCN] 423/500  train=0.996355  val=0.996565  lr=1.00e-05
2026-03-06 06:04:26  INFO        [VCN] 424/500  train=0.996356  val=0.996565  lr=1.00e-05
2026-03-06 06:04:39  INFO        [VCN] 425/500  train=0.996354  val=0.996566  lr=1.00e-05
2026-03-06 06:04:52  INFO        [VCN] 426/500  train=0.996354  val=0.996565  lr=1.00e-05
2026-03-06 06:05:04  INFO        [VCN] 427/500  train=0.996354  val=0.996566  lr=1.00e-05
2026-03-06 06:05:17  INFO        [VCN] 428/500  train=0.996357  val=0.996566  lr=1.00e-05
2026-03-06 06:05:30  INFO        [VCN] 429/500  train=0.996355  val=0.996565  lr=1.00e-05
2026-03-06 06:05:42  INFO        [VCN] 430/500  train=0.996354  val=0.996566  lr=1.00e-05
2026-03-06 06:05:45  INFO          NMI (labeled, K=7): 0.0088
2026-03-06 06:05:58  INFO        [VCN] 431/500  train=0.996355  val=0.996566  lr=1.00e-05
2026-03-06 06:06:10  INFO        [VCN] 432/500  train=0.996356  val=0.996565  lr=1.00e-05
2026-03-06 06:06:22  INFO        [VCN] 433/500  train=0.996354  val=0.996565  lr=1.00e-05
2026-03-06 06:06:35  INFO        [VCN] 434/500  train=0.996355  val=0.996566  lr=1.00e-05
2026-03-06 06:06:47  INFO        [VCN] 435/500  train=0.996354  val=0.996565  lr=1.00e-05
2026-03-06 06:07:00  INFO        [VCN] 436/500  train=0.996355  val=0.996565  lr=1.00e-05
2026-03-06 06:07:13  INFO        [VCN] 437/500  train=0.996354  val=0.996564  lr=1.00e-05 *
2026-03-06 06:07:25  INFO        [VCN] 438/500  train=0.996354  val=0.996565  lr=1.00e-05
2026-03-06 06:07:37  INFO        [VCN] 439/500  train=0.996356  val=0.996566  lr=1.00e-05
2026-03-06 06:07:49  INFO        [VCN] 440/500  train=0.996353  val=0.996564  lr=1.00e-05
2026-03-06 06:07:52  INFO          NMI (labeled, K=7): 0.0081
2026-03-06 06:08:05  INFO        [VCN] 441/500  train=0.996354  val=0.996565  lr=1.00e-05
2026-03-06 06:08:17  INFO        [VCN] 442/500  train=0.996354  val=0.996565  lr=1.00e-05
2026-03-06 06:08:30  INFO        [VCN] 443/500  train=0.996354  val=0.996565  lr=1.00e-05
2026-03-06 06:08:43  INFO        [VCN] 444/500  train=0.996354  val=0.996567  lr=1.00e-05
2026-03-06 06:08:55  INFO        [VCN] 445/500  train=0.996355  val=0.996565  lr=1.00e-05
2026-03-06 06:09:08  INFO        [VCN] 446/500  train=0.996355  val=0.996564  lr=1.00e-05
2026-03-06 06:09:21  INFO        [VCN] 447/500  train=0.996353  val=0.996565  lr=1.00e-05
2026-03-06 06:09:33  INFO        [VCN] 448/500  train=0.996354  val=0.996564  lr=1.00e-05
2026-03-06 06:09:46  INFO        [VCN] 449/500  train=0.996353  val=0.996564  lr=1.00e-05
2026-03-06 06:09:59  INFO        [VCN] 450/500  train=0.996355  val=0.996564  lr=1.00e-05
2026-03-06 06:10:02  INFO          NMI (labeled, K=7): 0.0096
2026-03-06 06:10:14  INFO        [VCN] 451/500  train=0.996354  val=0.996567  lr=1.00e-05
2026-03-06 06:10:27  INFO        [VCN] 452/500  train=0.996354  val=0.996564  lr=1.00e-05
2026-03-06 06:10:40  INFO        [VCN] 453/500  train=0.996353  val=0.996565  lr=1.00e-05
2026-03-06 06:10:53  INFO        [VCN] 454/500  train=0.996353  val=0.996564  lr=1.00e-05
2026-03-06 06:11:05  INFO        [VCN] 455/500  train=0.996353  val=0.996565  lr=1.00e-05
2026-03-06 06:11:18  INFO        [VCN] 456/500  train=0.996355  val=0.996564  lr=1.00e-05
2026-03-06 06:11:31  INFO        [VCN] 457/500  train=0.996354  val=0.996564  lr=1.00e-05
2026-03-06 06:11:43  INFO        [VCN] 458/500  train=0.996353  val=0.996564  lr=1.00e-05
2026-03-06 06:11:56  INFO        [VCN] 459/500  train=0.996353  val=0.996564  lr=1.00e-05
2026-03-06 06:12:09  INFO        [VCN] 460/500  train=0.996356  val=0.996564  lr=1.00e-05
2026-03-06 06:12:12  INFO          NMI (labeled, K=7): 0.0095
2026-03-06 06:12:25  INFO        [VCN] 461/500  train=0.996355  val=0.996564  lr=1.00e-05
2026-03-06 06:12:38  INFO        [VCN] 462/500  train=0.996354  val=0.996564  lr=1.00e-05
2026-03-06 06:12:50  INFO        [VCN] 463/500  train=0.996352  val=0.996565  lr=1.00e-05
2026-03-06 06:13:03  INFO        [VCN] 464/500  train=0.996352  val=0.996564  lr=1.00e-05
2026-03-06 06:13:16  INFO        [VCN] 465/500  train=0.996353  val=0.996564  lr=1.00e-05
2026-03-06 06:13:28  INFO        [VCN] 466/500  train=0.996355  val=0.996564  lr=1.00e-05
2026-03-06 06:13:41  INFO        [VCN] 467/500  train=0.996353  val=0.996564  lr=1.00e-05
2026-03-06 06:13:54  INFO        [VCN] 468/500  train=0.996355  val=0.996565  lr=1.00e-05
2026-03-06 06:14:06  INFO        [VCN] 469/500  train=0.996353  val=0.996564  lr=1.00e-05
2026-03-06 06:14:19  INFO        [VCN] 470/500  train=0.996352  val=0.996564  lr=1.00e-05
2026-03-06 06:14:22  INFO          NMI (labeled, K=7): 0.0099
2026-03-06 06:14:35  INFO        [VCN] 471/500  train=0.996353  val=0.996564  lr=1.00e-05
2026-03-06 06:14:47  INFO        [VCN] 472/500  train=0.996353  val=0.996564  lr=1.00e-05
2026-03-06 06:15:00  INFO        [VCN] 473/500  train=0.996353  val=0.996564  lr=1.00e-05
2026-03-06 06:15:13  INFO        [VCN] 474/500  train=0.996353  val=0.996564  lr=1.00e-05
2026-03-06 06:15:26  INFO        [VCN] 475/500  train=0.996352  val=0.996563  lr=1.00e-05 *
2026-03-06 06:15:38  INFO        [VCN] 476/500  train=0.996352  val=0.996563  lr=1.00e-05
2026-03-06 06:15:51  INFO        [VCN] 477/500  train=0.996354  val=0.996564  lr=1.00e-05
2026-03-06 06:16:04  INFO        [VCN] 478/500  train=0.996352  val=0.996564  lr=1.00e-05
2026-03-06 06:16:17  INFO        [VCN] 479/500  train=0.996353  val=0.996563  lr=1.00e-05
2026-03-06 06:16:29  INFO        [VCN] 480/500  train=0.996351  val=0.996564  lr=1.00e-05
2026-03-06 06:16:32  INFO          NMI (labeled, K=7): 0.0094
2026-03-06 06:16:45  INFO        [VCN] 481/500  train=0.996357  val=0.996564  lr=1.00e-05
2026-03-06 06:16:57  INFO        [VCN] 482/500  train=0.996353  val=0.996563  lr=1.00e-05
2026-03-06 06:17:10  INFO        [VCN] 483/500  train=0.996352  val=0.996564  lr=1.00e-05
2026-03-06 06:17:23  INFO        [VCN] 484/500  train=0.996356  val=0.996565  lr=1.00e-05
2026-03-06 06:17:35  INFO        [VCN] 485/500  train=0.996353  val=0.996564  lr=1.00e-05
2026-03-06 06:17:48  INFO        [VCN] 486/500  train=0.996352  val=0.996563  lr=1.00e-05
2026-03-06 06:18:01  INFO        [VCN] 487/500  train=0.996354  val=0.996564  lr=1.00e-05
2026-03-06 06:18:14  INFO        [VCN] 488/500  train=0.996353  val=0.996563  lr=1.00e-05
2026-03-06 06:18:26  INFO        [VCN] 489/500  train=0.996353  val=0.996563  lr=1.00e-05
2026-03-06 06:18:39  INFO        [VCN] 490/500  train=0.996352  val=0.996566  lr=1.00e-05
2026-03-06 06:18:42  INFO          NMI (labeled, K=7): 0.0088
2026-03-06 06:18:54  INFO        [VCN] 491/500  train=0.996352  val=0.996564  lr=1.00e-05
2026-03-06 06:19:07  INFO        [VCN] 492/500  train=0.996352  val=0.996563  lr=1.00e-05
2026-03-06 06:19:20  INFO        [VCN] 493/500  train=0.996353  val=0.996563  lr=1.00e-05
2026-03-06 06:19:33  INFO        [VCN] 494/500  train=0.996352  val=0.996563  lr=1.00e-05
2026-03-06 06:19:45  INFO        [VCN] 495/500  train=0.996353  val=0.996564  lr=1.00e-05
2026-03-06 06:19:58  INFO        [VCN] 496/500  train=0.996351  val=0.996563  lr=1.00e-05
2026-03-06 06:20:11  INFO        [VCN] 497/500  train=0.996352  val=0.996563  lr=1.00e-05
2026-03-06 06:20:23  INFO        [VCN] 498/500  train=0.996354  val=0.996563  lr=1.00e-05
2026-03-06 06:20:36  INFO        [VCN] 499/500  train=0.996357  val=0.996563  lr=1.00e-05
2026-03-06 06:20:49  INFO        [VCN] 500/500  train=0.996354  val=0.996563  lr=1.00e-05
2026-03-06 06:20:52  INFO          NMI (labeled, K=7): 0.0081
2026-03-06 06:20:52  INFO      
[3b] Save model
2026-03-06 06:20:52  INFO        Model state dict saved: /home/mahmudm2/codebase/RollingWheels/Scripts/attention_simple/models/vibclustnet_20260306_043347_state_dict.pth
2026-03-06 06:20:52  INFO        Full model saved      : /home/mahmudm2/codebase/RollingWheels/Scripts/attention_simple/models/vibclustnet_20260306_043347_full.pth
2026-03-06 06:20:52  INFO      
[4] Embeddings + PCA
2026-03-06 06:20:54  INFO        PCA: 256d → 9d (var=0.985)
2026-03-06 06:20:54  INFO      
[7] Clustering
2026-03-06 06:20:54  INFO        Super-classes=7  — sweeping K 5..9
2026-03-06 06:21:01  INFO          K= 5  sil=0.1085
2026-03-06 06:21:07  INFO          K= 6  sil=0.1108
2026-03-06 06:21:14  INFO          K= 7  sil=0.1039
2026-03-06 06:21:20  INFO          K= 8  sil=0.0899
2026-03-06 06:21:27  INFO          K= 9  sil=0.0868
2026-03-06 06:21:27  INFO        Best K=6  sil=0.1108
2026-03-06 06:21:28  INFO        Saved figures/17_k_selection_20260306_043347.png
2026-03-06 06:21:40  INFO      
  K-Means cluster → surface (train):
2026-03-06 06:21:40  INFO          cluster  0 → Asphalt + Indoor Carpet
2026-03-06 06:21:40  INFO          cluster  1 → Asphalt + Indoor Carpet
2026-03-06 06:21:40  INFO          cluster  2 → Asphalt + Indoor Carpet
2026-03-06 06:21:40  INFO          cluster  3 → Asphalt + Indoor Carpet
2026-03-06 06:21:40  INFO          cluster  4 → Asphalt + Indoor Carpet
2026-03-06 06:21:40  INFO          cluster  5 → Asphalt + Indoor Carpet
2026-03-06 06:21:40  INFO      
[8] Metrics
2026-03-06 06:21:43  INFO      
── TRAIN ──────────────────────────────────────
2026-03-06 06:21:43  INFO      
        Silhouette     DB       CH    ARI    NMI
KMeans      0.1108 2.0205 649.0520 0.0013 0.0094
Agg         0.6221 0.8929  25.4584 0.0004 0.0025
GMM        -0.0113 6.7132 214.1215 0.0047 0.0190
2026-03-06 06:21:43  INFO      
── TEST ──────────────────────────────────────
2026-03-06 06:21:43  INFO      
        Silhouette     DB       CH     ARI    NMI
KMeans      0.1087 2.0284 162.0409 -0.0013 0.0103
Agg         0.7103 0.3663   6.6436  0.0002 0.0015
GMM        -0.0169 7.8496  52.9168  0.0081 0.0277
2026-03-06 06:21:43  INFO      
Generalisation gap  (train ARI − test ARI):
2026-03-06 06:21:43  INFO        KMeans    train=0.0013  test=-0.0013  gap=+0.0026  [good]
2026-03-06 06:21:44  INFO        Agg       train=0.0004  test=0.0002  gap=+0.0002  [good]
2026-03-06 06:21:45  INFO        GMM       train=0.0047  test=0.0081  gap=-0.0034  [good]
2026-03-06 06:21:45  INFO      
[9] Visualise (t-SNE on test split)
2026-03-06 06:21:45  INFO        t-SNE [Test]...
