2026-03-07 21:10:29  INFO      Log file: /home/mahmudm2/codebase/RollingWheels/Scripts/attention_simple/logs/run_20260307_211029_26_unsup.log
2026-03-07 21:10:29  INFO      Device: cuda
2026-03-07 21:10:29  INFO      Run timestamp: 20260307_211029
2026-03-07 21:10:29  INFO      
[1] Load all windowed data (no labels)
2026-03-07 21:10:29  INFO        Loading: ../../Datasets/ExtractedFeatures/labeled_accelerometer_raw_windows.csv
2026-03-07 21:10:34  INFO        Rows: 8153088  Windows: 7962
2026-03-07 21:10:37  INFO        Loading: ../../Datasets/ExtractedFeatures/unlabeled_accelerometer_raw_windows.csv
2026-03-07 21:10:45  INFO        Rows: 24242176  Windows: 23674
2026-03-07 21:10:54  INFO        Total windows: 31636
2026-03-07 21:10:54  INFO        Train: 25309  Test: 6327
2026-03-07 21:10:54  INFO        Window length T=1024
2026-03-07 21:10:54  INFO      
[2] Train VibClustNet autoencoder (reconstruction only)
2026-03-07 21:10:55  INFO        Parameters: 581,236
2026-03-07 21:11:18  INFO        [VCN]   1/150  rec=0.3400  val_rec=0.3397  lr=1.00e-03 *
2026-03-07 21:11:40  INFO        [VCN]   2/150  rec=0.3400  val_rec=0.3394  lr=1.00e-03 *
2026-03-07 21:12:03  INFO        [VCN]   3/150  rec=0.3398  val_rec=0.3393  lr=1.00e-03 *
2026-03-07 21:12:25  INFO        [VCN]   4/150  rec=0.3399  val_rec=0.3391  lr=1.00e-03 *
2026-03-07 21:12:47  INFO        [VCN]   5/150  rec=0.3398  val_rec=0.3392  lr=1.00e-03
2026-03-07 21:13:09  INFO        [VCN]   6/150  rec=0.3398  val_rec=0.3392  lr=1.00e-03
2026-03-07 21:13:31  INFO        [VCN]   7/150  rec=0.3399  val_rec=0.3395  lr=1.00e-03
2026-03-07 21:13:53  INFO        [VCN]   8/150  rec=0.3401  val_rec=0.3393  lr=1.00e-03
2026-03-07 21:14:16  INFO        [VCN]   9/150  rec=0.3400  val_rec=0.3393  lr=1.00e-03
2026-03-07 21:14:38  INFO        [VCN]  10/150  rec=0.3399  val_rec=0.3392  lr=1.00e-03
2026-03-07 21:15:00  INFO        [VCN]  11/150  rec=0.3399  val_rec=0.3392  lr=1.00e-03
2026-03-07 21:15:22  INFO        [VCN]  12/150  rec=0.3398  val_rec=0.3392  lr=1.00e-03
2026-03-07 21:15:45  INFO        [VCN]  13/150  rec=0.3398  val_rec=0.3392  lr=1.00e-03
2026-03-07 21:16:07  INFO        [VCN]  14/150  rec=0.3398  val_rec=0.3392  lr=1.00e-03
2026-03-07 21:16:29  INFO        [VCN]  15/150  rec=0.3398  val_rec=0.3392  lr=1.00e-03
2026-03-07 21:16:51  INFO        [VCN]  16/150  rec=0.3398  val_rec=0.3391  lr=1.00e-03
2026-03-07 21:17:13  INFO        [VCN]  17/150  rec=0.3398  val_rec=0.3392  lr=1.00e-03
2026-03-07 21:17:35  INFO        [VCN]  18/150  rec=0.3398  val_rec=0.3391  lr=1.00e-03 *
2026-03-07 21:17:57  INFO        [VCN]  19/150  rec=0.3398  val_rec=0.3393  lr=1.00e-03
2026-03-07 21:18:18  INFO        [VCN]  20/150  rec=0.3398  val_rec=0.3394  lr=5.00e-04
2026-03-07 21:18:40  INFO        [VCN]  21/150  rec=0.3398  val_rec=0.3392  lr=5.00e-04
2026-03-07 21:19:02  INFO        [VCN]  22/150  rec=0.3398  val_rec=0.3391  lr=5.00e-04 *
2026-03-07 21:19:24  INFO        [VCN]  23/150  rec=0.3398  val_rec=0.3391  lr=5.00e-04
2026-03-07 21:19:46  INFO        [VCN]  24/150  rec=0.3398  val_rec=0.3391  lr=5.00e-04
2026-03-07 21:20:08  INFO        [VCN]  25/150  rec=0.3397  val_rec=0.3391  lr=5.00e-04
2026-03-07 21:20:30  INFO        [VCN]  26/150  rec=0.3398  val_rec=0.3391  lr=5.00e-04
2026-03-07 21:20:52  INFO        [VCN]  27/150  rec=0.3397  val_rec=0.3391  lr=5.00e-04 *
2026-03-07 21:21:14  INFO        [VCN]  28/150  rec=0.3398  val_rec=0.3391  lr=5.00e-04
2026-03-07 21:21:36  INFO        [VCN]  29/150  rec=0.3398  val_rec=0.3391  lr=5.00e-04 *
