2026-03-07 04:26:00  INFO      Log file: /home/mahmudm2/codebase/RollingWheels/Scripts/attention_simple/logs/run_20260307_042600_24_gpu.log
2026-03-07 04:26:00  INFO      Device: cuda
2026-03-07 04:26:00  INFO      Run timestamp: 20260307_042600
2026-03-07 04:26:00  INFO      Figures dir  : /home/mahmudm2/codebase/RollingWheels/Scripts/attention_simple/figures
2026-03-07 04:26:00  INFO      Models dir   : /home/mahmudm2/codebase/RollingWheels/Scripts/attention_simple/models
2026-03-07 04:26:00  INFO      
[0] Surface names
2026-03-07 04:26:00  INFO            1 -> Paving Blocks (Smooth) (Red)
2026-03-07 04:26:00  INFO            2 -> Concrete Sidewalk
2026-03-07 04:26:00  INFO            3 -> Smooth Brick (High Street)
2026-03-07 04:26:00  INFO            4 -> Rough brick (High Street)
2026-03-07 04:26:00  INFO            5 -> Asphalt / Tar surface
2026-03-07 04:26:00  INFO            6 -> Indoor Carpet (low-pile)
2026-03-07 04:26:00  INFO            7 -> Indoor Linoleum
2026-03-07 04:26:00  INFO            8 -> Indoor Tile
2026-03-07 04:26:00  INFO            9 -> Curb Up
2026-03-07 04:26:00  INFO           10 -> Curb Down
2026-03-07 04:26:00  INFO           11 -> Rectangular Paving Tiles
2026-03-07 04:26:00  INFO           12 -> Paving Blocks (Rough)
2026-03-07 04:26:00  INFO      
[1] Load windowed data (labeled + unlabeled)
2026-03-07 04:26:00  INFO        Loading: ../../Datasets/ExtractedFeatures/labeled_accelerometer_raw_windows.csv
2026-03-07 04:26:06  INFO        Rows: 8153088  Windows: 7962
2026-03-07 04:26:10  INFO        Labeled windows: 7962  Classes: [0, 1, 2, 3, 4, 6, 7]
2026-03-07 04:26:10  INFO        Loading: ../../Datasets/ExtractedFeatures/unlabeled_accelerometer_raw_windows.csv
2026-03-07 04:26:20  INFO        Rows: 24242176  Windows: 23674
2026-03-07 04:26:29  INFO        Unlabeled windows: 23674
2026-03-07 04:26:29  INFO        Stratified split (labeled only):
2026-03-07 04:26:29  INFO          Surface 0                     :  1109 train   277 test
2026-03-07 04:26:29  INFO          Paving Blocks (Smooth) (Red)  :   671 train   167 test
2026-03-07 04:26:29  INFO          Concrete Sidewalk             :   905 train   226 test
2026-03-07 04:26:29  INFO          Smooth Brick (High Street)    :  1719 train   429 test
2026-03-07 04:26:29  INFO          Rough brick (High Street)     :   958 train   239 test
2026-03-07 04:26:29  INFO          Indoor Carpet (low-pile)      :   454 train   113 test
2026-03-07 04:26:29  INFO          Indoor Linoleum               :   556 train   139 test
2026-03-07 04:26:29  INFO        Training set: 6372 labeled + 23674 unlabeled = 30046 total
2026-03-07 04:26:29  INFO      
[2] Super-class distribution (labeled train):
2026-03-07 04:26:29  INFO          Paving Blocks (Smooth) / Indoor Tile: 1109 windows
2026-03-07 04:26:29  INFO          Concrete Sidewalk             : 671 windows
2026-03-07 04:26:29  INFO          Brick (Smooth + Rough)        : 905 windows
2026-03-07 04:26:29  INFO          Asphalt + Indoor Carpet       : 1719 windows
2026-03-07 04:26:29  INFO          Indoor Linoleum               : 958 windows
2026-03-07 04:26:29  INFO          Curb (Up + Down)              : 454 windows
2026-03-07 04:26:29  INFO          Rect. Tiles / Paving Blocks (Rough): 556 windows
2026-03-07 04:26:29  INFO      
[3] Train VibClustNet autoencoder
2026-03-07 04:26:31  INFO        Parameters: 689,804
2026-03-07 04:27:19  INFO        [VCN]   1/150  rec=0.3518  cls=1.3955  val_rec=0.3553  val_cls=1.1538  lr=1.00e-03 *
2026-03-07 04:28:07  INFO        [VCN]   2/150  rec=0.3516  cls=1.0340  val_rec=0.3552  val_cls=1.0148  lr=1.00e-03 *
2026-03-07 04:28:56  INFO        [VCN]   3/150  rec=0.3516  cls=0.8385  val_rec=0.3552  val_cls=0.7883  lr=1.00e-03 *
2026-03-07 04:29:44  INFO        [VCN]   4/150  rec=0.3516  cls=0.7214  val_rec=0.3552  val_cls=0.6275  lr=1.00e-03 *
2026-03-07 04:30:32  INFO        [VCN]   5/150  rec=0.3516  cls=0.6136  val_rec=0.3552  val_cls=0.6420  lr=1.00e-03
2026-03-07 04:31:20  INFO        [VCN]   6/150  rec=0.3516  cls=0.5374  val_rec=0.3552  val_cls=0.6329  lr=1.00e-03
2026-03-07 04:32:09  INFO        [VCN]   7/150  rec=0.3516  cls=0.4971  val_rec=0.3552  val_cls=0.5005  lr=1.00e-03 *
2026-03-07 04:32:57  INFO        [VCN]   8/150  rec=0.3516  cls=0.4306  val_rec=0.3553  val_cls=0.6488  lr=1.00e-03
2026-03-07 04:33:45  INFO        [VCN]   9/150  rec=0.3516  cls=0.3586  val_rec=0.3552  val_cls=0.3210  lr=1.00e-03 *
2026-03-07 04:34:34  INFO        [VCN]  10/150  rec=0.3515  cls=0.3274  val_rec=0.3552  val_cls=0.3172  lr=1.00e-03 *
2026-03-07 04:34:36  INFO          NMI (labeled, K=7): 0.7947
2026-03-07 04:35:25  INFO        [VCN]  11/150  rec=0.3515  cls=0.2828  val_rec=0.3552  val_cls=0.3788  lr=1.00e-03
2026-03-07 04:36:14  INFO        [VCN]  12/150  rec=0.3515  cls=0.2367  val_rec=0.3552  val_cls=0.3215  lr=1.00e-03
2026-03-07 04:37:02  INFO        [VCN]  13/150  rec=0.3515  cls=0.2110  val_rec=0.3552  val_cls=0.3170  lr=1.00e-03 *
2026-03-07 04:37:50  INFO        [VCN]  14/150  rec=0.3515  cls=0.1794  val_rec=0.3552  val_cls=0.2219  lr=1.00e-03 *
2026-03-07 04:38:39  INFO        [VCN]  15/150  rec=0.3515  cls=0.1768  val_rec=0.3552  val_cls=0.2714  lr=1.00e-03
2026-03-07 04:39:27  INFO        [VCN]  16/150  rec=0.3515  cls=0.1523  val_rec=0.3552  val_cls=0.2613  lr=1.00e-03
2026-03-07 04:40:15  INFO        [VCN]  17/150  rec=0.3515  cls=0.1154  val_rec=0.3552  val_cls=0.2039  lr=1.00e-03 *
2026-03-07 04:41:03  INFO        [VCN]  18/150  rec=0.3515  cls=0.1437  val_rec=0.3552  val_cls=0.2314  lr=1.00e-03
2026-03-07 04:41:52  INFO        [VCN]  19/150  rec=0.3515  cls=0.1038  val_rec=0.3552  val_cls=0.2103  lr=1.00e-03
2026-03-07 04:42:40  INFO        [VCN]  20/150  rec=0.3515  cls=0.1001  val_rec=0.3552  val_cls=0.1929  lr=1.00e-03 *
2026-03-07 04:42:42  INFO          NMI (labeled, K=7): 0.9355
