2026-03-10 09:44:25  INFO      Log file: /Users/nadim/MyFiles/vscode/RollingWheels/Scripts/attention_simple/logs/run_20260310_094425_24_cosine_results.log
2026-03-10 09:44:25  INFO      Device: mps
2026-03-10 09:44:25  INFO      Run timestamp: 20260310_094425
2026-03-10 09:44:25  INFO      Figures dir  : /Users/nadim/MyFiles/vscode/RollingWheels/Scripts/attention_simple/figures/surface_clustering_24_mps_cosine_result_only_20260310_094425
2026-03-10 09:44:25  INFO      
[0] Surface names
2026-03-10 09:44:25  INFO            1 -> Paving Blocks (Smooth) (Red)
2026-03-10 09:44:25  INFO            2 -> Concrete Sidewalk
2026-03-10 09:44:25  INFO            3 -> Smooth Brick (High Street)
2026-03-10 09:44:25  INFO            4 -> Rough brick (High Street)
2026-03-10 09:44:25  INFO            5 -> Asphalt / Tar surface
2026-03-10 09:44:25  INFO            6 -> Indoor Carpet (low-pile)
2026-03-10 09:44:25  INFO            7 -> Indoor Linoleum
2026-03-10 09:44:25  INFO            8 -> Indoor Tile
2026-03-10 09:44:25  INFO            9 -> Curb Up
2026-03-10 09:44:25  INFO           10 -> Curb Down
2026-03-10 09:44:25  INFO           11 -> Rectangular Paving Tiles
2026-03-10 09:44:25  INFO           12 -> Paving Blocks (Rough)
2026-03-10 09:44:25  INFO      
[1] Load windowed data (labeled + unlabeled)
2026-03-10 09:44:25  INFO        Loading: ../../Datasets/ExtractedFeatures/labeled_accelerometer_raw_windows.csv
2026-03-10 09:44:27  INFO        Rows: 8153088  Windows: 7962
2026-03-10 09:44:28  INFO        Labeled windows: 7962  Classes: [np.int64(0), np.int64(1), np.int64(2), np.int64(3), np.int64(4), np.int64(6), np.int64(7)]
2026-03-10 09:44:28  INFO        Loading: ../../Datasets/ExtractedFeatures/unlabeled_accelerometer_raw_windows.csv
2026-03-10 09:44:33  INFO        Rows: 24242176  Windows: 23674
2026-03-10 09:44:36  INFO        Unlabeled windows: 23674
2026-03-10 09:44:36  INFO        Stratified split (labeled only):
2026-03-10 09:44:36  INFO          Surface 0                     :  1109 train   277 test
2026-03-10 09:44:36  INFO          Paving Blocks (Smooth) (Red)  :   671 train   167 test
2026-03-10 09:44:36  INFO          Concrete Sidewalk             :   905 train   226 test
2026-03-10 09:44:36  INFO          Smooth Brick (High Street)    :  1719 train   429 test
2026-03-10 09:44:36  INFO          Rough brick (High Street)     :   958 train   239 test
2026-03-10 09:44:36  INFO          Indoor Carpet (low-pile)      :   454 train   113 test
2026-03-10 09:44:36  INFO          Indoor Linoleum               :   556 train   139 test
2026-03-10 09:44:36  INFO      
[2] Super-class distribution (train):
2026-03-10 09:44:36  INFO          Paving Blocks (Smooth) / Indoor Tile: 1109 windows
2026-03-10 09:44:36  INFO          Concrete Sidewalk             : 671 windows
2026-03-10 09:44:36  INFO          Brick (Smooth + Rough)        : 905 windows
2026-03-10 09:44:36  INFO          Asphalt + Indoor Carpet       : 1719 windows
2026-03-10 09:44:36  INFO          Indoor Linoleum               : 958 windows
2026-03-10 09:44:36  INFO          Curb (Up + Down)              : 454 windows
2026-03-10 09:44:36  INFO          Rect. Tiles / Paving Blocks (Rough): 556 windows
2026-03-10 09:44:36  INFO      
[3] Load VibClustNet (script-24 model) from checkpoint
2026-03-10 09:44:36  INFO        Loaded: /Users/nadim/MyFiles/vscode/RollingWheels/Scripts/attention_simple/vibclustnet_best_24.pth
2026-03-10 09:44:36  INFO        Parameters: 513,020
2026-03-10 09:44:36  INFO      
[4] Embeddings + PCA (labeled train / test)
2026-03-10 09:44:54  INFO        PCA: 128d → 6d (var=0.970)
2026-03-10 09:44:54  INFO      
[4b] Embed unlabeled windows (23674)
2026-03-10 09:45:41  INFO        Unlabeled embeddings: (23674, 128)  PCA: (23674, 6)
2026-03-10 09:45:41  INFO      
[5] Clustering
2026-03-10 09:45:41  INFO        Super-classes=7  — sweeping K 5..9
2026-03-10 09:45:45  INFO          K= 5  sil=0.4042
2026-03-10 09:45:49  INFO          K= 6  sil=0.3582
2026-03-10 09:45:52  INFO          K= 7  sil=0.3595
2026-03-10 09:45:55  INFO          K= 8  sil=0.3420
2026-03-10 09:45:59  INFO          K= 9  sil=0.3300
2026-03-10 09:45:59  INFO        Best K=5  sil=0.4042
2026-03-10 09:45:59  INFO        Saved figures/surface_clustering_24_mps_cosine_result_only_20260310_094425/17_k_selection_20260310_094425.png
2026-03-10 09:46:02  INFO          SBScan auto-eps=0.0319  (knee idx=5960/6372)
2026-03-10 09:46:02  INFO          SBScan: 8 clusters, 6210 non-noise / 6372 total
2026-03-10 09:46:04  INFO      
  K-Means cluster → surface (train):
2026-03-10 09:46:04  INFO          cluster  0 → Asphalt + Indoor Carpet
2026-03-10 09:46:04  INFO          cluster  1 → Brick (Smooth + Rough)
2026-03-10 09:46:04  INFO          cluster  2 → Paving Blocks (Smooth) / Indoor Tile
2026-03-10 09:46:04  INFO          cluster  3 → Concrete Sidewalk
2026-03-10 09:46:04  INFO          cluster  4 → Indoor Linoleum
2026-03-10 09:46:04  INFO      
  SBScan cluster → surface (train):
2026-03-10 09:46:04  INFO          cluster -1 → Surface -1
2026-03-10 09:46:04  INFO          cluster  0 → Paving Blocks (Smooth) / Indoor Tile
2026-03-10 09:46:04  INFO          cluster  1 → Concrete Sidewalk
2026-03-10 09:46:04  INFO          cluster  2 → Brick (Smooth + Rough)
2026-03-10 09:46:04  INFO          cluster  3 → Asphalt + Indoor Carpet
2026-03-10 09:46:04  INFO          cluster  4 → Asphalt + Indoor Carpet
2026-03-10 09:46:04  INFO          cluster  5 → Indoor Linoleum
2026-03-10 09:46:04  INFO          cluster  6 → Curb (Up + Down)
2026-03-10 09:46:04  INFO          cluster  7 → Rect. Tiles / Paving Blocks (Rough)
2026-03-10 09:46:04  INFO      
[6] Evaluation metrics (labeled)
2026-03-10 09:46:07  INFO      
── TRAIN ──────────────────────────────────────
2026-03-10 09:46:07  INFO      
            Silhouette      DB        CH    ARI    NMI   Dunn
KMeans          0.6167  0.9953 3117.4175 0.8306 0.8896 0.7394
Agg             0.5345  0.9605 2487.8430 0.6859 0.8465 0.7950
GMM             0.6132  0.9992 3087.8672 0.8283 0.8891 0.7418
SBScan          0.7362  0.6331 4606.7090 0.9854 0.9851 0.9635
POS             0.5728  1.0482 2660.9849 0.7761 0.8538 0.6290
RandAssign     -0.0130 76.1912    1.2850 0.0001 0.0015 0.0117
GSA             0.5182  1.0920 2275.9790 0.6858 0.7706 0.6750
RandClust       0.3052  1.5790 1285.3271 0.4591 0.5987 0.4666
2026-03-10 09:46:07  INFO      
── TEST ──────────────────────────────────────
2026-03-10 09:46:07  INFO      
            Silhouette      DB       CH    ARI    NMI   Dunn
KMeans          0.5374  1.0726 664.4083 0.7639 0.8129 0.6255
Agg             0.4820  1.0484 580.7491 0.6005 0.7213 0.7030
GMM             0.5229  1.0713 646.2805 0.7578 0.8060 0.6236
SBScan          0.5938  0.7889 802.6595 0.9229 0.9222 0.8308
POS             0.4883  1.1262 573.2125 0.7033 0.7646 0.5288
RandAssign     -0.0255 37.5626   0.9787 0.0006 0.0056 0.0229
GSA             0.4446  1.1775 505.7405 0.6056 0.6882 0.5776
RandClust       0.3288  1.5665 352.6571 0.4168 0.5501 0.3929
2026-03-10 09:46:07  INFO      
Generalisation gap  (train ARI − test ARI):
2026-03-10 09:46:07  INFO        KMeans        train=0.8306  test=0.7639  gap=+0.0668  [good]
2026-03-10 09:46:08  INFO        Agg           train=0.6859  test=0.6005  gap=+0.0855  [good]
2026-03-10 09:46:08  INFO        GMM           train=0.8283  test=0.7578  gap=+0.0705  [good]
2026-03-10 09:46:08  INFO        SBScan        train=0.9854  test=0.9229  gap=+0.0625  [good]
2026-03-10 09:46:09  INFO        POS           train=0.7761  test=0.7033  gap=+0.0728  [good]
2026-03-10 09:46:09  INFO        RandAssign    train=0.0001  test=0.0006  gap=-0.0005  [good]
2026-03-10 09:46:09  INFO        GSA           train=0.6858  test=0.6056  gap=+0.0802  [good]
2026-03-10 09:46:10  INFO        RandClust     train=0.4591  test=0.4168  gap=+0.0423  [good]
2026-03-10 09:46:37  INFO      
── UNLABELED (unsupervised + ARI/NMI vs KMeans pseudo-GT) ──────────
2026-03-10 09:46:37  INFO      
            Silhouette       DB        CH   Dunn  ARI_vs_KM  NMI_vs_KM
KMeans          0.4142   1.4038 5021.7930 0.5243     1.0000     1.0000
Agg             0.3948   1.4069 6566.1626 0.5006     0.5600     0.5020
GMM             0.3506   1.6422 4845.6865 0.4057     0.5431     0.5451
SBScan          0.4025   1.3852 4244.3252 0.5109     0.7661     0.6690
POS             0.3503   1.5839 8153.2095 0.5017     0.3823     0.4522
RandAssign     -0.0048 280.2087    0.2463 0.0032    -0.0000     0.0001
GSA             0.3120   1.5829 5503.2900 0.4366     0.2997     0.3732
RandClust       0.2869   1.7966 6221.3169 0.3469     0.3025     0.3087
2026-03-10 09:46:37  INFO      
[6b] Save unlabeled predictions
2026-03-10 09:46:37  INFO        Unlabeled predictions saved: /Users/nadim/MyFiles/vscode/RollingWheels/Scripts/attention_simple/24_cosine_results_unlabeled_predictions.csv  (23674 windows)
2026-03-10 09:46:37  INFO      
[7] t-SNE + UMAP visualisation (labeled test split)
2026-03-10 09:46:37  INFO        t-SNE [Test]...
2026-03-10 09:46:40  INFO        UMAP [Test]...
2026-03-10 09:46:45  INFO        Saved figures/surface_clustering_24_mps_cosine_result_only_20260310_094425/18_tsne_test_clusters_20260310_094425.png
2026-03-10 09:46:45  INFO        Saved figures/surface_clustering_24_mps_cosine_result_only_20260310_094425/tsne_K-Means_20260310_094425.png
2026-03-10 09:46:45  INFO        Saved figures/surface_clustering_24_mps_cosine_result_only_20260310_094425/tsne_Agglomerative_20260310_094425.png
2026-03-10 09:46:45  INFO        Saved figures/surface_clustering_24_mps_cosine_result_only_20260310_094425/tsne_GMM_20260310_094425.png
2026-03-10 09:46:46  INFO        Saved figures/surface_clustering_24_mps_cosine_result_only_20260310_094425/tsne_SBScan_20260310_094425.png
2026-03-10 09:46:46  INFO        Saved figures/surface_clustering_24_mps_cosine_result_only_20260310_094425/tsne_PSO_20260310_094425.png
2026-03-10 09:46:46  INFO        Saved figures/surface_clustering_24_mps_cosine_result_only_20260310_094425/tsne_RandomAssign_20260310_094425.png
2026-03-10 09:46:46  INFO        Saved figures/surface_clustering_24_mps_cosine_result_only_20260310_094425/tsne_GravitationalSearch_20260310_094425.png
2026-03-10 09:46:46  INFO        Saved figures/surface_clustering_24_mps_cosine_result_only_20260310_094425/tsne_RandomClustering_20260310_094425.png
2026-03-10 09:46:46  INFO        Saved figures/surface_clustering_24_mps_cosine_result_only_20260310_094425/tsne_GroundTruth_20260310_094425.png
2026-03-10 09:46:46  INFO        Saved figures/surface_clustering_24_mps_cosine_result_only_20260310_094425/umap_K-Means_20260310_094425.png
2026-03-10 09:46:46  INFO        Saved figures/surface_clustering_24_mps_cosine_result_only_20260310_094425/umap_Agglomerative_20260310_094425.png
2026-03-10 09:46:46  INFO        Saved figures/surface_clustering_24_mps_cosine_result_only_20260310_094425/umap_GMM_20260310_094425.png
2026-03-10 09:46:46  INFO        Saved figures/surface_clustering_24_mps_cosine_result_only_20260310_094425/umap_SBScan_20260310_094425.png
2026-03-10 09:46:46  INFO        Saved figures/surface_clustering_24_mps_cosine_result_only_20260310_094425/umap_PSO_20260310_094425.png
2026-03-10 09:46:46  INFO        Saved figures/surface_clustering_24_mps_cosine_result_only_20260310_094425/umap_RandomAssign_20260310_094425.png
2026-03-10 09:46:47  INFO        Saved figures/surface_clustering_24_mps_cosine_result_only_20260310_094425/umap_GravitationalSearch_20260310_094425.png
2026-03-10 09:46:47  INFO        Saved figures/surface_clustering_24_mps_cosine_result_only_20260310_094425/umap_RandomClustering_20260310_094425.png
2026-03-10 09:46:47  INFO        Saved figures/surface_clustering_24_mps_cosine_result_only_20260310_094425/umap_GroundTruth_20260310_094425.png
2026-03-10 09:46:47  INFO      
  Fixed-K experiment  K=[3, 5, 7, 11]
2026-03-10 09:46:48  INFO        Saved figures/surface_clustering_24_mps_cosine_result_only_20260310_094425/20_fixed_k_tsne_20260310_094425.png
2026-03-10 09:46:48  INFO      
  Cluster quality — t-SNE projection:
2026-03-10 09:46:48  INFO        K          Silhouette   Davies-Bouldin  Quality
2026-03-10 09:46:48  INFO        ----------------------------------------------
2026-03-10 09:46:48  INFO        K=3            0.4793           1.3598  Good
2026-03-10 09:46:48  INFO        K=5            0.5387           1.0520  Good
2026-03-10 09:46:48  INFO        K=7            0.6328           0.8333  Excellent
2026-03-10 09:46:48  INFO        K=11           0.5174           1.3234  Good
2026-03-10 09:46:48  INFO        Saved figures/surface_clustering_24_mps_cosine_result_only_20260310_094425/20_fixed_k_umap_20260310_094425.png
2026-03-10 09:46:48  INFO      
  Cluster quality — UMAP projection:
2026-03-10 09:46:48  INFO        K          Silhouette   Davies-Bouldin  Quality
2026-03-10 09:46:48  INFO        ----------------------------------------------
2026-03-10 09:46:48  INFO        K=3            0.4793           1.3598  Good
2026-03-10 09:46:48  INFO        K=5            0.5387           1.0520  Good
2026-03-10 09:46:48  INFO        K=7            0.6328           0.8333  Excellent
2026-03-10 09:46:48  INFO        K=11           0.5174           1.3234  Good
2026-03-10 09:46:48  INFO      
[8] VibClustNet diagnostic plots (labeled test)
2026-03-10 09:46:54  INFO        Saved figures/surface_clustering_24_mps_cosine_result_only_20260310_094425/vcn_temporal_attention_20260310_094425.png
2026-03-10 09:46:54  INFO        Saved figures/surface_clustering_24_mps_cosine_result_only_20260310_094425/vcn_caim_heatmap_20260310_094425.png
2026-03-10 09:46:54  INFO        Saved figures/surface_clustering_24_mps_cosine_result_only_20260310_094425/vcn_reconstruction_20260310_094425.png
2026-03-10 09:46:54  INFO      
[9] Unlabeled visualisation (23674 windows)
2026-03-10 09:46:54  INFO        t-SNE [Unlabeled]...
2026-03-10 09:47:49  INFO        UMAP [Unlabeled]...
2026-03-10 09:48:03  INFO        Saved figures/surface_clustering_24_mps_cosine_result_only_20260310_094425/19_tsne_unlabeled_clusters_20260310_094425.png
2026-03-10 09:48:03  INFO        Saved figures/surface_clustering_24_mps_cosine_result_only_20260310_094425/tsne_unlabeled_K-Means_20260310_094425.png
2026-03-10 09:48:03  INFO        Saved figures/surface_clustering_24_mps_cosine_result_only_20260310_094425/tsne_unlabeled_Agglomerative_20260310_094425.png
2026-03-10 09:48:03  INFO        Saved figures/surface_clustering_24_mps_cosine_result_only_20260310_094425/tsne_unlabeled_GMM_20260310_094425.png
2026-03-10 09:48:03  INFO        Saved figures/surface_clustering_24_mps_cosine_result_only_20260310_094425/tsne_unlabeled_SBScan_20260310_094425.png
2026-03-10 09:48:03  INFO        Saved figures/surface_clustering_24_mps_cosine_result_only_20260310_094425/tsne_unlabeled_PSO_20260310_094425.png
2026-03-10 09:48:04  INFO        Saved figures/surface_clustering_24_mps_cosine_result_only_20260310_094425/tsne_unlabeled_RandomAssign_20260310_094425.png
2026-03-10 09:48:04  INFO        Saved figures/surface_clustering_24_mps_cosine_result_only_20260310_094425/tsne_unlabeled_GravitationalSearch_20260310_094425.png
2026-03-10 09:48:04  INFO        Saved figures/surface_clustering_24_mps_cosine_result_only_20260310_094425/tsne_unlabeled_RandomClustering_20260310_094425.png
2026-03-10 09:48:05  INFO        Saved figures/surface_clustering_24_mps_cosine_result_only_20260310_094425/19_umap_unlabeled_clusters_20260310_094425.png
2026-03-10 09:48:05  INFO        Saved figures/surface_clustering_24_mps_cosine_result_only_20260310_094425/umap_unlabeled_K-Means_20260310_094425.png
2026-03-10 09:48:05  INFO        Saved figures/surface_clustering_24_mps_cosine_result_only_20260310_094425/umap_unlabeled_Agglomerative_20260310_094425.png
2026-03-10 09:48:05  INFO        Saved figures/surface_clustering_24_mps_cosine_result_only_20260310_094425/umap_unlabeled_GMM_20260310_094425.png
2026-03-10 09:48:05  INFO        Saved figures/surface_clustering_24_mps_cosine_result_only_20260310_094425/umap_unlabeled_SBScan_20260310_094425.png
2026-03-10 09:48:06  INFO        Saved figures/surface_clustering_24_mps_cosine_result_only_20260310_094425/umap_unlabeled_PSO_20260310_094425.png
2026-03-10 09:48:06  INFO        Saved figures/surface_clustering_24_mps_cosine_result_only_20260310_094425/umap_unlabeled_RandomAssign_20260310_094425.png
2026-03-10 09:48:06  INFO        Saved figures/surface_clustering_24_mps_cosine_result_only_20260310_094425/umap_unlabeled_GravitationalSearch_20260310_094425.png
2026-03-10 09:48:06  INFO        Saved figures/surface_clustering_24_mps_cosine_result_only_20260310_094425/umap_unlabeled_RandomClustering_20260310_094425.png
2026-03-10 09:48:06  INFO      
  Fixed-K experiment on unlabeled data
2026-03-10 09:48:21  INFO        Saved figures/surface_clustering_24_mps_cosine_result_only_20260310_094425/21_fixed_k_tsne_unlabeled_20260310_094425.png
2026-03-10 09:48:21  INFO        K          Silhouette   Davies-Bouldin  Quality
2026-03-10 09:48:21  INFO        ----------------------------------------------
2026-03-10 09:48:21  INFO        K=3            0.4984           1.3498  Good
2026-03-10 09:48:21  INFO        K=5            0.4042           1.4027  Good
2026-03-10 09:48:21  INFO        K=7            0.3595           1.4150  Fair
2026-03-10 09:48:21  INFO        K=11           0.3136           1.4056  Fair
2026-03-10 09:48:37  INFO        Saved figures/surface_clustering_24_mps_cosine_result_only_20260310_094425/21_fixed_k_umap_unlabeled_20260310_094425.png
2026-03-10 09:48:37  INFO        K          Silhouette   Davies-Bouldin  Quality
2026-03-10 09:48:37  INFO        ----------------------------------------------
2026-03-10 09:48:37  INFO        K=3            0.4984           1.3498  Good
2026-03-10 09:48:37  INFO        K=5            0.4042           1.4027  Good
2026-03-10 09:48:37  INFO        K=7            0.3595           1.4150  Fair
2026-03-10 09:48:37  INFO        K=11           0.3136           1.4056  Fair
2026-03-10 09:48:37  INFO      
[9b] VibClustNet diagnostic plots (unlabeled)
