2026-03-06 23:30:14  INFO      Log file: /Users/nadim/MyFiles/vscode/RollingWheels/Scripts/attention_simple/logs/run_20260306_233014_23_gpu.log
2026-03-06 23:30:14  INFO      Device: mps
2026-03-06 23:30:14  INFO      Run timestamp: 20260306_233014
2026-03-06 23:30:14  INFO      Figures dir  : /Users/nadim/MyFiles/vscode/RollingWheels/Scripts/attention_simple/figures/surface_clustering_23_mps_result_only_20260306_233014
2026-03-06 23:30:14  INFO      
[0] Surface names
2026-03-06 23:30:14  WARNING     WARNING: [Errno 2] No such file or directory: '../Datasets/surface_types.csv'
2026-03-06 23:30:14  INFO      
[1] Load windowed data
2026-03-06 23:30:14  INFO        Loading: ../../Datasets/ExtractedFeatures/labeled_accelerometer_raw_windows.csv
2026-03-06 23:30:17  INFO        Rows: 8153088  Windows: 7962
2026-03-06 23:30:18  INFO      
  Windows: (7962, 3, 1024)  Labels: (7962,)
2026-03-06 23:30:18  INFO        Labeled: 7962  Unlabeled: 0
2026-03-06 23:30:18  INFO        Classes: [np.int64(0), np.int64(1), np.int64(2), np.int64(3), np.int64(4), np.int64(6), np.int64(7)]
2026-03-06 23:30:18  INFO        Stratified split:
2026-03-06 23:30:18  INFO          Surface 0                     :  1109 train   277 test
2026-03-06 23:30:18  INFO          Surface 1                     :   671 train   167 test
2026-03-06 23:30:18  INFO          Surface 2                     :   905 train   226 test
2026-03-06 23:30:18  INFO          Surface 3                     :  1719 train   429 test
2026-03-06 23:30:18  INFO          Surface 4                     :   958 train   239 test
2026-03-06 23:30:18  INFO          Surface 6                     :   454 train   113 test
2026-03-06 23:30:18  INFO          Surface 7                     :   556 train   139 test
2026-03-06 23:30:18  INFO      
[2] Super-class distribution (train):
2026-03-06 23:30:18  INFO          Paving Blocks (Smooth) / Indoor Tile: 1109 windows
2026-03-06 23:30:18  INFO          Concrete Sidewalk             : 671 windows
2026-03-06 23:30:18  INFO          Brick (Smooth + Rough)        : 905 windows
2026-03-06 23:30:18  INFO          Asphalt + Indoor Carpet       : 1719 windows
2026-03-06 23:30:18  INFO          Indoor Linoleum               : 958 windows
2026-03-06 23:30:18  INFO          Curb (Up + Down)              : 454 windows
2026-03-06 23:30:18  INFO          Rect. Tiles / Paving Blocks (Rough): 556 windows
2026-03-06 23:30:18  INFO      
[3] Load VibClustNet from checkpoint
2026-03-06 23:30:18  INFO        Loaded: /Users/nadim/MyFiles/vscode/RollingWheels/Scripts/attention_simple/vibclustnet_best_22.pth
2026-03-06 23:30:18  INFO        Parameters: 520,732
2026-03-06 23:30:18  INFO      
[4] Embeddings + PCA
2026-03-06 23:30:38  INFO        PCA: 128d → 7d (var=0.958)
2026-03-06 23:30:38  INFO      
[5] Clustering
2026-03-06 23:30:38  INFO        Super-classes=7  — sweeping K 5..9
2026-03-06 23:30:40  INFO          K= 5  sil=0.4920
2026-03-06 23:30:40  INFO          K= 6  sil=0.5566
2026-03-06 23:30:40  INFO          K= 7  sil=0.6063
2026-03-06 23:30:41  INFO          K= 8  sil=0.5956
2026-03-06 23:30:41  INFO          K= 9  sil=0.5387
2026-03-06 23:30:41  INFO        Best K=7  sil=0.6063
2026-03-06 23:30:42  INFO        Saved figures/surface_clustering_23_mps_result_only_20260306_233014/17_k_selection_20260306_233014.png
2026-03-06 23:30:44  INFO          SBScan auto-eps=0.2079  (knee idx=5734/6372)
2026-03-06 23:30:44  INFO          SBScan: 11 clusters, 6099 non-noise / 6372 total
2026-03-06 23:30:46  INFO      
  K-Means cluster → surface (train):
2026-03-06 23:30:46  INFO          cluster  0 → Brick (Smooth + Rough)
2026-03-06 23:30:46  INFO          cluster  1 → Asphalt + Indoor Carpet
2026-03-06 23:30:46  INFO          cluster  2 → Curb (Up + Down)
2026-03-06 23:30:46  INFO          cluster  3 → Paving Blocks (Smooth) / Indoor Tile
2026-03-06 23:30:46  INFO          cluster  4 → Indoor Linoleum
2026-03-06 23:30:46  INFO          cluster  5 → Rect. Tiles / Paving Blocks (Rough)
2026-03-06 23:30:46  INFO          cluster  6 → Concrete Sidewalk
2026-03-06 23:30:46  INFO      
  SBScan cluster → surface (train):
2026-03-06 23:30:46  INFO          cluster -1 → Surface -1
2026-03-06 23:30:46  INFO          cluster  0 → Paving Blocks (Smooth) / Indoor Tile
2026-03-06 23:30:46  INFO          cluster  1 → Concrete Sidewalk
2026-03-06 23:30:46  INFO          cluster  2 → Brick (Smooth + Rough)
2026-03-06 23:30:46  INFO          cluster  3 → Brick (Smooth + Rough)
2026-03-06 23:30:46  INFO          cluster  4 → Asphalt + Indoor Carpet
2026-03-06 23:30:46  INFO          cluster  5 → Asphalt + Indoor Carpet
2026-03-06 23:30:46  INFO          cluster  6 → Asphalt + Indoor Carpet
2026-03-06 23:30:46  INFO          cluster  7 → Indoor Linoleum
2026-03-06 23:30:46  INFO          cluster  8 → Curb (Up + Down)
2026-03-06 23:30:46  INFO          cluster  9 → Curb (Up + Down)
2026-03-06 23:30:46  INFO          cluster 10 → Rect. Tiles / Paving Blocks (Rough)
2026-03-06 23:30:46  INFO      
[6] Evaluation metrics
2026-03-06 23:30:49  INFO      
── TRAIN ──────────────────────────────────────
2026-03-06 23:30:49  INFO      
            Silhouette      DB        CH    ARI    NMI   Dunn
KMeans          0.6063  0.5458 6574.1201 0.9884 0.9886 1.5156
Agg             0.7791  0.6394 5013.1099 0.9870 0.9886 1.3288
GMM             0.6059  0.5472 6557.9448 0.9870 0.9886 1.5102
SBScan          0.4794  0.6746 4484.7139 0.9789 0.9794 0.7030
POS             0.6028  0.5501 6439.5464 0.9805 0.9775 1.4929
RandAssign     -0.0120 83.2393    0.9391 0.0003 0.0020 0.0097
GSA             0.4501  1.0418 3523.0657 0.7857 0.8630 0.5044
RandClust       0.1450  2.0843 1103.0034 0.4371 0.5921 0.2976
2026-03-06 23:30:49  INFO      
── TEST ──────────────────────────────────────
2026-03-06 23:30:49  INFO      
            Silhouette      DB        CH     ARI    NMI   Dunn
KMeans          0.5126  0.6820 1134.5076  0.9299 0.9195 1.1689
Agg             0.6803  0.7776  901.3918  0.9299 0.9195 1.0272
GMM             0.5093  0.6803 1116.3851  0.9444 0.9330 1.1732
SBScan          0.3808  0.7217  700.3361  0.9348 0.9222 0.5711
POS             0.5024  0.6997 1084.5807  0.9198 0.9150 1.1102
RandAssign     -0.0244 34.7916    1.0624 -0.0003 0.0056 0.0194
GSA             0.3746  1.1345  704.3320  0.7181 0.7971 0.4679
RandClust       0.1319  1.9093  254.9272  0.3690 0.5204 0.2578
2026-03-06 23:30:49  INFO      
Generalisation gap  (train ARI − test ARI):
2026-03-06 23:30:49  INFO        KMeans        train=0.9884  test=0.9299  gap=+0.0585  [good]
2026-03-06 23:30:50  INFO        Agg           train=0.9870  test=0.9299  gap=+0.0571  [good]
2026-03-06 23:30:50  INFO        GMM           train=0.9870  test=0.9444  gap=+0.0425  [good]
2026-03-06 23:30:50  INFO        SBScan        train=0.9789  test=0.9348  gap=+0.0441  [good]
2026-03-06 23:30:51  INFO        POS           train=0.9805  test=0.9198  gap=+0.0607  [good]
2026-03-06 23:30:51  INFO        RandAssign    train=0.0003  test=-0.0003  gap=+0.0006  [good]
2026-03-06 23:30:51  INFO        GSA           train=0.7857  test=0.7181  gap=+0.0676  [good]
2026-03-06 23:30:52  INFO        RandClust     train=0.4371  test=0.3690  gap=+0.0681  [good]
2026-03-06 23:30:52  INFO      
[7] t-SNE + UMAP visualisation (test split) — saving plots
2026-03-06 23:30:52  INFO        t-SNE [Test]...
2026-03-06 23:30:54  INFO        UMAP [Test]...
2026-03-06 23:31:01  INFO        Saved figures/surface_clustering_23_mps_result_only_20260306_233014/18_tsne_test_clusters_20260306_233014.png
2026-03-06 23:31:01  INFO        Saved figures/surface_clustering_23_mps_result_only_20260306_233014/tsne_K-Means_20260306_233014.png
2026-03-06 23:31:01  INFO        Saved figures/surface_clustering_23_mps_result_only_20260306_233014/tsne_Agglomerative_20260306_233014.png
2026-03-06 23:31:01  INFO        Saved figures/surface_clustering_23_mps_result_only_20260306_233014/tsne_GMM_20260306_233014.png
2026-03-06 23:31:01  INFO        Saved figures/surface_clustering_23_mps_result_only_20260306_233014/tsne_SBScan_20260306_233014.png
2026-03-06 23:31:01  INFO        Saved figures/surface_clustering_23_mps_result_only_20260306_233014/tsne_PSO_20260306_233014.png
2026-03-06 23:31:02  INFO        Saved figures/surface_clustering_23_mps_result_only_20260306_233014/tsne_RandomAssign_20260306_233014.png
2026-03-06 23:31:02  INFO        Saved figures/surface_clustering_23_mps_result_only_20260306_233014/tsne_GravitationalSearch_20260306_233014.png
2026-03-06 23:31:02  INFO        Saved figures/surface_clustering_23_mps_result_only_20260306_233014/tsne_RandomClustering_20260306_233014.png
2026-03-06 23:31:02  INFO        Saved figures/surface_clustering_23_mps_result_only_20260306_233014/tsne_GroundTruth_20260306_233014.png
2026-03-06 23:31:02  INFO        Saved figures/surface_clustering_23_mps_result_only_20260306_233014/umap_K-Means_20260306_233014.png
2026-03-06 23:31:02  INFO        Saved figures/surface_clustering_23_mps_result_only_20260306_233014/umap_Agglomerative_20260306_233014.png
2026-03-06 23:31:02  INFO        Saved figures/surface_clustering_23_mps_result_only_20260306_233014/umap_GMM_20260306_233014.png
2026-03-06 23:31:02  INFO        Saved figures/surface_clustering_23_mps_result_only_20260306_233014/umap_SBScan_20260306_233014.png
2026-03-06 23:31:02  INFO        Saved figures/surface_clustering_23_mps_result_only_20260306_233014/umap_PSO_20260306_233014.png
2026-03-06 23:31:02  INFO        Saved figures/surface_clustering_23_mps_result_only_20260306_233014/umap_RandomAssign_20260306_233014.png
2026-03-06 23:31:03  INFO        Saved figures/surface_clustering_23_mps_result_only_20260306_233014/umap_GravitationalSearch_20260306_233014.png
2026-03-06 23:31:03  INFO        Saved figures/surface_clustering_23_mps_result_only_20260306_233014/umap_RandomClustering_20260306_233014.png
2026-03-06 23:31:03  INFO        Saved figures/surface_clustering_23_mps_result_only_20260306_233014/umap_GroundTruth_20260306_233014.png
2026-03-06 23:31:03  INFO      
  Fixed-K experiment  K=[3, 5, 7, 11]
2026-03-06 23:31:03  INFO        Saved figures/surface_clustering_23_mps_result_only_20260306_233014/20_fixed_k_tsne_20260306_233014.png
2026-03-06 23:31:03  INFO      
  Cluster quality — t-SNE projection:
2026-03-06 23:31:03  INFO        K          Silhouette   Davies-Bouldin  Quality
2026-03-06 23:31:03  INFO        ----------------------------------------------
2026-03-06 23:31:03  INFO        K=3            0.3462           1.4058  Fair
2026-03-06 23:31:03  INFO        K=5            0.4219           1.0220  Good
2026-03-06 23:31:03  INFO        K=7            0.5126           0.6833  Good
2026-03-06 23:31:03  INFO        K=11           0.3313           1.3263  Fair
2026-03-06 23:31:04  INFO        Saved figures/surface_clustering_23_mps_result_only_20260306_233014/20_fixed_k_umap_20260306_233014.png
2026-03-06 23:31:04  INFO      
  Cluster quality — UMAP projection:
2026-03-06 23:31:04  INFO        K          Silhouette   Davies-Bouldin  Quality
2026-03-06 23:31:04  INFO        ----------------------------------------------
2026-03-06 23:31:04  INFO        K=3            0.3462           1.4058  Fair
2026-03-06 23:31:04  INFO        K=5            0.4219           1.0220  Good
2026-03-06 23:31:04  INFO        K=7            0.5126           0.6833  Good
2026-03-06 23:31:04  INFO        K=11           0.3313           1.3263  Fair
2026-03-06 23:31:04  INFO      
[8] VibClustNet diagnostic plots
2026-03-06 23:31:10  INFO        Saved figures/surface_clustering_23_mps_result_only_20260306_233014/vcn_temporal_attention_20260306_233014.png
2026-03-06 23:31:10  INFO        Saved figures/surface_clustering_23_mps_result_only_20260306_233014/vcn_caim_heatmap_20260306_233014.png
2026-03-06 23:31:11  INFO        Saved figures/surface_clustering_23_mps_result_only_20260306_233014/vcn_reconstruction_20260306_233014.png
2026-03-06 23:31:11  INFO      
Done!  All plots saved to: /Users/nadim/MyFiles/vscode/RollingWheels/Scripts/attention_simple/figures/surface_clustering_23_mps_result_only_20260306_233014
