2026-03-10 09:58:10  INFO      Log file: /Users/nadim/MyFiles/vscode/RollingWheels/Scripts/attention_simple/logs/run_20260310_095810_24_cosine_results.log
2026-03-10 09:58:10  INFO      Device: mps
2026-03-10 09:58:10  INFO      Run timestamp: 20260310_095810
2026-03-10 09:58:10  INFO      Figures dir  : /Users/nadim/MyFiles/vscode/RollingWheels/Scripts/attention_simple/figures/surface_clustering_24_mps_cosine_result_only_20260310_095810
2026-03-10 09:58:10  INFO      
[0] Surface names
2026-03-10 09:58:10  INFO            1 -> Paving Blocks (Smooth) (Red)
2026-03-10 09:58:10  INFO            2 -> Concrete Sidewalk
2026-03-10 09:58:10  INFO            3 -> Smooth Brick (High Street)
2026-03-10 09:58:10  INFO            4 -> Rough brick (High Street)
2026-03-10 09:58:10  INFO            5 -> Asphalt / Tar surface
2026-03-10 09:58:10  INFO            6 -> Indoor Carpet (low-pile)
2026-03-10 09:58:10  INFO            7 -> Indoor Linoleum
2026-03-10 09:58:10  INFO            8 -> Indoor Tile
2026-03-10 09:58:10  INFO            9 -> Curb Up
2026-03-10 09:58:10  INFO           10 -> Curb Down
2026-03-10 09:58:10  INFO           11 -> Rectangular Paving Tiles
2026-03-10 09:58:10  INFO           12 -> Paving Blocks (Rough)
2026-03-10 09:58:10  INFO      
[1] Load windowed data (labeled + unlabeled)
2026-03-10 09:58:10  INFO        Loading: ../../Datasets/ExtractedFeatures/labeled_accelerometer_raw_windows.csv
2026-03-10 09:58:12  INFO        Rows: 8153088  Windows: 7962
2026-03-10 09:58:13  INFO        Labeled windows: 7962  Classes: [np.int64(0), np.int64(1), np.int64(2), np.int64(3), np.int64(4), np.int64(6), np.int64(7)]
2026-03-10 09:58:13  INFO        Loading: ../../Datasets/ExtractedFeatures/unlabeled_accelerometer_raw_windows.csv
2026-03-10 09:58:18  INFO        Rows: 24242176  Windows: 23674
2026-03-10 09:58:21  INFO        Unlabeled windows: 23674
2026-03-10 09:58:21  INFO        Stratified split (labeled only):
2026-03-10 09:58:21  INFO          Surface 0                     :  1109 train   277 test
2026-03-10 09:58:21  INFO          Paving Blocks (Smooth) (Red)  :   671 train   167 test
2026-03-10 09:58:21  INFO          Concrete Sidewalk             :   905 train   226 test
2026-03-10 09:58:21  INFO          Smooth Brick (High Street)    :  1719 train   429 test
2026-03-10 09:58:21  INFO          Rough brick (High Street)     :   958 train   239 test
2026-03-10 09:58:21  INFO          Indoor Carpet (low-pile)      :   454 train   113 test
2026-03-10 09:58:21  INFO          Indoor Linoleum               :   556 train   139 test
2026-03-10 09:58:21  INFO      
[2] Super-class distribution (train):
2026-03-10 09:58:21  INFO          Paving Blocks (Smooth) / Indoor Tile: 1109 windows
2026-03-10 09:58:21  INFO          Concrete Sidewalk             : 671 windows
2026-03-10 09:58:21  INFO          Brick (Smooth + Rough)        : 905 windows
2026-03-10 09:58:21  INFO          Asphalt + Indoor Carpet       : 1719 windows
2026-03-10 09:58:21  INFO          Indoor Linoleum               : 958 windows
2026-03-10 09:58:21  INFO          Curb (Up + Down)              : 454 windows
2026-03-10 09:58:21  INFO          Rect. Tiles / Paving Blocks (Rough): 556 windows
2026-03-10 09:58:21  INFO      
[3] Load VibClustNet (script-24 model) from checkpoint
2026-03-10 09:58:21  INFO        Loaded: /Users/nadim/MyFiles/vscode/RollingWheels/Scripts/attention_simple/vibclustnet_best_24.pth
2026-03-10 09:58:21  INFO        Parameters: 513,020
2026-03-10 09:58:21  INFO      
[4] Embeddings + PCA (labeled train / test)
2026-03-10 09:58:36  INFO        PCA: 128d → 6d (var=0.970)
2026-03-10 09:58:36  INFO      
[4b] Embed unlabeled windows (23674)
2026-03-10 09:59:24  INFO        Unlabeled embeddings: (23674, 128)  PCA: (23674, 6)
2026-03-10 09:59:24  INFO      
[5] Clustering
2026-03-10 09:59:24  INFO        Super-classes=7  — sweeping K 5..9
