2026-03-06 13:21:56  INFO      Log file: /home/mahmudm2/codebase/RollingWheels/Scripts/attention_simple/logs/run_20260306_132156_21_gpu.log
2026-03-06 13:21:56  INFO      Device: cuda
2026-03-06 13:21:56  INFO      Run timestamp: 20260306_132156
2026-03-06 13:21:56  INFO      Figures dir  : /home/mahmudm2/codebase/RollingWheels/Scripts/attention_simple/figures
2026-03-06 13:21:56  INFO      Models dir   : /home/mahmudm2/codebase/RollingWheels/Scripts/attention_simple/models
2026-03-06 13:21:56  INFO      
[0] Surface names
2026-03-06 13:21:56  WARNING     WARNING: [Errno 2] No such file or directory: '../Datasets/surface_types.csv'
2026-03-06 13:21:56  INFO      
[1] Load windowed pkl
2026-03-06 13:21:56  INFO        Loading: ../../Datasets/ExtractedFeatures/labeled_accelerometer_raw_windows.csv
2026-03-06 13:22:02  INFO        Rows: 8153088  Windows: 7962
2026-03-06 13:22:05  INFO      
  Windows: (7962, 3, 1024)  Labels: (7962,)
2026-03-06 13:22:05  INFO        Labeled: 7962  Unlabeled: 0
2026-03-06 13:22:05  INFO        Classes: [0, 1, 2, 3, 4, 6, 7]
2026-03-06 13:22:05  INFO        Stratified split:
2026-03-06 13:22:05  INFO          Surface 0                     :  1109 train   277 test
2026-03-06 13:22:05  INFO          Surface 1                     :   671 train   167 test
2026-03-06 13:22:05  INFO          Surface 2                     :   905 train   226 test
2026-03-06 13:22:05  INFO          Surface 3                     :  1719 train   429 test
2026-03-06 13:22:05  INFO          Surface 4                     :   958 train   239 test
2026-03-06 13:22:05  INFO          Surface 6                     :   454 train   113 test
2026-03-06 13:22:05  INFO          Surface 7                     :   556 train   139 test
2026-03-06 13:22:05  INFO      
[2] Super-class distribution (train):
2026-03-06 13:22:05  INFO          Paving Blocks (Smooth) / Indoor Tile: 1109 windows
2026-03-06 13:22:05  INFO          Concrete Sidewalk             : 671 windows
2026-03-06 13:22:05  INFO          Brick (Smooth + Rough)        : 905 windows
2026-03-06 13:22:05  INFO          Asphalt + Indoor Carpet       : 1719 windows
2026-03-06 13:22:05  INFO          Indoor Linoleum               : 958 windows
2026-03-06 13:22:05  INFO          Curb (Up + Down)              : 454 windows
2026-03-06 13:22:05  INFO          Rect. Tiles / Paving Blocks (Rough): 556 windows
2026-03-06 13:22:05  INFO      
[3] Train VibClustNet autoencoder
2026-03-06 13:22:06  INFO        Parameters: 511,956
2026-03-06 13:22:18  INFO        [VCN]   1/200  train=1.000160  val=1.000004  lr=1.00e-03 *
2026-03-06 13:22:29  INFO        [VCN]   2/200  train=1.000005  val=1.000004  lr=1.00e-03
2026-03-06 13:22:39  INFO        [VCN]   3/200  train=1.000002  val=1.000002  lr=1.00e-03 *
2026-03-06 13:22:48  INFO        [VCN]   4/200  train=1.000001  val=1.000002  lr=1.00e-03
2026-03-06 13:22:57  INFO        [VCN]   5/200  train=1.000001  val=1.000003  lr=1.00e-03
2026-03-06 13:23:07  INFO        [VCN]   6/200  train=1.000001  val=1.000002  lr=1.00e-03
2026-03-06 13:23:16  INFO        [VCN]   7/200  train=1.000000  val=1.000003  lr=1.00e-03
2026-03-06 13:23:25  INFO        [VCN]   8/200  train=1.000000  val=1.000000  lr=1.00e-03 *
2026-03-06 13:23:35  INFO        [VCN]   9/200  train=0.999958  val=0.999877  lr=1.00e-03 *
2026-03-06 13:23:44  INFO        [VCN]  10/200  train=0.999535  val=0.999497  lr=1.00e-03 *
2026-03-06 13:23:46  INFO          NMI (labeled, K=7): 0.0069
2026-03-06 13:23:56  INFO        [VCN]  11/200  train=0.999445  val=0.999500  lr=1.00e-03
2026-03-06 13:24:05  INFO        [VCN]  12/200  train=0.999423  val=0.999474  lr=1.00e-03 *
2026-03-06 13:24:15  INFO        [VCN]  13/200  train=0.999103  val=0.999056  lr=1.00e-03 *
2026-03-06 13:24:24  INFO        [VCN]  14/200  train=0.999020  val=0.999076  lr=1.00e-03
2026-03-06 13:24:34  INFO        [VCN]  15/200  train=0.998960  val=0.999006  lr=1.00e-03 *
2026-03-06 13:24:43  INFO        [VCN]  16/200  train=0.998935  val=0.999047  lr=1.00e-03
2026-03-06 13:24:53  INFO        [VCN]  17/200  train=0.998909  val=0.998994  lr=1.00e-03 *
2026-03-06 13:25:02  INFO        [VCN]  18/200  train=0.998904  val=0.998979  lr=1.00e-03 *
2026-03-06 13:25:12  INFO        [VCN]  19/200  train=0.998886  val=0.998986  lr=1.00e-03
2026-03-06 13:25:22  INFO        [VCN]  20/200  train=0.998896  val=0.998989  lr=1.00e-03
2026-03-06 13:25:24  INFO          NMI (labeled, K=7): 0.0086
2026-03-06 13:25:33  INFO        [VCN]  21/200  train=0.998890  val=0.999008  lr=1.00e-03
2026-03-06 13:25:42  INFO        [VCN]  22/200  train=0.998688  val=0.998585  lr=1.00e-03 *
2026-03-06 13:25:51  INFO        [VCN]  23/200  train=0.998407  val=0.998503  lr=1.00e-03 *
2026-03-06 13:26:00  INFO        [VCN]  24/200  train=0.998382  val=0.998512  lr=1.00e-03
2026-03-06 13:26:09  INFO        [VCN]  25/200  train=0.998366  val=0.998484  lr=1.00e-03 *
2026-03-06 13:26:19  INFO        [VCN]  26/200  train=0.998359  val=0.998485  lr=1.00e-03
2026-03-06 13:26:28  INFO        [VCN]  27/200  train=0.998359  val=0.998508  lr=1.00e-03
2026-03-06 13:26:38  INFO        [VCN]  28/200  train=0.998347  val=0.998481  lr=1.00e-03 *
2026-03-06 13:26:47  INFO        [VCN]  29/200  train=0.998355  val=0.998494  lr=1.00e-03
2026-03-06 13:26:56  INFO        [VCN]  30/200  train=0.998355  val=0.998483  lr=1.00e-03
2026-03-06 13:26:58  INFO          NMI (labeled, K=7): 0.0081
2026-03-06 13:27:07  INFO        [VCN]  31/200  train=0.998340  val=0.998485  lr=1.00e-03
2026-03-06 13:27:16  INFO        [VCN]  32/200  train=0.998339  val=0.998510  lr=1.00e-03
2026-03-06 13:27:25  INFO        [VCN]  33/200  train=0.998334  val=0.998502  lr=1.00e-03
2026-03-06 13:27:34  INFO        [VCN]  34/200  train=0.998337  val=0.998482  lr=1.00e-03
2026-03-06 13:27:43  INFO        [VCN]  35/200  train=0.998337  val=0.998480  lr=1.00e-03 *
2026-03-06 13:27:52  INFO        [VCN]  36/200  train=0.998329  val=0.998477  lr=1.00e-03 *
2026-03-06 13:28:01  INFO        [VCN]  37/200  train=0.998328  val=0.998490  lr=1.00e-03
2026-03-06 13:28:10  INFO        [VCN]  38/200  train=0.998329  val=0.998473  lr=1.00e-03 *
2026-03-06 13:28:20  INFO        [VCN]  39/200  train=0.998134  val=0.998056  lr=1.00e-03 *
2026-03-06 13:28:29  INFO        [VCN]  40/200  train=0.997851  val=0.997984  lr=1.00e-03 *
2026-03-06 13:28:31  INFO          NMI (labeled, K=7): 0.0111
2026-03-06 13:28:40  INFO        [VCN]  41/200  train=0.997794  val=0.997967  lr=1.00e-03 *
2026-03-06 13:28:50  INFO        [VCN]  42/200  train=0.997774  val=0.997958  lr=1.00e-03 *
2026-03-06 13:28:59  INFO        [VCN]  43/200  train=0.997767  val=0.997953  lr=1.00e-03 *
2026-03-06 13:29:08  INFO        [VCN]  44/200  train=0.997760  val=0.997949  lr=1.00e-03 *
2026-03-06 13:29:17  INFO        [VCN]  45/200  train=0.997758  val=0.997940  lr=1.00e-03 *
2026-03-06 13:29:27  INFO        [VCN]  46/200  train=0.997729  val=0.997826  lr=1.00e-03 *
2026-03-06 13:29:37  INFO        [VCN]  47/200  train=0.997399  val=0.997545  lr=1.00e-03 *
2026-03-06 13:29:48  INFO        [VCN]  48/200  train=0.997304  val=0.997535  lr=1.00e-03 *
2026-03-06 13:29:58  INFO        [VCN]  49/200  train=0.997283  val=0.997504  lr=1.00e-03 *
2026-03-06 13:30:07  INFO        [VCN]  50/200  train=0.997256  val=0.997482  lr=1.00e-03 *
2026-03-06 13:30:09  INFO          NMI (labeled, K=7): 0.0086
2026-03-06 13:30:18  INFO        [VCN]  51/200  train=0.997223  val=0.997377  lr=1.00e-03 *
2026-03-06 13:30:27  INFO        [VCN]  52/200  train=0.996971  val=0.996976  lr=1.00e-03 *
2026-03-06 13:30:36  INFO        [VCN]  53/200  train=0.996793  val=0.996950  lr=1.00e-03 *
2026-03-06 13:30:45  INFO        [VCN]  54/200  train=0.996718  val=0.996933  lr=1.00e-03 *
2026-03-06 13:30:55  INFO        [VCN]  55/200  train=0.996703  val=0.996926  lr=1.00e-03 *
2026-03-06 13:31:04  INFO        [VCN]  56/200  train=0.996756  val=0.996935  lr=1.00e-03
2026-03-06 13:31:14  INFO        [VCN]  57/200  train=0.996702  val=0.996923  lr=1.00e-03 *
2026-03-06 13:31:23  INFO        [VCN]  58/200  train=0.996702  val=0.996920  lr=1.00e-03 *
2026-03-06 13:31:32  INFO        [VCN]  59/200  train=0.996700  val=0.996930  lr=1.00e-03
2026-03-06 13:31:41  INFO        [VCN]  60/200  train=0.996696  val=0.996926  lr=1.00e-03
2026-03-06 13:31:43  INFO          NMI (labeled, K=7): 0.0058
2026-03-06 13:31:51  INFO        [VCN]  61/200  train=0.996970  val=0.997184  lr=1.00e-03
2026-03-06 13:32:01  INFO        [VCN]  62/200  train=0.996829  val=0.996953  lr=1.00e-03
2026-03-06 13:32:10  INFO        [VCN]  63/200  train=0.996746  val=0.996978  lr=1.00e-03
2026-03-06 13:32:19  INFO        [VCN]  64/200  train=0.996724  val=0.996948  lr=1.00e-03
2026-03-06 13:32:28  INFO        [VCN]  65/200  train=0.996717  val=0.996937  lr=1.00e-03
2026-03-06 13:32:37  INFO        [VCN]  66/200  train=0.996713  val=0.996935  lr=1.00e-03
2026-03-06 13:32:47  INFO        [VCN]  67/200  train=0.996707  val=0.996945  lr=1.00e-03
2026-03-06 13:32:56  INFO        [VCN]  68/200  train=0.996708  val=0.996929  lr=5.00e-04
2026-03-06 13:33:05  INFO        [VCN]  69/200  train=0.996694  val=0.996927  lr=5.00e-04
2026-03-06 13:33:14  INFO        [VCN]  70/200  train=0.996698  val=0.996928  lr=5.00e-04
2026-03-06 13:33:16  INFO          NMI (labeled, K=7): 0.0051
2026-03-06 13:33:25  INFO        [VCN]  71/200  train=0.996691  val=0.996926  lr=5.00e-04
2026-03-06 13:33:35  INFO        [VCN]  72/200  train=0.996690  val=0.996927  lr=5.00e-04
2026-03-06 13:33:44  INFO        [VCN]  73/200  train=0.996689  val=0.996924  lr=5.00e-04
2026-03-06 13:33:54  INFO        [VCN]  74/200  train=0.996690  val=0.996927  lr=5.00e-04
2026-03-06 13:34:03  INFO        [VCN]  75/200  train=0.996689  val=0.996921  lr=5.00e-04
2026-03-06 13:34:13  INFO        [VCN]  76/200  train=0.996688  val=0.996928  lr=5.00e-04
2026-03-06 13:34:22  INFO        [VCN]  77/200  train=0.996685  val=0.996924  lr=5.00e-04
2026-03-06 13:34:31  INFO        [VCN]  78/200  train=0.996687  val=0.996924  lr=5.00e-04
2026-03-06 13:34:42  INFO        [VCN]  79/200  train=0.996687  val=0.996926  lr=5.00e-04
2026-03-06 13:34:52  INFO        [VCN]  80/200  train=0.996688  val=0.996924  lr=5.00e-04
2026-03-06 13:34:54  INFO          NMI (labeled, K=7): 0.0067
2026-03-06 13:35:05  INFO        [VCN]  81/200  train=0.996687  val=0.996922  lr=5.00e-04
2026-03-06 13:35:15  INFO        [VCN]  82/200  train=0.996685  val=0.996922  lr=5.00e-04
2026-03-06 13:35:26  INFO        [VCN]  83/200  train=0.996686  val=0.996919  lr=5.00e-04 *
2026-03-06 13:35:37  INFO        [VCN]  84/200  train=0.996684  val=0.996917  lr=2.50e-04 *
2026-03-06 13:35:47  INFO        [VCN]  85/200  train=0.996679  val=0.996921  lr=2.50e-04
2026-03-06 13:35:58  INFO        [VCN]  86/200  train=0.996679  val=0.996918  lr=2.50e-04
2026-03-06 13:36:08  INFO        [VCN]  87/200  train=0.996677  val=0.996921  lr=2.50e-04
2026-03-06 13:36:19  INFO        [VCN]  88/200  train=0.996676  val=0.996917  lr=2.50e-04
2026-03-06 13:36:29  INFO        [VCN]  89/200  train=0.996677  val=0.996920  lr=2.50e-04
2026-03-06 13:36:40  INFO        [VCN]  90/200  train=0.996675  val=0.996917  lr=2.50e-04
2026-03-06 13:36:42  INFO          NMI (labeled, K=7): 0.0065
2026-03-06 13:36:51  INFO        [VCN]  91/200  train=0.996675  val=0.996916  lr=2.50e-04 *
2026-03-06 13:37:02  INFO        [VCN]  92/200  train=0.996674  val=0.996914  lr=2.50e-04 *
2026-03-06 13:37:13  INFO        [VCN]  93/200  train=0.996675  val=0.996912  lr=2.50e-04 *
2026-03-06 13:37:23  INFO        [VCN]  94/200  train=0.996672  val=0.996910  lr=2.50e-04 *
2026-03-06 13:37:34  INFO        [VCN]  95/200  train=0.996667  val=0.996904  lr=2.50e-04 *
2026-03-06 13:37:45  INFO        [VCN]  96/200  train=0.996658  val=0.996887  lr=2.50e-04 *
2026-03-06 13:37:55  INFO        [VCN]  97/200  train=0.996631  val=0.996850  lr=2.50e-04 *
2026-03-06 13:38:06  INFO        [VCN]  98/200  train=0.996595  val=0.996832  lr=2.50e-04 *
2026-03-06 13:38:16  INFO        [VCN]  99/200  train=0.996574  val=0.996812  lr=2.50e-04 *
2026-03-06 13:38:27  INFO        [VCN] 100/200  train=0.996568  val=0.996812  lr=2.50e-04
2026-03-06 13:38:29  INFO          NMI (labeled, K=7): 0.0115
2026-03-06 13:38:39  INFO        [VCN] 101/200  train=0.996561  val=0.996806  lr=2.50e-04 *
2026-03-06 13:38:50  INFO        [VCN] 102/200  train=0.996556  val=0.996802  lr=2.50e-04 *
2026-03-06 13:39:01  INFO        [VCN] 103/200  train=0.996553  val=0.996797  lr=2.50e-04 *
2026-03-06 13:39:11  INFO        [VCN] 104/200  train=0.996551  val=0.996801  lr=2.50e-04
2026-03-06 13:39:22  INFO        [VCN] 105/200  train=0.996551  val=0.996796  lr=2.50e-04 *
2026-03-06 13:39:32  INFO        [VCN] 106/200  train=0.996551  val=0.996793  lr=2.50e-04 *
2026-03-06 13:39:43  INFO        [VCN] 107/200  train=0.996546  val=0.996806  lr=2.50e-04
2026-03-06 13:39:53  INFO        [VCN] 108/200  train=0.996548  val=0.996797  lr=2.50e-04
2026-03-06 13:40:04  INFO        [VCN] 109/200  train=0.996546  val=0.996792  lr=2.50e-04 *
2026-03-06 13:40:15  INFO        [VCN] 110/200  train=0.996545  val=0.996796  lr=2.50e-04
2026-03-06 13:40:16  INFO          NMI (labeled, K=7): 0.0102
2026-03-06 13:40:27  INFO        [VCN] 111/200  train=0.996543  val=0.996793  lr=2.50e-04
2026-03-06 13:40:37  INFO        [VCN] 112/200  train=0.996542  val=0.996794  lr=2.50e-04
2026-03-06 13:40:48  INFO        [VCN] 113/200  train=0.996540  val=0.996795  lr=1.25e-04
2026-03-06 13:40:59  INFO        [VCN] 114/200  train=0.996537  val=0.996790  lr=1.25e-04 *
2026-03-06 13:41:09  INFO        [VCN] 115/200  train=0.996537  val=0.996788  lr=1.25e-04 *
2026-03-06 13:41:20  INFO        [VCN] 116/200  train=0.996537  val=0.996790  lr=1.25e-04
2026-03-06 13:41:31  INFO        [VCN] 117/200  train=0.996537  val=0.996788  lr=1.25e-04
2026-03-06 13:41:41  INFO        [VCN] 118/200  train=0.996535  val=0.996790  lr=1.25e-04
2026-03-06 13:41:52  INFO        [VCN] 119/200  train=0.996534  val=0.996789  lr=1.25e-04
2026-03-06 13:42:02  INFO        [VCN] 120/200  train=0.996536  val=0.996787  lr=1.25e-04
2026-03-06 13:42:04  INFO          NMI (labeled, K=7): 0.0100
2026-03-06 13:42:14  INFO        [VCN] 121/200  train=0.996534  val=0.996788  lr=1.25e-04
2026-03-06 13:42:25  INFO        [VCN] 122/200  train=0.996536  val=0.996788  lr=1.25e-04
2026-03-06 13:42:36  INFO        [VCN] 123/200  train=0.996534  val=0.996788  lr=1.25e-04
2026-03-06 13:42:46  INFO        [VCN] 124/200  train=0.996534  val=0.996788  lr=1.25e-04
2026-03-06 13:42:57  INFO        [VCN] 125/200  train=0.996536  val=0.996788  lr=1.25e-04
2026-03-06 13:43:07  INFO        [VCN] 126/200  train=0.996533  val=0.996789  lr=1.25e-04
2026-03-06 13:43:18  INFO        [VCN] 127/200  train=0.996533  val=0.996787  lr=1.25e-04
2026-03-06 13:43:29  INFO        [VCN] 128/200  train=0.996532  val=0.996788  lr=1.25e-04
2026-03-06 13:43:39  INFO        [VCN] 129/200  train=0.996532  val=0.996786  lr=6.25e-05 *
2026-03-06 13:43:50  INFO        [VCN] 130/200  train=0.996530  val=0.996787  lr=6.25e-05
2026-03-06 13:43:52  INFO          NMI (labeled, K=7): 0.0104
2026-03-06 13:44:02  INFO        [VCN] 131/200  train=0.996532  val=0.996786  lr=6.25e-05
2026-03-06 13:44:13  INFO        [VCN] 132/200  train=0.996531  val=0.996785  lr=6.25e-05
2026-03-06 13:44:23  INFO        [VCN] 133/200  train=0.996530  val=0.996786  lr=6.25e-05
2026-03-06 13:44:34  INFO        [VCN] 134/200  train=0.996530  val=0.996785  lr=6.25e-05 *
2026-03-06 13:44:45  INFO        [VCN] 135/200  train=0.996529  val=0.996785  lr=6.25e-05
2026-03-06 13:44:55  INFO        [VCN] 136/200  train=0.996530  val=0.996785  lr=6.25e-05
2026-03-06 13:45:06  INFO        [VCN] 137/200  train=0.996533  val=0.996785  lr=6.25e-05
2026-03-06 13:45:16  INFO        [VCN] 138/200  train=0.996530  val=0.996786  lr=6.25e-05
2026-03-06 13:45:27  INFO        [VCN] 139/200  train=0.996529  val=0.996786  lr=6.25e-05
2026-03-06 13:45:37  INFO        [VCN] 140/200  train=0.996529  val=0.996785  lr=6.25e-05
2026-03-06 13:45:39  INFO          NMI (labeled, K=7): 0.0110
2026-03-06 13:45:49  INFO        [VCN] 141/200  train=0.996529  val=0.996785  lr=6.25e-05
2026-03-06 13:46:00  INFO        [VCN] 142/200  train=0.996530  val=0.996786  lr=6.25e-05
2026-03-06 13:46:11  INFO        [VCN] 143/200  train=0.996529  val=0.996786  lr=6.25e-05
2026-03-06 13:46:21  INFO        [VCN] 144/200  train=0.996529  val=0.996785  lr=6.25e-05
2026-03-06 13:46:32  INFO        [VCN] 145/200  train=0.996528  val=0.996786  lr=3.13e-05
2026-03-06 13:46:43  INFO        [VCN] 146/200  train=0.996527  val=0.996784  lr=3.13e-05
2026-03-06 13:46:53  INFO        [VCN] 147/200  train=0.996527  val=0.996785  lr=3.13e-05
2026-03-06 13:47:04  INFO        [VCN] 148/200  train=0.996526  val=0.996784  lr=3.13e-05 *
2026-03-06 13:47:14  INFO        [VCN] 149/200  train=0.996528  val=0.996784  lr=3.13e-05
2026-03-06 13:47:25  INFO        [VCN] 150/200  train=0.996526  val=0.996785  lr=3.13e-05
2026-03-06 13:47:27  INFO          NMI (labeled, K=7): 0.0094
2026-03-06 13:47:37  INFO        [VCN] 151/200  train=0.996527  val=0.996783  lr=3.13e-05
2026-03-06 13:47:48  INFO        [VCN] 152/200  train=0.996527  val=0.996784  lr=3.13e-05
2026-03-06 13:47:59  INFO        [VCN] 153/200  train=0.996529  val=0.996784  lr=3.13e-05
2026-03-06 13:48:09  INFO        [VCN] 154/200  train=0.996525  val=0.996785  lr=3.13e-05
2026-03-06 13:48:20  INFO        [VCN] 155/200  train=0.996528  val=0.996784  lr=3.13e-05
2026-03-06 13:48:30  INFO        [VCN] 156/200  train=0.996526  val=0.996784  lr=3.13e-05
2026-03-06 13:48:41  INFO        [VCN] 157/200  train=0.996525  val=0.996784  lr=3.13e-05
2026-03-06 13:48:51  INFO        [VCN] 158/200  train=0.996525  val=0.996784  lr=3.13e-05
2026-03-06 13:49:02  INFO        [VCN] 159/200  train=0.996529  val=0.996784  lr=3.13e-05
2026-03-06 13:49:13  INFO        [VCN] 160/200  train=0.996525  val=0.996783  lr=3.13e-05
2026-03-06 13:49:15  INFO          NMI (labeled, K=7): 0.0119
2026-03-06 13:49:25  INFO        [VCN] 161/200  train=0.996524  val=0.996783  lr=1.56e-05
2026-03-06 13:49:36  INFO        [VCN] 162/200  train=0.996525  val=0.996783  lr=1.56e-05
2026-03-06 13:49:46  INFO        [VCN] 163/200  train=0.996526  val=0.996783  lr=1.56e-05
2026-03-06 13:49:57  INFO        [VCN] 164/200  train=0.996524  val=0.996783  lr=1.56e-05
2026-03-06 13:50:08  INFO        [VCN] 165/200  train=0.996524  val=0.996783  lr=1.56e-05
2026-03-06 13:50:18  INFO        [VCN] 166/200  train=0.996524  val=0.996783  lr=1.56e-05
2026-03-06 13:50:29  INFO        [VCN] 167/200  train=0.996524  val=0.996783  lr=1.56e-05
2026-03-06 13:50:39  INFO        [VCN] 168/200  train=0.996524  val=0.996783  lr=1.56e-05
2026-03-06 13:50:50  INFO        [VCN] 169/200  train=0.996525  val=0.996783  lr=1.56e-05
2026-03-06 13:51:00  INFO        [VCN] 170/200  train=0.996524  val=0.996783  lr=1.56e-05
2026-03-06 13:51:02  INFO          NMI (labeled, K=7): 0.0102
2026-03-06 13:51:12  INFO        [VCN] 171/200  train=0.996524  val=0.996783  lr=1.56e-05
2026-03-06 13:51:23  INFO        [VCN] 172/200  train=0.996526  val=0.996783  lr=1.56e-05
2026-03-06 13:51:34  INFO        [VCN] 173/200  train=0.996524  val=0.996783  lr=1.56e-05
2026-03-06 13:51:44  INFO        [VCN] 174/200  train=0.996525  val=0.996783  lr=1.56e-05
2026-03-06 13:51:55  INFO        [VCN] 175/200  train=0.996523  val=0.996783  lr=1.56e-05
2026-03-06 13:52:05  INFO        [VCN] 176/200  train=0.996526  val=0.996783  lr=1.56e-05 *
2026-03-06 13:52:16  INFO        [VCN] 177/200  train=0.996525  val=0.996782  lr=1.00e-05
2026-03-06 13:52:26  INFO        [VCN] 178/200  train=0.996523  val=0.996783  lr=1.00e-05
2026-03-06 13:52:37  INFO        [VCN] 179/200  train=0.996523  val=0.996783  lr=1.00e-05
2026-03-06 13:52:48  INFO        [VCN] 180/200  train=0.996523  val=0.996782  lr=1.00e-05
2026-03-06 13:52:49  INFO          NMI (labeled, K=7): 0.0121
2026-03-06 13:53:00  INFO        [VCN] 181/200  train=0.996522  val=0.996782  lr=1.00e-05
2026-03-06 13:53:10  INFO        [VCN] 182/200  train=0.996523  val=0.996783  lr=1.00e-05
2026-03-06 13:53:21  INFO        [VCN] 183/200  train=0.996523  val=0.996782  lr=1.00e-05
2026-03-06 13:53:31  INFO        [VCN] 184/200  train=0.996522  val=0.996782  lr=1.00e-05
2026-03-06 13:53:42  INFO        [VCN] 185/200  train=0.996523  val=0.996783  lr=1.00e-05
2026-03-06 13:53:52  INFO        [VCN] 186/200  train=0.996523  val=0.996782  lr=1.00e-05
2026-03-06 13:54:03  INFO        [VCN] 187/200  train=0.996526  val=0.996782  lr=1.00e-05
2026-03-06 13:54:13  INFO        [VCN] 188/200  train=0.996523  val=0.996782  lr=1.00e-05
2026-03-06 13:54:24  INFO        [VCN] 189/200  train=0.996523  val=0.996782  lr=1.00e-05
2026-03-06 13:54:35  INFO        [VCN] 190/200  train=0.996524  val=0.996782  lr=1.00e-05
2026-03-06 13:54:36  INFO          NMI (labeled, K=7): 0.0122
2026-03-06 13:54:47  INFO        [VCN] 191/200  train=0.996523  val=0.996782  lr=1.00e-05
2026-03-06 13:54:57  INFO        [VCN] 192/200  train=0.996524  val=0.996782  lr=1.00e-05
2026-03-06 13:55:08  INFO        [VCN] 193/200  train=0.996523  val=0.996782  lr=1.00e-05
2026-03-06 13:55:18  INFO        [VCN] 194/200  train=0.996523  val=0.996782  lr=1.00e-05
2026-03-06 13:55:29  INFO        [VCN] 195/200  train=0.996523  val=0.996782  lr=1.00e-05
2026-03-06 13:55:40  INFO        [VCN] 196/200  train=0.996522  val=0.996782  lr=1.00e-05
2026-03-06 13:55:50  INFO        [VCN] 197/200  train=0.996522  val=0.996782  lr=1.00e-05
2026-03-06 13:56:01  INFO        [VCN] 198/200  train=0.996522  val=0.996782  lr=1.00e-05
2026-03-06 13:56:11  INFO        [VCN] 199/200  train=0.996523  val=0.996782  lr=1.00e-05
2026-03-06 13:56:22  INFO        [VCN] 200/200  train=0.996523  val=0.996782  lr=1.00e-05
2026-03-06 13:56:24  INFO          NMI (labeled, K=7): 0.0118
2026-03-06 13:56:24  INFO      
[3b] Save model
2026-03-06 13:56:24  INFO        Model state dict saved: /home/mahmudm2/codebase/RollingWheels/Scripts/attention_simple/models/vibclustnet_20260306_132156_state_dict.pth
2026-03-06 13:56:24  INFO        Full model saved      : /home/mahmudm2/codebase/RollingWheels/Scripts/attention_simple/models/vibclustnet_20260306_132156_full.pth
2026-03-06 13:56:24  INFO      
[4] Embeddings + PCA
2026-03-06 13:56:26  INFO        PCA: 128d → 7d (var=0.985)
2026-03-06 13:56:26  INFO      
[7] Clustering
2026-03-06 13:56:26  INFO        Super-classes=7  — sweeping K 5..9
2026-03-06 13:56:27  INFO          K= 5  sil=0.1058
2026-03-06 13:56:28  INFO          K= 6  sil=0.1043
2026-03-06 13:56:29  INFO          K= 7  sil=0.0997
2026-03-06 13:56:30  INFO          K= 8  sil=0.1017
2026-03-06 13:56:31  INFO          K= 9  sil=0.1028
2026-03-06 13:56:31  INFO        Best K=5  sil=0.1058
2026-03-06 13:56:31  INFO        Saved figures/17_k_selection_20260306_132156.png
2026-03-06 13:56:37  INFO      
  K-Means cluster → surface (train):
2026-03-06 13:56:37  INFO          cluster  0 → Asphalt + Indoor Carpet
2026-03-06 13:56:37  INFO          cluster  1 → Asphalt + Indoor Carpet
2026-03-06 13:56:37  INFO          cluster  2 → Asphalt + Indoor Carpet
2026-03-06 13:56:37  INFO          cluster  3 → Asphalt + Indoor Carpet
2026-03-06 13:56:37  INFO          cluster  4 → Asphalt + Indoor Carpet
2026-03-06 13:56:37  INFO      
  SBScan cluster → surface (train):
2026-03-06 13:56:37  INFO          cluster -1 → Surface -1
2026-03-06 13:56:37  INFO          cluster  0 → Asphalt + Indoor Carpet
2026-03-06 13:56:37  INFO      
[8] Metrics
2026-03-06 13:56:39  INFO      
── TRAIN ──────────────────────────────────────
2026-03-06 13:56:39  INFO      
            Silhouette      DB       CH     ARI    NMI   Dunn
KMeans          0.1058  2.0116 709.6755  0.0003 0.0051 0.4378
Agg             0.5731  0.7160  13.3615  0.0003 0.0024 0.9323
GMM             0.0084  4.4808 221.6116 -0.0011 0.0120 0.1464
SBScan             NaN     NaN      NaN     NaN    NaN    NaN
POS             0.0870  2.1856 606.9362  0.0010 0.0064 0.3975
RandAssign     -0.0071 77.3438   0.7512  0.0001 0.0015 0.0107
GSA             0.0722  2.3779 499.2435 -0.0017 0.0040 0.3693
RandClust       0.0714  2.3056 463.2894 -0.0030 0.0033 0.3749
2026-03-06 13:56:40  INFO      
── TEST ──────────────────────────────────────
2026-03-06 13:56:40  INFO      
            Silhouette      DB       CH     ARI    NMI   Dunn
KMeans          0.1042  2.0313 178.8007 -0.0002 0.0066 0.4243
Agg                NaN     NaN      NaN     NaN    NaN    NaN
GMM             0.0008  4.7304  54.3196 -0.0030 0.0167 0.1368
SBScan             NaN     NaN      NaN     NaN    NaN    NaN
POS             0.0873  2.1906 158.6920  0.0004 0.0055 0.3704
RandAssign     -0.0137 43.9558   0.8589  0.0006 0.0056 0.0206
GSA             0.0720  2.3623 126.4178 -0.0019 0.0068 0.3887
RandClust       0.0819  2.2146 126.6366  0.0007 0.0091 0.3217
2026-03-06 13:56:40  INFO      
Generalisation gap  (train ARI − test ARI):
2026-03-06 13:56:40  INFO        KMeans        train=0.0003  test=-0.0002  gap=+0.0005  [good]
2026-03-06 13:56:40  INFO        Agg           train=0.0003  test=nan  gap=+nan  [acceptable]
2026-03-06 13:56:41  INFO        GMM           train=-0.0011  test=-0.0030  gap=+0.0019  [good]
2026-03-06 13:56:41  INFO        SBScan        train=nan  test=nan  gap=+nan  [acceptable]
2026-03-06 13:56:41  INFO        POS           train=0.0010  test=0.0004  gap=+0.0006  [good]
2026-03-06 13:56:41  INFO        RandAssign    train=0.0001  test=0.0006  gap=-0.0005  [good]
2026-03-06 13:56:42  INFO        GSA           train=-0.0017  test=-0.0019  gap=+0.0002  [good]
2026-03-06 13:56:42  INFO        RandClust     train=-0.0030  test=0.0007  gap=-0.0037  [good]
2026-03-06 13:56:42  INFO      
[9] Visualise (t-SNE on test split)
2026-03-06 13:56:42  INFO        t-SNE [Test]...
