2026-03-06 04:09:56  INFO      Log file: /home/mahmudm2/codebase/RollingWheels/Scripts/logs/run_20260306_040956_updated_attention.log
2026-03-06 04:09:56  INFO      Device: cuda
2026-03-06 04:09:56  INFO      Run timestamp: 20260306_040956
2026-03-06 04:09:56  INFO      Figures dir  : /home/mahmudm2/codebase/RollingWheels/Scripts/figures
2026-03-06 04:09:56  INFO      Models dir   : /home/mahmudm2/codebase/RollingWheels/Scripts/models
2026-03-06 04:09:56  INFO      
[0] Surface names
2026-03-06 04:09:56  INFO            1 -> Paving Blocks (Smooth) (Red)
2026-03-06 04:09:56  INFO            2 -> Concrete Sidewalk
2026-03-06 04:09:56  INFO            3 -> Smooth Brick (High Street)
2026-03-06 04:09:56  INFO            4 -> Rough brick (High Street)
2026-03-06 04:09:56  INFO            5 -> Asphalt / Tar surface
2026-03-06 04:09:56  INFO            6 -> Indoor Carpet (low-pile)
2026-03-06 04:09:56  INFO            7 -> Indoor Linoleum
2026-03-06 04:09:56  INFO            8 -> Indoor Tile
2026-03-06 04:09:56  INFO            9 -> Curb Up
2026-03-06 04:09:56  INFO           10 -> Curb Down
2026-03-06 04:09:56  INFO           11 -> Rectangular Paving Tiles
2026-03-06 04:09:56  INFO           12 -> Paving Blocks (Rough)
2026-03-06 04:09:56  INFO      
[1] Load windowed pkl
2026-03-06 04:09:56  INFO        Loading: ../Datasets/ExtractedFeatures/labeled_accelerometer_raw_windows.csv
2026-03-06 04:10:01  INFO        Rows: 8153088  Windows: 7962
2026-03-06 04:10:06  INFO      
  Windows: (7962, 3, 1024)  Labels: (7962,)
2026-03-06 04:10:06  INFO        Labeled: 7962  Unlabeled: 0
2026-03-06 04:10:06  INFO        Classes: [0, 1, 2, 3, 4, 6, 7]
2026-03-06 04:10:06  INFO        Stratified split:
2026-03-06 04:10:06  INFO          Surface 0                     :  1109 train   277 test
2026-03-06 04:10:06  INFO          Paving Blocks (Smooth) (Red)  :   671 train   167 test
2026-03-06 04:10:06  INFO          Concrete Sidewalk             :   905 train   226 test
2026-03-06 04:10:06  INFO          Smooth Brick (High Street)    :  1719 train   429 test
2026-03-06 04:10:06  INFO          Rough brick (High Street)     :   958 train   239 test
2026-03-06 04:10:06  INFO          Indoor Carpet (low-pile)      :   454 train   113 test
2026-03-06 04:10:06  INFO          Indoor Linoleum               :   556 train   139 test
2026-03-06 04:10:06  INFO      
[2] Super-class distribution (train):
2026-03-06 04:10:06  INFO          Paving Blocks (Smooth) / Indoor Tile: 1109 windows
2026-03-06 04:10:06  INFO          Concrete Sidewalk             : 671 windows
2026-03-06 04:10:06  INFO          Brick (Smooth + Rough)        : 905 windows
2026-03-06 04:10:06  INFO          Asphalt + Indoor Carpet       : 1719 windows
2026-03-06 04:10:06  INFO          Indoor Linoleum               : 958 windows
2026-03-06 04:10:06  INFO          Curb (Up + Down)              : 454 windows
2026-03-06 04:10:06  INFO          Rect. Tiles / Paving Blocks (Rough): 556 windows
2026-03-06 04:10:06  INFO      
[3] Train VibClustNet autoencoder
2026-03-06 04:10:08  INFO        Parameters: 574,100
2026-03-06 04:10:59  INFO        [VCN]   1/500  train=1.000124  val=1.000007  lr=1.00e-03 *
2026-03-06 04:11:36  INFO        [VCN]   2/500  train=1.000006  val=1.000001  lr=1.00e-03 *
2026-03-06 04:12:14  INFO        [VCN]   3/500  train=1.000005  val=1.000008  lr=1.00e-03
2026-03-06 04:12:51  INFO        [VCN]   4/500  train=1.000003  val=1.000001  lr=1.00e-03
2026-03-06 04:13:27  INFO        [VCN]   5/500  train=1.000001  val=1.000003  lr=1.00e-03
2026-03-06 04:14:05  INFO        [VCN]   6/500  train=1.000002  val=1.000001  lr=1.00e-03
2026-03-06 04:14:42  INFO        [VCN]   7/500  train=1.000001  val=1.000001  lr=1.00e-03
