2026-03-06 03:00:21  INFO      Log file: /home/mahmudm2/codebase/RollingWheels/Scripts/logs/run_20260306_030021.log
2026-03-06 03:00:21  INFO      Device: cuda
2026-03-06 03:00:21  INFO      Run timestamp: 20260306_030021
2026-03-06 03:00:21  INFO      Figures dir  : /home/mahmudm2/codebase/RollingWheels/Scripts/figures
2026-03-06 03:00:21  INFO      Models dir   : /home/mahmudm2/codebase/RollingWheels/Scripts/models
2026-03-06 03:00:21  INFO      
[0] Surface names
2026-03-06 03:00:21  INFO            1 -> Paving Blocks (Smooth) (Red)
2026-03-06 03:00:21  INFO            2 -> Concrete Sidewalk
2026-03-06 03:00:21  INFO            3 -> Smooth Brick (High Street)
2026-03-06 03:00:21  INFO            4 -> Rough brick (High Street)
2026-03-06 03:00:21  INFO            5 -> Asphalt / Tar surface
2026-03-06 03:00:21  INFO            6 -> Indoor Carpet (low-pile)
2026-03-06 03:00:21  INFO            7 -> Indoor Linoleum
2026-03-06 03:00:21  INFO            8 -> Indoor Tile
2026-03-06 03:00:21  INFO            9 -> Curb Up
2026-03-06 03:00:21  INFO           10 -> Curb Down
2026-03-06 03:00:21  INFO           11 -> Rectangular Paving Tiles
2026-03-06 03:00:21  INFO           12 -> Paving Blocks (Rough)
2026-03-06 03:00:21  INFO      
[1] Load windowed pkl
2026-03-06 03:00:21  INFO        Loading: ../Datasets/ExtractedFeatures/labeled_accelerometer_raw_windows.csv
2026-03-06 03:00:25  INFO        Rows: 8153088  Windows: 7962
2026-03-06 03:00:28  INFO      
  Windows: (7962, 3, 1024)  Labels: (7962,)
2026-03-06 03:00:28  INFO        Labeled: 7962  Unlabeled: 0
2026-03-06 03:00:28  INFO        Classes: [0, 1, 2, 3, 4, 6, 7]
2026-03-06 03:00:28  INFO        Stratified split:
2026-03-06 03:00:28  INFO          Surface 0                     :  1109 train   277 test
2026-03-06 03:00:28  INFO          Paving Blocks (Smooth) (Red)  :   671 train   167 test
2026-03-06 03:00:28  INFO          Concrete Sidewalk             :   905 train   226 test
2026-03-06 03:00:28  INFO          Smooth Brick (High Street)    :  1719 train   429 test
2026-03-06 03:00:28  INFO          Rough brick (High Street)     :   958 train   239 test
2026-03-06 03:00:28  INFO          Indoor Carpet (low-pile)      :   454 train   113 test
2026-03-06 03:00:28  INFO          Indoor Linoleum               :   556 train   139 test
2026-03-06 03:00:28  INFO      
[2] Super-class distribution (train):
2026-03-06 03:00:28  INFO          Paving Blocks (Smooth) / Indoor Tile: 1109 windows
2026-03-06 03:00:28  INFO          Concrete Sidewalk             : 671 windows
2026-03-06 03:00:28  INFO          Brick (Smooth + Rough)        : 905 windows
2026-03-06 03:00:28  INFO          Asphalt + Indoor Carpet       : 1719 windows
2026-03-06 03:00:28  INFO          Indoor Linoleum               : 958 windows
2026-03-06 03:00:28  INFO          Curb (Up + Down)              : 454 windows
2026-03-06 03:00:28  INFO          Rect. Tiles / Paving Blocks (Rough): 556 windows
2026-03-06 03:00:28  INFO      
[3] Train VibClustNet autoencoder
2026-03-06 03:00:29  INFO        Parameters: 536,660
2026-03-06 03:00:42  INFO        [VCN]   1/150  train=1.004639  val=1.000094  lr=1.00e-03 *
2026-03-06 03:00:55  INFO        [VCN]   2/150  train=1.000075  val=1.000048  lr=1.00e-03 *
2026-03-06 03:01:07  INFO        [VCN]   3/150  train=1.000051  val=1.000035  lr=1.00e-03 *
2026-03-06 03:01:19  INFO        [VCN]   4/150  train=1.000035  val=1.000023  lr=1.00e-03 *
2026-03-06 03:01:31  INFO        [VCN]   5/150  train=1.000027  val=1.000018  lr=1.00e-03 *
2026-03-06 03:01:43  INFO        [VCN]   6/150  train=1.000023  val=1.000017  lr=1.00e-03
2026-03-06 03:01:55  INFO        [VCN]   7/150  train=1.000017  val=1.000016  lr=1.00e-03 *
2026-03-06 03:02:08  INFO        [VCN]   8/150  train=1.000015  val=1.000010  lr=1.00e-03 *
2026-03-06 03:02:20  INFO        [VCN]   9/150  train=1.000012  val=1.000010  lr=1.00e-03
2026-03-06 03:02:32  INFO        [VCN]  10/150  train=1.000011  val=1.000009  lr=1.00e-03
2026-03-06 03:02:35  INFO          NMI (labeled, K=7): 0.0662
2026-03-06 03:02:48  INFO        [VCN]  11/150  train=1.000010  val=1.000009  lr=1.00e-03
2026-03-06 03:03:00  INFO        [VCN]  12/150  train=1.000008  val=1.000008  lr=1.00e-03 *
2026-03-06 03:03:12  INFO        [VCN]  13/150  train=1.000008  val=1.000007  lr=1.00e-03
2026-03-06 03:03:24  INFO        [VCN]  14/150  train=1.000007  val=1.000008  lr=1.00e-03
2026-03-06 03:03:36  INFO        [VCN]  15/150  train=1.000006  val=1.000004  lr=1.00e-03 *
2026-03-06 03:03:48  INFO        [VCN]  16/150  train=1.000005  val=1.000004  lr=1.00e-03
2026-03-06 03:04:00  INFO        [VCN]  17/150  train=1.000005  val=1.000005  lr=5.00e-04
2026-03-06 03:04:13  INFO        [VCN]  18/150  train=1.000003  val=1.000002  lr=5.00e-04 *
2026-03-06 03:04:25  INFO        [VCN]  19/150  train=1.000003  val=1.000002  lr=5.00e-04
2026-03-06 03:04:37  INFO        [VCN]  20/150  train=1.000003  val=1.000002  lr=5.00e-04
2026-03-06 03:04:40  INFO          NMI (labeled, K=7): 0.0766
2026-03-06 03:04:53  INFO        [VCN]  21/150  train=1.000003  val=1.000002  lr=5.00e-04
2026-03-06 03:05:06  INFO        [VCN]  22/150  train=1.000003  val=1.000002  lr=5.00e-04
2026-03-06 03:05:18  INFO        [VCN]  23/150  train=1.000003  val=1.000002  lr=5.00e-04
2026-03-06 03:05:30  INFO        [VCN]  24/150  train=1.000002  val=1.000002  lr=5.00e-04
2026-03-06 03:05:42  INFO        [VCN]  25/150  train=1.000002  val=1.000001  lr=5.00e-04
2026-03-06 03:05:54  INFO        [VCN]  26/150  train=1.000002  val=1.000002  lr=5.00e-04
2026-03-06 03:06:06  INFO        [VCN]  27/150  train=1.000002  val=1.000002  lr=5.00e-04
2026-03-06 03:06:18  INFO        [VCN]  28/150  train=1.000002  val=1.000002  lr=5.00e-04
2026-03-06 03:06:30  INFO        [VCN]  29/150  train=1.000002  val=1.000001  lr=5.00e-04
2026-03-06 03:06:42  INFO        [VCN]  30/150  train=1.000002  val=1.000002  lr=5.00e-04
2026-03-06 03:06:45  INFO          NMI (labeled, K=7): 0.0781
2026-03-06 03:06:57  INFO        [VCN]  31/150  train=1.000002  val=1.000002  lr=5.00e-04
2026-03-06 03:07:10  INFO        [VCN]  32/150  train=1.000001  val=1.000001  lr=5.00e-04 *
2026-03-06 03:07:22  INFO        [VCN]  33/150  train=1.000001  val=1.000001  lr=2.50e-04
2026-03-06 03:07:34  INFO        [VCN]  34/150  train=1.000001  val=1.000001  lr=2.50e-04
2026-03-06 03:07:46  INFO        [VCN]  35/150  train=1.000001  val=1.000001  lr=2.50e-04
2026-03-06 03:07:59  INFO        [VCN]  36/150  train=1.000001  val=1.000001  lr=2.50e-04
2026-03-06 03:08:11  INFO        [VCN]  37/150  train=1.000001  val=1.000001  lr=2.50e-04
2026-03-06 03:08:24  INFO        [VCN]  38/150  train=1.000001  val=1.000001  lr=2.50e-04
2026-03-06 03:08:37  INFO        [VCN]  39/150  train=1.000001  val=1.000001  lr=2.50e-04
2026-03-06 03:08:49  INFO        [VCN]  40/150  train=1.000001  val=1.000001  lr=2.50e-04
2026-03-06 03:08:52  INFO          NMI (labeled, K=7): 0.0851
2026-03-06 03:09:04  INFO        [VCN]  41/150  train=1.000001  val=1.000001  lr=2.50e-04
2026-03-06 03:09:16  INFO        [VCN]  42/150  train=1.000001  val=1.000001  lr=2.50e-04
2026-03-06 03:09:28  INFO        [VCN]  43/150  train=1.000001  val=1.000001  lr=2.50e-04
2026-03-06 03:09:41  INFO        [VCN]  44/150  train=1.000001  val=1.000001  lr=2.50e-04
2026-03-06 03:09:53  INFO        [VCN]  45/150  train=1.000001  val=1.000001  lr=2.50e-04
2026-03-06 03:10:05  INFO        [VCN]  46/150  train=1.000001  val=1.000001  lr=2.50e-04
2026-03-06 03:10:17  INFO        [VCN]  47/150  train=1.000000  val=1.000000  lr=2.50e-04 *
2026-03-06 03:10:29  INFO        [VCN]  48/150  train=0.999940  val=1.000137  lr=2.50e-04
2026-03-06 03:10:41  INFO        [VCN]  49/150  train=0.999607  val=0.999531  lr=2.50e-04 *
2026-03-06 03:10:53  INFO        [VCN]  50/150  train=0.999467  val=0.999497  lr=2.50e-04 *
2026-03-06 03:10:57  INFO          NMI (labeled, K=7): 0.0067
2026-03-06 03:11:09  INFO        [VCN]  51/150  train=0.999424  val=0.999412  lr=2.50e-04 *
2026-03-06 03:11:21  INFO        [VCN]  52/150  train=0.999288  val=0.999261  lr=2.50e-04 *
2026-03-06 03:11:33  INFO        [VCN]  53/150  train=0.999095  val=0.999135  lr=2.50e-04 *
2026-03-06 03:11:46  INFO        [VCN]  54/150  train=0.998931  val=0.998959  lr=2.50e-04 *
2026-03-06 03:11:58  INFO        [VCN]  55/150  train=0.998751  val=0.998791  lr=2.50e-04 *
2026-03-06 03:12:10  INFO        [VCN]  56/150  train=0.998510  val=0.998646  lr=2.50e-04 *
2026-03-06 03:12:22  INFO        [VCN]  57/150  train=0.998436  val=0.998604  lr=2.50e-04 *
2026-03-06 03:12:34  INFO        [VCN]  58/150  train=0.998412  val=0.998543  lr=2.50e-04 *
2026-03-06 03:12:46  INFO        [VCN]  59/150  train=0.998390  val=0.998509  lr=2.50e-04 *
2026-03-06 03:12:58  INFO        [VCN]  60/150  train=0.998382  val=0.998527  lr=2.50e-04
2026-03-06 03:13:02  INFO          NMI (labeled, K=7): 0.0080
2026-03-06 03:13:14  INFO        [VCN]  61/150  train=0.998374  val=0.998501  lr=2.50e-04 *
2026-03-06 03:13:27  INFO        [VCN]  62/150  train=0.998361  val=0.998490  lr=2.50e-04 *
2026-03-06 03:13:39  INFO        [VCN]  63/150  train=0.998365  val=0.998486  lr=2.50e-04 *
2026-03-06 03:13:51  INFO        [VCN]  64/150  train=0.998354  val=0.998600  lr=2.50e-04
2026-03-06 03:14:04  INFO        [VCN]  65/150  train=0.998360  val=0.998483  lr=2.50e-04 *
2026-03-06 03:14:16  INFO        [VCN]  66/150  train=0.998347  val=0.998483  lr=2.50e-04
2026-03-06 03:14:28  INFO        [VCN]  67/150  train=0.998344  val=0.998481  lr=2.50e-04 *
2026-03-06 03:14:40  INFO        [VCN]  68/150  train=0.998343  val=0.998482  lr=2.50e-04
2026-03-06 03:14:52  INFO        [VCN]  69/150  train=0.998339  val=0.998483  lr=2.50e-04
2026-03-06 03:15:04  INFO        [VCN]  70/150  train=0.998340  val=0.998477  lr=2.50e-04 *
2026-03-06 03:15:07  INFO          NMI (labeled, K=7): 0.0124
2026-03-06 03:15:20  INFO        [VCN]  71/150  train=0.998337  val=0.998479  lr=2.50e-04
2026-03-06 03:15:32  INFO        [VCN]  72/150  train=0.998333  val=0.998490  lr=2.50e-04
2026-03-06 03:15:44  INFO        [VCN]  73/150  train=0.998331  val=0.998474  lr=2.50e-04 *
2026-03-06 03:15:56  INFO        [VCN]  74/150  train=0.998328  val=0.998474  lr=1.25e-04
2026-03-06 03:16:08  INFO        [VCN]  75/150  train=0.998324  val=0.998473  lr=1.25e-04 *
