2026-03-06 04:19:47  INFO      Log file: /home/mahmudm2/codebase/RollingWheels/Scripts/logs/run_20260306_041947_updated_attention.log
2026-03-06 04:19:47  INFO      Device: cuda:0
2026-03-06 04:19:47  INFO      Run timestamp: 20260306_041947
2026-03-06 04:19:47  INFO      Figures dir  : /home/mahmudm2/codebase/RollingWheels/Scripts/figures
2026-03-06 04:19:47  INFO      Models dir   : /home/mahmudm2/codebase/RollingWheels/Scripts/models
2026-03-06 04:19:47  INFO      
[0] Surface names
2026-03-06 04:19:47  INFO            1 -> Paving Blocks (Smooth) (Red)
2026-03-06 04:19:47  INFO            2 -> Concrete Sidewalk
2026-03-06 04:19:47  INFO            3 -> Smooth Brick (High Street)
2026-03-06 04:19:47  INFO            4 -> Rough brick (High Street)
2026-03-06 04:19:47  INFO            5 -> Asphalt / Tar surface
2026-03-06 04:19:47  INFO            6 -> Indoor Carpet (low-pile)
2026-03-06 04:19:47  INFO            7 -> Indoor Linoleum
2026-03-06 04:19:47  INFO            8 -> Indoor Tile
2026-03-06 04:19:47  INFO            9 -> Curb Up
2026-03-06 04:19:47  INFO           10 -> Curb Down
2026-03-06 04:19:47  INFO           11 -> Rectangular Paving Tiles
2026-03-06 04:19:47  INFO           12 -> Paving Blocks (Rough)
2026-03-06 04:19:47  INFO      
[1] Load windowed pkl
2026-03-06 04:19:47  INFO        Loading: ../Datasets/ExtractedFeatures/labeled_accelerometer_raw_windows.csv
2026-03-06 04:19:51  INFO        Rows: 8153088  Windows: 7962
2026-03-06 04:19:54  INFO      
  Windows: (7962, 3, 1024)  Labels: (7962,)
2026-03-06 04:19:54  INFO        Labeled: 7962  Unlabeled: 0
2026-03-06 04:19:54  INFO        Classes: [0, 1, 2, 3, 4, 6, 7]
2026-03-06 04:19:54  INFO        Stratified split:
2026-03-06 04:19:54  INFO          Surface 0                     :  1109 train   277 test
2026-03-06 04:19:54  INFO          Paving Blocks (Smooth) (Red)  :   671 train   167 test
2026-03-06 04:19:54  INFO          Concrete Sidewalk             :   905 train   226 test
2026-03-06 04:19:54  INFO          Smooth Brick (High Street)    :  1719 train   429 test
2026-03-06 04:19:54  INFO          Rough brick (High Street)     :   958 train   239 test
2026-03-06 04:19:54  INFO          Indoor Carpet (low-pile)      :   454 train   113 test
2026-03-06 04:19:54  INFO          Indoor Linoleum               :   556 train   139 test
2026-03-06 04:19:54  INFO      
[2] Super-class distribution (train):
2026-03-06 04:19:54  INFO          Paving Blocks (Smooth) / Indoor Tile: 1109 windows
2026-03-06 04:19:54  INFO          Concrete Sidewalk             : 671 windows
2026-03-06 04:19:54  INFO          Brick (Smooth + Rough)        : 905 windows
2026-03-06 04:19:54  INFO          Asphalt + Indoor Carpet       : 1719 windows
2026-03-06 04:19:54  INFO          Indoor Linoleum               : 958 windows
2026-03-06 04:19:54  INFO          Curb (Up + Down)              : 454 windows
2026-03-06 04:19:54  INFO          Rect. Tiles / Paving Blocks (Rough): 556 windows
2026-03-06 04:19:54  INFO      
[3] Train VibClustNet autoencoder
2026-03-06 04:19:55  INFO        Parameters: 574,100
2026-03-06 04:20:14  INFO        [VCN]   1/500  train=1.000047  val=1.000000  lr=1.00e-03 *
2026-03-06 04:20:31  INFO        [VCN]   2/500  train=1.000001  val=1.000001  lr=1.00e-03
2026-03-06 04:20:49  INFO        [VCN]   3/500  train=1.000000  val=1.000000  lr=1.00e-03
2026-03-06 04:21:06  INFO        [VCN]   4/500  train=1.000000  val=1.000000  lr=1.00e-03
2026-03-06 04:21:24  INFO        [VCN]   5/500  train=1.000000  val=1.000001  lr=1.00e-03
2026-03-06 04:21:41  INFO        [VCN]   6/500  train=1.000000  val=1.000000  lr=1.00e-03
2026-03-06 04:21:59  INFO        [VCN]   7/500  train=0.999999  val=1.000000  lr=1.00e-03
2026-03-06 04:22:16  INFO        [VCN]   8/500  train=0.999999  val=1.000000  lr=1.00e-03
2026-03-06 04:22:34  INFO        [VCN]   9/500  train=0.999998  val=1.000005  lr=1.00e-03
2026-03-06 04:22:51  INFO        [VCN]  10/500  train=0.999998  val=1.000017  lr=1.00e-03
2026-03-06 04:22:56  INFO          NMI (labeled, K=7): 0.1817
2026-03-06 04:23:13  INFO        [VCN]  11/500  train=0.999997  val=1.000002  lr=1.00e-03
2026-03-06 04:23:31  INFO        [VCN]  12/500  train=0.999997  val=0.999808  lr=1.00e-03 *
2026-03-06 04:23:48  INFO        [VCN]  13/500  train=0.999941  val=0.999617  lr=1.00e-03 *
2026-03-06 04:24:06  INFO        [VCN]  14/500  train=0.999477  val=0.999480  lr=1.00e-03 *
2026-03-06 04:24:25  INFO        [VCN]  15/500  train=0.999437  val=0.999465  lr=1.00e-03 *
2026-03-06 04:24:43  INFO        [VCN]  16/500  train=0.999433  val=0.999455  lr=1.00e-03 *
