2026-03-09 05:36:13  INFO      Run: 20260309_053613_raw_feature_result
2026-03-09 05:36:13  INFO      Log: /Users/nadim/MyFiles/vscode/RollingWheels/Scripts/results_generations/logs/run_20260309_053613_raw_feature_result.log
2026-03-09 05:36:13  INFO      Figures: /Users/nadim/MyFiles/vscode/RollingWheels/Scripts/results_generations/figures/20260309_053613_raw_feature_result
2026-03-09 05:36:13  INFO      
[1] Load & scale features
2026-03-09 05:36:13  INFO        Unlabeled features : (23674, 43)
2026-03-09 05:36:13  INFO        labeled_accelerometer_features.csv: dropping columns ['surface_id']
2026-03-09 05:36:13  INFO        Labeled features   : (7962, 42)  (surface_id dropped)
2026-03-09 05:36:13  INFO        Combined           : (31636, 42)
2026-03-09 05:36:13  INFO        Final scaled shape : (31636, 42)
2026-03-09 05:36:13  INFO      
[2] Clustering (8 methods × 4 k-values)
2026-03-09 05:36:13  INFO      
  ── k=3 ──────────────────────────────────────────
2026-03-09 05:36:13  INFO          KMeans        inertia=943610.71
2026-03-09 05:36:37  INFO          Agglomerative done
2026-03-09 05:36:39  INFO          GMM           lower_bound=29.9377
2026-03-09 05:36:39  INFO            SBScan auto-eps=5.2183
2026-03-09 05:36:42  INFO            SBScan: 5 clusters, 31016/31636 non-noise
2026-03-09 05:36:49  INFO          PSO           done
2026-03-09 05:36:49  INFO          RandomAssign  done
2026-03-09 05:36:55  INFO          GSA           done
2026-03-09 05:36:55  INFO          RandomClust   done
2026-03-09 05:36:55  INFO      
  ── k=5 ──────────────────────────────────────────
2026-03-09 05:36:55  INFO          KMeans        inertia=788031.31
2026-03-09 05:37:17  INFO          Agglomerative done
2026-03-09 05:37:22  INFO          GMM           lower_bound=37.1050
2026-03-09 05:37:22  INFO            SBScan auto-eps=5.2183
2026-03-09 05:37:25  INFO            SBScan: 5 clusters, 31016/31636 non-noise
2026-03-09 05:37:34  INFO          PSO           done
2026-03-09 05:37:34  INFO          RandomAssign  done
2026-03-09 05:37:44  INFO          GSA           done
2026-03-09 05:37:44  INFO          RandomClust   done
2026-03-09 05:37:44  INFO      
  ── k=7 ──────────────────────────────────────────
2026-03-09 05:37:44  INFO          KMeans        inertia=689714.88
2026-03-09 05:38:06  INFO          Agglomerative done
2026-03-09 05:38:18  INFO          GMM           lower_bound=41.7415
2026-03-09 05:38:19  INFO            SBScan auto-eps=5.2183
2026-03-09 05:38:21  INFO            SBScan: 5 clusters, 31016/31636 non-noise
2026-03-09 05:38:35  INFO          PSO           done
2026-03-09 05:38:35  INFO          RandomAssign  done
2026-03-09 05:38:47  INFO          GSA           done
2026-03-09 05:38:47  INFO          RandomClust   done
2026-03-09 05:38:47  INFO      
  ── k=11 ──────────────────────────────────────────
2026-03-09 05:38:48  INFO          KMeans        inertia=586955.76
2026-03-09 05:39:11  INFO          Agglomerative done
2026-03-09 05:39:31  INFO          GMM           lower_bound=45.6910
2026-03-09 05:39:32  INFO            SBScan auto-eps=5.2183
2026-03-09 05:39:34  INFO            SBScan: 5 clusters, 31016/31636 non-noise
2026-03-09 05:39:53  INFO          PSO           done
2026-03-09 05:39:53  INFO          RandomAssign  done
2026-03-09 05:40:11  INFO          GSA           done
2026-03-09 05:40:11  INFO          RandomClust   done
2026-03-09 05:40:11  INFO      
[3] Cluster membership
2026-03-09 05:40:11  INFO      
============================================================
2026-03-09 05:40:11  INFO        CLUSTER MEMBERSHIP SUMMARY
2026-03-09 05:40:11  INFO      ============================================================
2026-03-09 05:40:11  INFO      
  K-Means  k=3
2026-03-09 05:40:11  INFO        Cluster         Count        %
2026-03-09 05:40:11  INFO        ------------------------------
2026-03-09 05:40:11  INFO        C0                 15  (  0.0%)
2026-03-09 05:40:11  INFO        C1              26307  ( 83.2%)
2026-03-09 05:40:11  INFO        C2               5314  ( 16.8%)
2026-03-09 05:40:11  INFO      
  K-Means  k=5
2026-03-09 05:40:11  INFO        Cluster         Count        %
2026-03-09 05:40:11  INFO        ------------------------------
2026-03-09 05:40:11  INFO        C0              16009  ( 50.6%)
2026-03-09 05:40:11  INFO        C1              12731  ( 40.2%)
2026-03-09 05:40:11  INFO        C2                 11  (  0.0%)
2026-03-09 05:40:11  INFO        C3                 15  (  0.0%)
2026-03-09 05:40:11  INFO        C4               2870  (  9.1%)
2026-03-09 05:40:11  INFO      
  K-Means  k=7
2026-03-09 05:40:11  INFO        Cluster         Count        %
2026-03-09 05:40:11  INFO        ------------------------------
2026-03-09 05:40:11  INFO        C0              15413  ( 48.7%)
2026-03-09 05:40:11  INFO        C1               1873  (  5.9%)
2026-03-09 05:40:11  INFO        C2               9766  ( 30.9%)
2026-03-09 05:40:11  INFO        C3                 15  (  0.0%)
2026-03-09 05:40:11  INFO        C4                855  (  2.7%)
2026-03-09 05:40:11  INFO        C5                 11  (  0.0%)
2026-03-09 05:40:11  INFO        C6               3703  ( 11.7%)
2026-03-09 05:40:11  INFO      
  K-Means  k=11
2026-03-09 05:40:11  INFO        Cluster         Count        %
2026-03-09 05:40:11  INFO        ------------------------------
2026-03-09 05:40:11  INFO        C0              10520  ( 33.3%)
2026-03-09 05:40:11  INFO        C1                392  (  1.2%)
2026-03-09 05:40:11  INFO        C2               8533  ( 27.0%)
2026-03-09 05:40:11  INFO        C3                831  (  2.6%)
2026-03-09 05:40:11  INFO        C4                 11  (  0.0%)
2026-03-09 05:40:11  INFO        C5                 15  (  0.0%)
2026-03-09 05:40:11  INFO        C6               2647  (  8.4%)
2026-03-09 05:40:11  INFO        C7               3801  ( 12.0%)
2026-03-09 05:40:11  INFO        C8               1346  (  4.3%)
2026-03-09 05:40:11  INFO        C9               3531  ( 11.2%)
2026-03-09 05:40:11  INFO        C10                 9  (  0.0%)
2026-03-09 05:40:11  INFO      
  Agglomerative  k=3
2026-03-09 05:40:11  INFO        Cluster         Count        %
2026-03-09 05:40:11  INFO        ------------------------------
2026-03-09 05:40:11  INFO        C0              11188  ( 35.4%)
2026-03-09 05:40:11  INFO        C1              16230  ( 51.3%)
2026-03-09 05:40:11  INFO        C2               4218  ( 13.3%)
2026-03-09 05:40:11  INFO      
  Agglomerative  k=5
2026-03-09 05:40:11  INFO        Cluster         Count        %
2026-03-09 05:40:11  INFO        ------------------------------
2026-03-09 05:40:11  INFO        C0               1353  (  4.3%)
2026-03-09 05:40:11  INFO        C1               8448  ( 26.7%)
2026-03-09 05:40:11  INFO        C2               4218  ( 13.3%)
2026-03-09 05:40:11  INFO        C3              16230  ( 51.3%)
2026-03-09 05:40:11  INFO        C4               1387  (  4.4%)
2026-03-09 05:40:11  INFO      
  Agglomerative  k=7
2026-03-09 05:40:11  INFO        Cluster         Count        %
2026-03-09 05:40:11  INFO        ------------------------------
2026-03-09 05:40:11  INFO        C0               1387  (  4.4%)
2026-03-09 05:40:11  INFO        C1               8435  ( 26.7%)
2026-03-09 05:40:11  INFO        C2               1104  (  3.5%)
2026-03-09 05:40:11  INFO        C3              16230  ( 51.3%)
2026-03-09 05:40:11  INFO        C4                249  (  0.8%)
2026-03-09 05:40:11  INFO        C5               4218  ( 13.3%)
2026-03-09 05:40:11  INFO        C6                 13  (  0.0%)
2026-03-09 05:40:11  INFO      
  Agglomerative  k=11
2026-03-09 05:40:11  INFO        Cluster         Count        %
2026-03-09 05:40:11  INFO        ------------------------------
2026-03-09 05:40:11  INFO        C0                208  (  0.7%)
2026-03-09 05:40:11  INFO        C1               3491  ( 11.0%)
2026-03-09 05:40:11  INFO        C2               1104  (  3.5%)
2026-03-09 05:40:11  INFO        C3                360  (  1.1%)
2026-03-09 05:40:11  INFO        C4              12739  ( 40.3%)
2026-03-09 05:40:11  INFO        C5               4218  ( 13.3%)
2026-03-09 05:40:11  INFO        C6                 13  (  0.0%)
2026-03-09 05:40:11  INFO        C7                478  (  1.5%)
2026-03-09 05:40:11  INFO        C8                909  (  2.9%)
2026-03-09 05:40:11  INFO        C9               7867  ( 24.9%)
2026-03-09 05:40:11  INFO        C10               249  (  0.8%)
2026-03-09 05:40:11  INFO      
  GMM  k=3
2026-03-09 05:40:11  INFO        Cluster         Count        %
2026-03-09 05:40:11  INFO        ------------------------------
2026-03-09 05:40:11  INFO        C0              16576  ( 52.4%)
2026-03-09 05:40:11  INFO        C1              10157  ( 32.1%)
2026-03-09 05:40:11  INFO        C2               4903  ( 15.5%)
2026-03-09 05:40:11  INFO      
  GMM  k=5
2026-03-09 05:40:11  INFO        Cluster         Count        %
2026-03-09 05:40:11  INFO        ------------------------------
2026-03-09 05:40:11  INFO        C0              14171  ( 44.8%)
2026-03-09 05:40:11  INFO        C1               3915  ( 12.4%)
2026-03-09 05:40:11  INFO        C2               5364  ( 17.0%)
2026-03-09 05:40:11  INFO        C3                 15  (  0.0%)
2026-03-09 05:40:11  INFO        C4               8171  ( 25.8%)
2026-03-09 05:40:11  INFO      
  GMM  k=7
2026-03-09 05:40:11  INFO        Cluster         Count        %
2026-03-09 05:40:11  INFO        ------------------------------
2026-03-09 05:40:11  INFO        C0               5881  ( 18.6%)
2026-03-09 05:40:11  INFO        C1               6404  ( 20.2%)
2026-03-09 05:40:11  INFO        C2               6521  ( 20.6%)
2026-03-09 05:40:11  INFO        C3               2580  (  8.2%)
2026-03-09 05:40:11  INFO        C4              10220  ( 32.3%)
2026-03-09 05:40:11  INFO        C5                 15  (  0.0%)
2026-03-09 05:40:11  INFO        C6                 15  (  0.0%)
2026-03-09 05:40:11  INFO      
  GMM  k=11
2026-03-09 05:40:11  INFO        Cluster         Count        %
2026-03-09 05:40:11  INFO        ------------------------------
2026-03-09 05:40:11  INFO        C0               4905  ( 15.5%)
2026-03-09 05:40:11  INFO        C1               1964  (  6.2%)
2026-03-09 05:40:11  INFO        C2               5458  ( 17.3%)
2026-03-09 05:40:11  INFO        C3               2290  (  7.2%)
2026-03-09 05:40:11  INFO        C4                 15  (  0.0%)
2026-03-09 05:40:11  INFO        C5                 15  (  0.0%)
2026-03-09 05:40:11  INFO        C6               6004  ( 19.0%)
2026-03-09 05:40:11  INFO        C7               3585  ( 11.3%)
2026-03-09 05:40:11  INFO        C8               2524  (  8.0%)
2026-03-09 05:40:11  INFO        C9               4865  ( 15.4%)
2026-03-09 05:40:11  INFO        C10                11  (  0.0%)
2026-03-09 05:40:11  INFO      
  SBScan  k=3
2026-03-09 05:40:11  INFO        Cluster         Count        %
2026-03-09 05:40:11  INFO        ------------------------------
2026-03-09 05:40:11  INFO        C-1               620  (  2.0%) (noise)
2026-03-09 05:40:11  INFO        C0              30990  ( 98.0%)
2026-03-09 05:40:11  INFO        C1                  6  (  0.0%)
2026-03-09 05:40:11  INFO        C2                  5  (  0.0%)
2026-03-09 05:40:11  INFO        C3                 10  (  0.0%)
2026-03-09 05:40:11  INFO        C4                  5  (  0.0%)
2026-03-09 05:40:11  INFO      
  SBScan  k=5
2026-03-09 05:40:11  INFO        Cluster         Count        %
2026-03-09 05:40:11  INFO        ------------------------------
2026-03-09 05:40:11  INFO        C-1               620  (  2.0%) (noise)
2026-03-09 05:40:11  INFO        C0              30990  ( 98.0%)
2026-03-09 05:40:11  INFO        C1                  6  (  0.0%)
2026-03-09 05:40:11  INFO        C2                  5  (  0.0%)
2026-03-09 05:40:11  INFO        C3                 10  (  0.0%)
2026-03-09 05:40:11  INFO        C4                  5  (  0.0%)
2026-03-09 05:40:11  INFO      
  SBScan  k=7
2026-03-09 05:40:11  INFO        Cluster         Count        %
2026-03-09 05:40:11  INFO        ------------------------------
2026-03-09 05:40:11  INFO        C-1               620  (  2.0%) (noise)
2026-03-09 05:40:11  INFO        C0              30990  ( 98.0%)
2026-03-09 05:40:11  INFO        C1                  6  (  0.0%)
2026-03-09 05:40:11  INFO        C2                  5  (  0.0%)
2026-03-09 05:40:11  INFO        C3                 10  (  0.0%)
2026-03-09 05:40:11  INFO        C4                  5  (  0.0%)
2026-03-09 05:40:11  INFO      
  SBScan  k=11
2026-03-09 05:40:11  INFO        Cluster         Count        %
2026-03-09 05:40:11  INFO        ------------------------------
2026-03-09 05:40:11  INFO        C-1               620  (  2.0%) (noise)
2026-03-09 05:40:11  INFO        C0              30990  ( 98.0%)
2026-03-09 05:40:11  INFO        C1                  6  (  0.0%)
2026-03-09 05:40:11  INFO        C2                  5  (  0.0%)
2026-03-09 05:40:11  INFO        C3                 10  (  0.0%)
2026-03-09 05:40:11  INFO        C4                  5  (  0.0%)
2026-03-09 05:40:11  INFO      
  PSO  k=3
2026-03-09 05:40:11  INFO        Cluster         Count        %
2026-03-09 05:40:11  INFO        ------------------------------
2026-03-09 05:40:11  INFO        C0               2927  (  9.3%)
2026-03-09 05:40:11  INFO        C1              21258  ( 67.2%)
2026-03-09 05:40:11  INFO        C2               7451  ( 23.6%)
2026-03-09 05:40:11  INFO      
  PSO  k=5
2026-03-09 05:40:11  INFO        Cluster         Count        %
2026-03-09 05:40:11  INFO        ------------------------------
2026-03-09 05:40:11  INFO        C0               4305  ( 13.6%)
2026-03-09 05:40:11  INFO        C1               3113  (  9.8%)
2026-03-09 05:40:11  INFO        C2              12778  ( 40.4%)
2026-03-09 05:40:11  INFO        C3                263  (  0.8%)
2026-03-09 05:40:11  INFO        C4              11177  ( 35.3%)
2026-03-09 05:40:11  INFO      
  PSO  k=7
2026-03-09 05:40:11  INFO        Cluster         Count        %
2026-03-09 05:40:11  INFO        ------------------------------
2026-03-09 05:40:11  INFO        C0               1662  (  5.3%)
2026-03-09 05:40:11  INFO        C1               3560  ( 11.3%)
2026-03-09 05:40:11  INFO        C2               6192  ( 19.6%)
2026-03-09 05:40:11  INFO        C3               3528  ( 11.2%)
2026-03-09 05:40:11  INFO        C4               1666  (  5.3%)
2026-03-09 05:40:11  INFO        C5              10429  ( 33.0%)
2026-03-09 05:40:11  INFO        C6               4599  ( 14.5%)
2026-03-09 05:40:11  INFO      
  PSO  k=11
2026-03-09 05:40:11  INFO        Cluster         Count        %
2026-03-09 05:40:11  INFO        ------------------------------
2026-03-09 05:40:11  INFO        C0               2984  (  9.4%)
2026-03-09 05:40:11  INFO        C1               3501  ( 11.1%)
2026-03-09 05:40:11  INFO        C2              11393  ( 36.0%)
2026-03-09 05:40:11  INFO        C3               5106  ( 16.1%)
2026-03-09 05:40:11  INFO        C4               3104  (  9.8%)
2026-03-09 05:40:11  INFO        C5               1496  (  4.7%)
2026-03-09 05:40:11  INFO        C6                795  (  2.5%)
2026-03-09 05:40:11  INFO        C7                 88  (  0.3%)
2026-03-09 05:40:11  INFO        C8                916  (  2.9%)
2026-03-09 05:40:11  INFO        C9                356  (  1.1%)
2026-03-09 05:40:11  INFO        C10              1897  (  6.0%)
2026-03-09 05:40:11  INFO      
  RandomAssign  k=3
2026-03-09 05:40:11  INFO        Cluster         Count        %
2026-03-09 05:40:11  INFO        ------------------------------
2026-03-09 05:40:11  INFO        C0              10619  ( 33.6%)
2026-03-09 05:40:11  INFO        C1              10541  ( 33.3%)
2026-03-09 05:40:11  INFO        C2              10476  ( 33.1%)
2026-03-09 05:40:11  INFO      
  RandomAssign  k=5
2026-03-09 05:40:11  INFO        Cluster         Count        %
2026-03-09 05:40:11  INFO        ------------------------------
2026-03-09 05:40:11  INFO        C0               6333  ( 20.0%)
2026-03-09 05:40:11  INFO        C1               6350  ( 20.1%)
2026-03-09 05:40:11  INFO        C2               6337  ( 20.0%)
2026-03-09 05:40:11  INFO        C3               6403  ( 20.2%)
2026-03-09 05:40:11  INFO        C4               6213  ( 19.6%)
2026-03-09 05:40:11  INFO      
  RandomAssign  k=7
2026-03-09 05:40:11  INFO        Cluster         Count        %
2026-03-09 05:40:11  INFO        ------------------------------
2026-03-09 05:40:11  INFO        C0               4493  ( 14.2%)
2026-03-09 05:40:11  INFO        C1               4573  ( 14.5%)
2026-03-09 05:40:11  INFO        C2               4555  ( 14.4%)
2026-03-09 05:40:11  INFO        C3               4529  ( 14.3%)
2026-03-09 05:40:11  INFO        C4               4495  ( 14.2%)
2026-03-09 05:40:11  INFO        C5               4526  ( 14.3%)
2026-03-09 05:40:11  INFO        C6               4465  ( 14.1%)
2026-03-09 05:40:11  INFO      
  RandomAssign  k=11
2026-03-09 05:40:11  INFO        Cluster         Count        %
2026-03-09 05:40:11  INFO        ------------------------------
2026-03-09 05:40:11  INFO        C0               2826  (  8.9%)
2026-03-09 05:40:11  INFO        C1               2940  (  9.3%)
2026-03-09 05:40:11  INFO        C2               2878  (  9.1%)
2026-03-09 05:40:11  INFO        C3               2950  (  9.3%)
2026-03-09 05:40:11  INFO        C4               2871  (  9.1%)
2026-03-09 05:40:11  INFO        C5               2864  (  9.1%)
2026-03-09 05:40:11  INFO        C6               2851  (  9.0%)
2026-03-09 05:40:11  INFO        C7               2893  (  9.1%)
2026-03-09 05:40:11  INFO        C8               2893  (  9.1%)
2026-03-09 05:40:11  INFO        C9               2782  (  8.8%)
2026-03-09 05:40:11  INFO        C10              2888  (  9.1%)
2026-03-09 05:40:11  INFO      
  GravitationalSearch  k=3
2026-03-09 05:40:11  INFO        Cluster         Count        %
2026-03-09 05:40:11  INFO        ------------------------------
2026-03-09 05:40:11  INFO        C0               8009  ( 25.3%)
2026-03-09 05:40:11  INFO        C1              14882  ( 47.0%)
2026-03-09 05:40:11  INFO        C2               8745  ( 27.6%)
2026-03-09 05:40:11  INFO      
  GravitationalSearch  k=5
2026-03-09 05:40:11  INFO        Cluster         Count        %
2026-03-09 05:40:11  INFO        ------------------------------
2026-03-09 05:40:11  INFO        C0               4762  ( 15.1%)
2026-03-09 05:40:11  INFO        C1               2077  (  6.6%)
2026-03-09 05:40:11  INFO        C2              14140  ( 44.7%)
2026-03-09 05:40:11  INFO        C3                209  (  0.7%)
2026-03-09 05:40:11  INFO        C4              10448  ( 33.0%)
2026-03-09 05:40:11  INFO      
  GravitationalSearch  k=7
2026-03-09 05:40:11  INFO        Cluster         Count        %
2026-03-09 05:40:11  INFO        ------------------------------
2026-03-09 05:40:11  INFO        C0               2486  (  7.9%)
2026-03-09 05:40:11  INFO        C1               8932  ( 28.2%)
2026-03-09 05:40:11  INFO        C2               4648  ( 14.7%)
2026-03-09 05:40:11  INFO        C3               1352  (  4.3%)
2026-03-09 05:40:11  INFO        C4                794  (  2.5%)
2026-03-09 05:40:11  INFO        C5              10161  ( 32.1%)
2026-03-09 05:40:11  INFO        C6               3263  ( 10.3%)
2026-03-09 05:40:11  INFO      
  GravitationalSearch  k=11
2026-03-09 05:40:11  INFO        Cluster         Count        %
2026-03-09 05:40:11  INFO        ------------------------------
2026-03-09 05:40:11  INFO        C0               4246  ( 13.4%)
2026-03-09 05:40:11  INFO        C1               3103  (  9.8%)
2026-03-09 05:40:11  INFO        C2              12082  ( 38.2%)
2026-03-09 05:40:11  INFO        C3               3482  ( 11.0%)
2026-03-09 05:40:11  INFO        C4               2470  (  7.8%)
2026-03-09 05:40:11  INFO        C5               2102  (  6.6%)
2026-03-09 05:40:11  INFO        C6                558  (  1.8%)
2026-03-09 05:40:11  INFO        C7                101  (  0.3%)
2026-03-09 05:40:11  INFO        C8                769  (  2.4%)
2026-03-09 05:40:11  INFO        C9                861  (  2.7%)
2026-03-09 05:40:11  INFO        C10              1862  (  5.9%)
2026-03-09 05:40:11  INFO      
  RandomClustering  k=3
2026-03-09 05:40:11  INFO        Cluster         Count        %
2026-03-09 05:40:11  INFO        ------------------------------
2026-03-09 05:40:11  INFO        C0               2558  (  8.1%)
2026-03-09 05:40:11  INFO        C1              23223  ( 73.4%)
2026-03-09 05:40:11  INFO        C2               5855  ( 18.5%)
2026-03-09 05:40:11  INFO      
  RandomClustering  k=5
2026-03-09 05:40:11  INFO        Cluster         Count        %
2026-03-09 05:40:11  INFO        ------------------------------
2026-03-09 05:40:11  INFO        C0               8118  ( 25.7%)
2026-03-09 05:40:11  INFO        C1               2253  (  7.1%)
2026-03-09 05:40:11  INFO        C2                315  (  1.0%)
2026-03-09 05:40:11  INFO        C3              13322  ( 42.1%)
2026-03-09 05:40:11  INFO        C4               7628  ( 24.1%)
2026-03-09 05:40:11  INFO      
  RandomClustering  k=7
2026-03-09 05:40:11  INFO        Cluster         Count        %
2026-03-09 05:40:11  INFO        ------------------------------
2026-03-09 05:40:11  INFO        C0               7946  ( 25.1%)
2026-03-09 05:40:11  INFO        C1               1885  (  6.0%)
2026-03-09 05:40:11  INFO        C2               1936  (  6.1%)
2026-03-09 05:40:11  INFO        C3                974  (  3.1%)
2026-03-09 05:40:11  INFO        C4               9701  ( 30.7%)
2026-03-09 05:40:11  INFO        C5               4039  ( 12.8%)
2026-03-09 05:40:11  INFO        C6               5155  ( 16.3%)
2026-03-09 05:40:11  INFO      
  RandomClustering  k=11
2026-03-09 05:40:11  INFO        Cluster         Count        %
2026-03-09 05:40:11  INFO        ------------------------------
2026-03-09 05:40:11  INFO        C0               1352  (  4.3%)
2026-03-09 05:40:11  INFO        C1               1961  (  6.2%)
2026-03-09 05:40:11  INFO        C2               4116  ( 13.0%)
2026-03-09 05:40:11  INFO        C3               7112  ( 22.5%)
2026-03-09 05:40:11  INFO        C4               1702  (  5.4%)
2026-03-09 05:40:11  INFO        C5               1226  (  3.9%)
2026-03-09 05:40:11  INFO        C6               3095  (  9.8%)
2026-03-09 05:40:11  INFO        C7                772  (  2.4%)
2026-03-09 05:40:11  INFO        C8               3594  ( 11.4%)
2026-03-09 05:40:11  INFO        C9               5593  ( 17.7%)
2026-03-09 05:40:11  INFO        C10              1113  (  3.5%)
2026-03-09 05:40:11  INFO      
[4] Computing metrics (Silhouette, DB, CH, Dunn, ARI, NMI)
2026-03-09 05:43:28  INFO      
======================================================================
2026-03-09 05:43:28  INFO        CLUSTERING METRICS
2026-03-09 05:43:28  INFO        Silhouette ↑  Davies-Bouldin ↓  Calinski-Harabasz ↑  Dunn ↑
2026-03-09 05:43:28  INFO      ======================================================================
2026-03-09 05:43:28  INFO      
                        Silhouette  Davies-Bouldin  Calinski-Harabasz   Dunn   ARI   NMI
Method              k                                                                   
K-Means             3       0.3841          1.1378          6454.9400 0.1002  None  None
                    5       0.1640          1.3532          5425.6400 0.0505  None  None
                    7       0.1920          1.3132          4883.8600 0.0544  None  None
                    11      0.1250          1.6196          3996.5600 0.0411  None  None
Agglomerative       3       0.1597          1.8060          3710.2500 0.3890  None  None
                    5      -0.0041          2.1415          2250.9000 0.2029  None  None
                    7      -0.0231          2.1915          1510.7200 0.1828  None  None
                    11     -0.0069          2.3229          1073.5600 0.1061  None  None
GMM                 3       0.0850          2.3264          3746.6500 0.1808  None  None
                    5       0.0052          2.3836          3626.8700 0.0246  None  None
                    7       0.0229          2.5469          3402.3300 0.0232  None  None
                    11      0.0014          2.4191          2890.2600 0.0238  None  None
SBScan              3       0.4021          0.6087            53.0000 1.0918  None  None
                    5       0.4021          0.6087            53.0000 1.0918  None  None
                    7       0.4021          0.6087            53.0000 1.0918  None  None
                    11      0.4021          0.6087            53.0000 1.0918  None  None
PSO                 3       0.2402          1.5722          4590.3700 0.4098  None  None
                    5       0.1283          1.8532          3130.7800 0.1822  None  None
                    7       0.0625          2.5655          2254.1400 0.1440  None  None
                    11      0.0849          2.6432          1715.2800 0.0813  None  None
RandomAssign        3      -0.0013        141.8297             0.9000 0.0069  None  None
                    5      -0.0065        113.3426             1.0100 0.0082  None  None
                    7      -0.0089         94.7025             1.1200 0.0095  None  None
                    11     -0.0154         97.3287             0.9600 0.0082  None  None
GravitationalSearch 3       0.0892          2.7223          3828.6200 0.2031  None  None
                    5       0.1129          1.9727          2799.6300 0.1882  None  None
                    7       0.0564          2.9573          2058.8900 0.1054  None  None
                    11      0.0854          2.8789          1664.8000 0.0455  None  None
RandomClustering    3       0.2636          2.7202          2654.9200 0.2414  None  None
                    5       0.0135          3.1559          1646.6400 0.0686  None  None
                    7       0.0026          3.2442          1555.9500 0.0871  None  None
                    11     -0.0438          3.1155          1268.5200 0.0561  None  None
2026-03-09 05:43:28  INFO        Metrics saved: /Users/nadim/MyFiles/vscode/RollingWheels/Scripts/results_generations/figures/20260309_053613_raw_feature_result/metrics_raw_feature_result.csv
2026-03-09 05:43:28  INFO      
[5] Metrics comparison plot
2026-03-09 05:43:29  INFO        Saved figures/20260309_053613_raw_feature_result/metrics_comparison_raw_feature_result.png
2026-03-09 05:43:29  INFO      
[6] Dimensionality reduction
2026-03-09 05:43:29  INFO        t-SNE fitting …
2026-03-09 05:44:34  INFO        t-SNE done.
2026-03-09 05:44:34  INFO        UMAP fitting …
2026-03-09 05:44:51  INFO        UMAP done.
2026-03-09 05:44:51  INFO      
[7] Scatter grids (one figure per method)
2026-03-09 05:44:52  INFO        Saved figures/20260309_053613_raw_feature_result/kmeans_raw_feature_result.png
2026-03-09 05:44:54  INFO        Saved figures/20260309_053613_raw_feature_result/agg_raw_feature_result.png
2026-03-09 05:44:55  INFO        Saved figures/20260309_053613_raw_feature_result/gmm_raw_feature_result.png
2026-03-09 05:44:56  INFO        Saved figures/20260309_053613_raw_feature_result/sbscan_raw_feature_result.png
2026-03-09 05:44:57  INFO        Saved figures/20260309_053613_raw_feature_result/pos_raw_feature_result.png
2026-03-09 05:44:58  INFO        Saved figures/20260309_053613_raw_feature_result/rand_assign_raw_feature_result.png
2026-03-09 05:45:00  INFO        Saved figures/20260309_053613_raw_feature_result/gsa_raw_feature_result.png
2026-03-09 05:45:01  INFO        Saved figures/20260309_053613_raw_feature_result/rand_clust_raw_feature_result.png
2026-03-09 05:45:01  INFO      
Done!  Outputs in: /Users/nadim/MyFiles/vscode/RollingWheels/Scripts/results_generations/figures/20260309_053613_raw_feature_result
