2026-03-06 09:32:11  INFO      Log file: /home/mahmudm2/codebase/RollingWheels/Scripts/attention_updated/logs/run_20260306_093211_updated_attention.log
2026-03-06 09:32:12  INFO      Device: cuda
2026-03-06 09:32:12  INFO      Run timestamp: 20260306_093211
2026-03-06 09:32:12  INFO      Figures dir  : /home/mahmudm2/codebase/RollingWheels/Scripts/attention_updated/figures
2026-03-06 09:32:12  INFO      Models dir   : /home/mahmudm2/codebase/RollingWheels/Scripts/attention_updated/models
2026-03-06 09:32:12  INFO      
[0] Surface names
2026-03-06 09:32:12  WARNING     WARNING: [Errno 2] No such file or directory: '../Datasets/surface_types.csv'
2026-03-06 09:32:12  INFO      
[1] Load windowed pkl
2026-03-06 09:32:12  INFO        Loading: ../../Datasets/ExtractedFeatures/labeled_accelerometer_raw_windows.csv
2026-03-06 09:32:17  INFO        Rows: 8153088  Windows: 7962
2026-03-06 09:32:21  INFO      
  Windows: (7962, 3, 1024)  Labels: (7962,)
2026-03-06 09:32:21  INFO        Labeled: 7962  Unlabeled: 0
2026-03-06 09:32:21  INFO        Classes: [0, 1, 2, 3, 4, 6, 7]
2026-03-06 09:32:21  INFO        Stratified split:
2026-03-06 09:32:21  INFO          Surface 0                     :  1109 train   277 test
2026-03-06 09:32:21  INFO          Surface 1                     :   671 train   167 test
2026-03-06 09:32:21  INFO          Surface 2                     :   905 train   226 test
2026-03-06 09:32:21  INFO          Surface 3                     :  1719 train   429 test
2026-03-06 09:32:21  INFO          Surface 4                     :   958 train   239 test
2026-03-06 09:32:21  INFO          Surface 6                     :   454 train   113 test
2026-03-06 09:32:21  INFO          Surface 7                     :   556 train   139 test
2026-03-06 09:32:21  INFO      
[2] Super-class distribution (train):
2026-03-06 09:32:21  INFO          Paving Blocks (Smooth) / Indoor Tile: 1109 windows
2026-03-06 09:32:21  INFO          Concrete Sidewalk             : 671 windows
2026-03-06 09:32:21  INFO          Brick (Smooth + Rough)        : 905 windows
2026-03-06 09:32:21  INFO          Asphalt + Indoor Carpet       : 1719 windows
2026-03-06 09:32:21  INFO          Indoor Linoleum               : 958 windows
2026-03-06 09:32:21  INFO          Curb (Up + Down)              : 454 windows
2026-03-06 09:32:21  INFO          Rect. Tiles / Paving Blocks (Rough): 556 windows
2026-03-06 09:32:21  INFO      
[3] Train VibClustNet autoencoder
2026-03-06 09:32:22  INFO        Parameters: 574,100
2026-03-06 09:32:43  INFO        [VCN]   1/500  train=1.000232  val=1.000006  lr=1.00e-03 *
2026-03-06 09:33:02  INFO        [VCN]   2/500  train=1.000006  val=1.000004  lr=1.00e-03 *
2026-03-06 09:33:20  INFO        [VCN]   3/500  train=1.000009  val=1.000019  lr=1.00e-03
2026-03-06 09:33:39  INFO        [VCN]   4/500  train=1.000005  val=1.000004  lr=1.00e-03
2026-03-06 09:33:57  INFO        [VCN]   5/500  train=1.000002  val=1.000003  lr=1.00e-03 *
2026-03-06 09:34:15  INFO        [VCN]   6/500  train=1.000001  val=1.000001  lr=1.00e-03 *
2026-03-06 09:34:34  INFO        [VCN]   7/500  train=1.000001  val=1.000002  lr=1.00e-03
2026-03-06 09:34:52  INFO        [VCN]   8/500  train=1.000000  val=1.000003  lr=1.00e-03
2026-03-06 09:35:10  INFO        [VCN]   9/500  train=0.999999  val=1.000004  lr=1.00e-03
2026-03-06 09:35:29  INFO        [VCN]  10/500  train=1.000000  val=1.000003  lr=1.00e-03
2026-03-06 09:35:33  INFO          NMI (labeled, K=7): 0.1722
2026-03-06 09:35:51  INFO        [VCN]  11/500  train=1.000034  val=1.000002  lr=1.00e-03
2026-03-06 09:36:08  INFO        [VCN]  12/500  train=1.000000  val=1.000000  lr=1.00e-03
2026-03-06 09:36:26  INFO        [VCN]  13/500  train=1.000000  val=1.000002  lr=1.00e-03
2026-03-06 09:36:43  INFO        [VCN]  14/500  train=0.999998  val=0.999999  lr=1.00e-03 *
2026-03-06 09:37:02  INFO        [VCN]  15/500  train=0.999997  val=1.000006  lr=1.00e-03
2026-03-06 09:37:20  INFO        [VCN]  16/500  train=0.999995  val=0.999999  lr=1.00e-03
2026-03-06 09:37:38  INFO        [VCN]  17/500  train=0.999993  val=1.000020  lr=5.00e-04
2026-03-06 09:37:57  INFO        [VCN]  18/500  train=0.999972  val=0.999990  lr=5.00e-04 *
2026-03-06 09:38:15  INFO        [VCN]  19/500  train=0.999941  val=0.999714  lr=5.00e-04 *
2026-03-06 09:38:33  INFO        [VCN]  20/500  train=0.998937  val=0.998605  lr=5.00e-04 *
2026-03-06 09:38:38  INFO          NMI (labeled, K=7): 0.0161
2026-03-06 09:38:55  INFO        [VCN]  21/500  train=0.998412  val=0.998503  lr=5.00e-04 *
2026-03-06 09:39:13  INFO        [VCN]  22/500  train=0.998375  val=0.998524  lr=5.00e-04
2026-03-06 09:39:30  INFO        [VCN]  23/500  train=0.997915  val=0.997862  lr=5.00e-04 *
2026-03-06 09:39:48  INFO        [VCN]  24/500  train=0.997388  val=0.997447  lr=5.00e-04 *
2026-03-06 09:40:05  INFO        [VCN]  25/500  train=0.997404  val=0.998164  lr=5.00e-04
2026-03-06 09:40:22  INFO        [VCN]  26/500  train=0.997393  val=0.997474  lr=5.00e-04
2026-03-06 09:40:40  INFO        [VCN]  27/500  train=0.997241  val=0.997390  lr=5.00e-04 *
2026-03-06 09:40:57  INFO        [VCN]  28/500  train=0.997047  val=0.996971  lr=5.00e-04 *
2026-03-06 09:41:15  INFO        [VCN]  29/500  train=0.996756  val=0.996949  lr=5.00e-04 *
2026-03-06 09:41:32  INFO        [VCN]  30/500  train=0.996727  val=0.996950  lr=5.00e-04
2026-03-06 09:41:37  INFO          NMI (labeled, K=7): 0.0081
2026-03-06 09:41:54  INFO        [VCN]  31/500  train=0.996746  val=0.996977  lr=5.00e-04
2026-03-06 09:42:12  INFO        [VCN]  32/500  train=0.996719  val=0.996931  lr=5.00e-04 *
2026-03-06 09:42:29  INFO        [VCN]  33/500  train=0.996717  val=0.996935  lr=5.00e-04
2026-03-06 09:42:47  INFO        [VCN]  34/500  train=0.996719  val=0.996965  lr=5.00e-04
2026-03-06 09:43:04  INFO        [VCN]  35/500  train=0.996712  val=0.996924  lr=5.00e-04 *
2026-03-06 09:43:22  INFO        [VCN]  36/500  train=0.996707  val=0.996926  lr=5.00e-04
2026-03-06 09:43:41  INFO        [VCN]  37/500  train=0.996697  val=0.996931  lr=5.00e-04
2026-03-06 09:43:59  INFO        [VCN]  38/500  train=0.996695  val=0.996942  lr=5.00e-04
2026-03-06 09:44:18  INFO        [VCN]  39/500  train=0.996808  val=0.996935  lr=5.00e-04
2026-03-06 09:44:36  INFO        [VCN]  40/500  train=0.996701  val=0.996929  lr=5.00e-04
2026-03-06 09:44:40  INFO          NMI (labeled, K=7): 0.0103
2026-03-06 09:44:58  INFO        [VCN]  41/500  train=0.996722  val=0.996922  lr=5.00e-04 *
2026-03-06 09:45:15  INFO        [VCN]  42/500  train=0.996667  val=0.996930  lr=5.00e-04
2026-03-06 09:45:33  INFO        [VCN]  43/500  train=0.996614  val=0.996836  lr=5.00e-04 *
2026-03-06 09:45:50  INFO        [VCN]  44/500  train=0.996583  val=0.996815  lr=5.00e-04 *
2026-03-06 09:46:08  INFO        [VCN]  45/500  train=0.996565  val=0.996796  lr=5.00e-04 *
2026-03-06 09:46:25  INFO        [VCN]  46/500  train=0.996549  val=0.996771  lr=5.00e-04 *
2026-03-06 09:46:43  INFO        [VCN]  47/500  train=0.996500  val=0.996699  lr=5.00e-04 *
2026-03-06 09:47:00  INFO        [VCN]  48/500  train=0.996489  val=0.996779  lr=5.00e-04
2026-03-06 09:47:18  INFO        [VCN]  49/500  train=0.996451  val=0.996670  lr=5.00e-04 *
2026-03-06 09:47:37  INFO        [VCN]  50/500  train=0.996433  val=0.996668  lr=5.00e-04 *
2026-03-06 09:47:41  INFO          NMI (labeled, K=7): 0.0062
2026-03-06 09:47:59  INFO        [VCN]  51/500  train=0.996424  val=0.996656  lr=5.00e-04 *
2026-03-06 09:48:16  INFO        [VCN]  52/500  train=0.996423  val=0.996663  lr=5.00e-04
2026-03-06 09:48:35  INFO        [VCN]  53/500  train=0.996417  val=0.996649  lr=5.00e-04 *
2026-03-06 09:48:53  INFO        [VCN]  54/500  train=0.996413  val=0.996649  lr=5.00e-04
2026-03-06 09:49:11  INFO        [VCN]  55/500  train=0.996362  val=0.996558  lr=5.00e-04 *
2026-03-06 09:49:29  INFO        [VCN]  56/500  train=0.996443  val=0.996617  lr=5.00e-04
2026-03-06 09:49:48  INFO        [VCN]  57/500  train=0.996332  val=0.996566  lr=5.00e-04
2026-03-06 09:50:06  INFO        [VCN]  58/500  train=0.996312  val=0.996549  lr=5.00e-04 *
2026-03-06 09:50:24  INFO        [VCN]  59/500  train=0.996307  val=0.996555  lr=5.00e-04
2026-03-06 09:50:43  INFO        [VCN]  60/500  train=0.996323  val=0.996599  lr=5.00e-04
2026-03-06 09:50:47  INFO          NMI (labeled, K=7): 0.0062
2026-03-06 09:51:04  INFO        [VCN]  61/500  train=0.997068  val=0.996685  lr=5.00e-04
2026-03-06 09:51:22  INFO        [VCN]  62/500  train=0.996375  val=0.996551  lr=5.00e-04
2026-03-06 09:51:39  INFO        [VCN]  63/500  train=0.996332  val=0.996539  lr=5.00e-04 *
2026-03-06 09:51:57  INFO        [VCN]  64/500  train=0.996323  val=0.996543  lr=5.00e-04
2026-03-06 09:52:14  INFO        [VCN]  65/500  train=0.996316  val=0.996536  lr=5.00e-04 *
2026-03-06 09:52:32  INFO        [VCN]  66/500  train=0.996349  val=0.996552  lr=5.00e-04
2026-03-06 09:52:49  INFO        [VCN]  67/500  train=0.996319  val=0.996535  lr=5.00e-04 *
2026-03-06 09:53:07  INFO        [VCN]  68/500  train=0.996308  val=0.996523  lr=5.00e-04 *
2026-03-06 09:53:24  INFO        [VCN]  69/500  train=0.996285  val=0.996507  lr=5.00e-04 *
2026-03-06 09:53:42  INFO        [VCN]  70/500  train=0.996246  val=0.996450  lr=5.00e-04 *
2026-03-06 09:53:47  INFO          NMI (labeled, K=7): 0.0096
2026-03-06 09:54:04  INFO        [VCN]  71/500  train=0.996225  val=0.996436  lr=5.00e-04 *
2026-03-06 09:54:22  INFO        [VCN]  72/500  train=0.996216  val=0.996431  lr=5.00e-04 *
2026-03-06 09:54:39  INFO        [VCN]  73/500  train=0.996213  val=0.996425  lr=5.00e-04 *
2026-03-06 09:54:57  INFO        [VCN]  74/500  train=0.996773  val=0.996566  lr=5.00e-04
2026-03-06 09:55:15  INFO        [VCN]  75/500  train=0.996302  val=0.996469  lr=5.00e-04
2026-03-06 09:55:33  INFO        [VCN]  76/500  train=0.996238  val=0.996448  lr=5.00e-04
2026-03-06 09:55:52  INFO        [VCN]  77/500  train=0.996222  val=0.996441  lr=5.00e-04
2026-03-06 09:56:10  INFO        [VCN]  78/500  train=0.996215  val=0.996433  lr=5.00e-04
2026-03-06 09:56:28  INFO        [VCN]  79/500  train=0.996213  val=0.996426  lr=5.00e-04
2026-03-06 09:56:47  INFO        [VCN]  80/500  train=0.996209  val=0.996422  lr=5.00e-04 *
2026-03-06 09:56:51  INFO          NMI (labeled, K=7): 0.0069
2026-03-06 09:57:09  INFO        [VCN]  81/500  train=0.996206  val=0.996427  lr=5.00e-04
2026-03-06 09:57:26  INFO        [VCN]  82/500  train=0.996202  val=0.996423  lr=5.00e-04
2026-03-06 09:57:44  INFO        [VCN]  83/500  train=0.996204  val=0.996419  lr=5.00e-04 *
2026-03-06 09:58:02  INFO        [VCN]  84/500  train=0.996204  val=0.996418  lr=5.00e-04 *
2026-03-06 09:58:20  INFO        [VCN]  85/500  train=0.996202  val=0.996417  lr=5.00e-04
2026-03-06 09:58:38  INFO        [VCN]  86/500  train=0.996201  val=0.996425  lr=2.50e-04
2026-03-06 09:58:56  INFO        [VCN]  87/500  train=0.996194  val=0.996416  lr=2.50e-04 *
2026-03-06 09:59:15  INFO        [VCN]  88/500  train=0.996192  val=0.996415  lr=2.50e-04
2026-03-06 09:59:33  INFO        [VCN]  89/500  train=0.996192  val=0.996415  lr=2.50e-04
2026-03-06 09:59:52  INFO        [VCN]  90/500  train=0.996191  val=0.996411  lr=2.50e-04 *
2026-03-06 09:59:56  INFO          NMI (labeled, K=7): 0.0070
2026-03-06 10:00:14  INFO        [VCN]  91/500  train=0.996196  val=0.996411  lr=2.50e-04
2026-03-06 10:00:31  INFO        [VCN]  92/500  train=0.996194  val=0.996424  lr=2.50e-04
2026-03-06 10:00:48  INFO        [VCN]  93/500  train=0.996192  val=0.996419  lr=2.50e-04
2026-03-06 10:01:06  INFO        [VCN]  94/500  train=0.996195  val=0.996411  lr=2.50e-04
2026-03-06 10:01:23  INFO        [VCN]  95/500  train=0.996191  val=0.996411  lr=2.50e-04
2026-03-06 10:01:41  INFO        [VCN]  96/500  train=0.996190  val=0.996411  lr=2.50e-04
2026-03-06 10:01:58  INFO        [VCN]  97/500  train=0.996191  val=0.996410  lr=2.50e-04 *
2026-03-06 10:02:16  INFO        [VCN]  98/500  train=0.996192  val=0.996418  lr=2.50e-04
2026-03-06 10:02:33  INFO        [VCN]  99/500  train=0.996192  val=0.996409  lr=2.50e-04 *
2026-03-06 10:02:51  INFO        [VCN] 100/500  train=0.996192  val=0.996413  lr=2.50e-04
2026-03-06 10:02:56  INFO          NMI (labeled, K=7): 0.0062
2026-03-06 10:03:14  INFO        [VCN] 101/500  train=0.996191  val=0.996410  lr=2.50e-04
2026-03-06 10:03:32  INFO        [VCN] 102/500  train=0.996189  val=0.996408  lr=1.25e-04
2026-03-06 10:03:50  INFO        [VCN] 103/500  train=0.996184  val=0.996409  lr=1.25e-04
2026-03-06 10:04:09  INFO        [VCN] 104/500  train=0.996184  val=0.996407  lr=1.25e-04 *
2026-03-06 10:04:27  INFO        [VCN] 105/500  train=0.996186  val=0.996408  lr=1.25e-04
2026-03-06 10:04:46  INFO        [VCN] 106/500  train=0.996185  val=0.996408  lr=1.25e-04
2026-03-06 10:05:04  INFO        [VCN] 107/500  train=0.996186  val=0.996408  lr=1.25e-04
2026-03-06 10:05:22  INFO        [VCN] 108/500  train=0.996185  val=0.996409  lr=1.25e-04
2026-03-06 10:05:41  INFO        [VCN] 109/500  train=0.996188  val=0.996407  lr=1.25e-04
2026-03-06 10:05:59  INFO        [VCN] 110/500  train=0.996185  val=0.996409  lr=1.25e-04
2026-03-06 10:06:04  INFO          NMI (labeled, K=7): 0.0096
2026-03-06 10:06:21  INFO        [VCN] 111/500  train=0.996185  val=0.996411  lr=1.25e-04
2026-03-06 10:06:39  INFO        [VCN] 112/500  train=0.996184  val=0.996408  lr=1.25e-04
2026-03-06 10:06:56  INFO        [VCN] 113/500  train=0.996184  val=0.996410  lr=1.25e-04
2026-03-06 10:07:13  INFO        [VCN] 114/500  train=0.996184  val=0.996409  lr=1.25e-04
2026-03-06 10:07:31  INFO        [VCN] 115/500  train=0.996185  val=0.996410  lr=1.25e-04
2026-03-06 10:07:48  INFO        [VCN] 116/500  train=0.996184  val=0.996408  lr=1.25e-04
2026-03-06 10:08:06  INFO        [VCN] 117/500  train=0.996185  val=0.996408  lr=1.25e-04
2026-03-06 10:08:24  INFO        [VCN] 118/500  train=0.996184  val=0.996408  lr=6.25e-05
2026-03-06 10:08:42  INFO        [VCN] 119/500  train=0.996181  val=0.996406  lr=6.25e-05 *
2026-03-06 10:09:01  INFO        [VCN] 120/500  train=0.996183  val=0.996407  lr=6.25e-05
2026-03-06 10:09:05  INFO          NMI (labeled, K=7): 0.0095
2026-03-06 10:09:23  INFO        [VCN] 121/500  train=0.996181  val=0.996407  lr=6.25e-05
2026-03-06 10:09:40  INFO        [VCN] 122/500  train=0.996183  val=0.996406  lr=6.25e-05
2026-03-06 10:09:58  INFO        [VCN] 123/500  train=0.996182  val=0.996407  lr=6.25e-05
2026-03-06 10:10:15  INFO        [VCN] 124/500  train=0.996182  val=0.996407  lr=6.25e-05
2026-03-06 10:10:33  INFO        [VCN] 125/500  train=0.996183  val=0.996405  lr=6.25e-05
2026-03-06 10:10:52  INFO        [VCN] 126/500  train=0.996181  val=0.996406  lr=6.25e-05
2026-03-06 10:11:10  INFO        [VCN] 127/500  train=0.996181  val=0.996405  lr=6.25e-05 *
2026-03-06 10:11:28  INFO        [VCN] 128/500  train=0.996182  val=0.996406  lr=6.25e-05
2026-03-06 10:11:47  INFO        [VCN] 129/500  train=0.996184  val=0.996407  lr=6.25e-05
2026-03-06 10:12:05  INFO        [VCN] 130/500  train=0.996181  val=0.996405  lr=6.25e-05
2026-03-06 10:12:09  INFO          NMI (labeled, K=7): 0.0078
2026-03-06 10:12:27  INFO        [VCN] 131/500  train=0.996181  val=0.996407  lr=6.25e-05
2026-03-06 10:12:46  INFO        [VCN] 132/500  train=0.996183  val=0.996408  lr=6.25e-05
2026-03-06 10:13:04  INFO        [VCN] 133/500  train=0.996182  val=0.996406  lr=6.25e-05
2026-03-06 10:13:22  INFO        [VCN] 134/500  train=0.996181  val=0.996406  lr=3.13e-05
2026-03-06 10:13:40  INFO        [VCN] 135/500  train=0.996179  val=0.996406  lr=3.13e-05
2026-03-06 10:13:59  INFO        [VCN] 136/500  train=0.996181  val=0.996405  lr=3.13e-05
2026-03-06 10:14:17  INFO        [VCN] 137/500  train=0.996184  val=0.996405  lr=3.13e-05
2026-03-06 10:14:36  INFO        [VCN] 138/500  train=0.996180  val=0.996407  lr=3.13e-05
2026-03-06 10:14:54  INFO        [VCN] 139/500  train=0.996181  val=0.996405  lr=3.13e-05
2026-03-06 10:15:13  INFO        [VCN] 140/500  train=0.996181  val=0.996406  lr=3.13e-05
2026-03-06 10:15:17  INFO          NMI (labeled, K=7): 0.0088
2026-03-06 10:15:35  INFO        [VCN] 141/500  train=0.996179  val=0.996406  lr=3.13e-05
2026-03-06 10:15:54  INFO        [VCN] 142/500  train=0.996180  val=0.996405  lr=3.13e-05
2026-03-06 10:16:12  INFO        [VCN] 143/500  train=0.996179  val=0.996405  lr=3.13e-05
2026-03-06 10:16:30  INFO        [VCN] 144/500  train=0.996179  val=0.996406  lr=3.13e-05
2026-03-06 10:16:49  INFO        [VCN] 145/500  train=0.996181  val=0.996406  lr=3.13e-05
2026-03-06 10:17:07  INFO        [VCN] 146/500  train=0.996182  val=0.996405  lr=3.13e-05
2026-03-06 10:17:26  INFO        [VCN] 147/500  train=0.996181  val=0.996405  lr=3.13e-05
2026-03-06 10:17:44  INFO        [VCN] 148/500  train=0.996179  val=0.996405  lr=3.13e-05
2026-03-06 10:18:03  INFO        [VCN] 149/500  train=0.996180  val=0.996405  lr=3.13e-05
2026-03-06 10:18:21  INFO        [VCN] 150/500  train=0.996180  val=0.996405  lr=1.56e-05
2026-03-06 10:18:25  INFO          NMI (labeled, K=7): 0.0081
2026-03-06 10:18:43  INFO        [VCN] 151/500  train=0.996178  val=0.996404  lr=1.56e-05
2026-03-06 10:19:00  INFO        [VCN] 152/500  train=0.996179  val=0.996404  lr=1.56e-05
2026-03-06 10:19:18  INFO        [VCN] 153/500  train=0.996178  val=0.996404  lr=1.56e-05
2026-03-06 10:19:35  INFO        [VCN] 154/500  train=0.996178  val=0.996404  lr=1.56e-05
2026-03-06 10:19:53  INFO        [VCN] 155/500  train=0.996180  val=0.996404  lr=1.56e-05 *
2026-03-06 10:20:11  INFO        [VCN] 156/500  train=0.996178  val=0.996404  lr=1.56e-05
2026-03-06 10:20:30  INFO        [VCN] 157/500  train=0.996178  val=0.996404  lr=1.56e-05
2026-03-06 10:20:48  INFO        [VCN] 158/500  train=0.996179  val=0.996404  lr=1.56e-05
2026-03-06 10:21:07  INFO        [VCN] 159/500  train=0.996178  val=0.996405  lr=1.56e-05
2026-03-06 10:21:25  INFO        [VCN] 160/500  train=0.996179  val=0.996404  lr=1.56e-05
2026-03-06 10:21:30  INFO          NMI (labeled, K=7): 0.0090
2026-03-06 10:21:47  INFO        [VCN] 161/500  train=0.996180  val=0.996405  lr=1.56e-05
2026-03-06 10:22:05  INFO        [VCN] 162/500  train=0.996180  val=0.996404  lr=1.56e-05
2026-03-06 10:22:22  INFO        [VCN] 163/500  train=0.996178  val=0.996404  lr=1.56e-05
2026-03-06 10:22:40  INFO        [VCN] 164/500  train=0.996180  val=0.996404  lr=1.56e-05
2026-03-06 10:22:57  INFO        [VCN] 165/500  train=0.996178  val=0.996404  lr=1.56e-05
2026-03-06 10:23:15  INFO        [VCN] 166/500  train=0.996179  val=0.996404  lr=1.00e-05
2026-03-06 10:23:32  INFO        [VCN] 167/500  train=0.996179  val=0.996404  lr=1.00e-05
2026-03-06 10:23:50  INFO        [VCN] 168/500  train=0.996179  val=0.996404  lr=1.00e-05
2026-03-06 10:24:07  INFO        [VCN] 169/500  train=0.996177  val=0.996404  lr=1.00e-05
2026-03-06 10:24:25  INFO        [VCN] 170/500  train=0.996178  val=0.996404  lr=1.00e-05
2026-03-06 10:24:29  INFO          NMI (labeled, K=7): 0.0076
2026-03-06 10:24:47  INFO        [VCN] 171/500  train=0.996179  val=0.996404  lr=1.00e-05
2026-03-06 10:25:04  INFO        [VCN] 172/500  train=0.996178  val=0.996404  lr=1.00e-05
2026-03-06 10:25:22  INFO        [VCN] 173/500  train=0.996179  val=0.996404  lr=1.00e-05
2026-03-06 10:25:39  INFO        [VCN] 174/500  train=0.996179  val=0.996404  lr=1.00e-05
2026-03-06 10:25:57  INFO        [VCN] 175/500  train=0.996178  val=0.996404  lr=1.00e-05
2026-03-06 10:26:14  INFO        [VCN] 176/500  train=0.996179  val=0.996404  lr=1.00e-05
2026-03-06 10:26:32  INFO        [VCN] 177/500  train=0.996178  val=0.996404  lr=1.00e-05
2026-03-06 10:26:49  INFO        [VCN] 178/500  train=0.996177  val=0.996403  lr=1.00e-05
2026-03-06 10:27:07  INFO        [VCN] 179/500  train=0.996181  val=0.996403  lr=1.00e-05
2026-03-06 10:27:24  INFO        [VCN] 180/500  train=0.996177  val=0.996404  lr=1.00e-05
2026-03-06 10:27:29  INFO          NMI (labeled, K=7): 0.0078
2026-03-06 10:27:46  INFO        [VCN] 181/500  train=0.996177  val=0.996403  lr=1.00e-05
2026-03-06 10:28:04  INFO        [VCN] 182/500  train=0.996178  val=0.996403  lr=1.00e-05
2026-03-06 10:28:21  INFO        [VCN] 183/500  train=0.996178  val=0.996403  lr=1.00e-05
2026-03-06 10:28:39  INFO        [VCN] 184/500  train=0.996178  val=0.996403  lr=1.00e-05
2026-03-06 10:28:56  INFO        [VCN] 185/500  train=0.996178  val=0.996403  lr=1.00e-05
2026-03-06 10:29:14  INFO        [VCN] 186/500  train=0.996177  val=0.996403  lr=1.00e-05
2026-03-06 10:29:31  INFO        [VCN] 187/500  train=0.996178  val=0.996403  lr=1.00e-05
2026-03-06 10:29:49  INFO        [VCN] 188/500  train=0.996179  val=0.996403  lr=1.00e-05
2026-03-06 10:30:06  INFO        [VCN] 189/500  train=0.996177  val=0.996403  lr=1.00e-05 *
2026-03-06 10:30:24  INFO        [VCN] 190/500  train=0.996178  val=0.996403  lr=1.00e-05
2026-03-06 10:30:28  INFO          NMI (labeled, K=7): 0.0087
2026-03-06 10:30:46  INFO        [VCN] 191/500  train=0.996177  val=0.996403  lr=1.00e-05
2026-03-06 10:31:03  INFO        [VCN] 192/500  train=0.996177  val=0.996403  lr=1.00e-05
2026-03-06 10:31:21  INFO        [VCN] 193/500  train=0.996178  val=0.996403  lr=1.00e-05
2026-03-06 10:31:38  INFO        [VCN] 194/500  train=0.996178  val=0.996403  lr=1.00e-05
2026-03-06 10:31:56  INFO        [VCN] 195/500  train=0.996179  val=0.996403  lr=1.00e-05
2026-03-06 10:32:13  INFO        [VCN] 196/500  train=0.996176  val=0.996402  lr=1.00e-05
2026-03-06 10:32:31  INFO        [VCN] 197/500  train=0.996177  val=0.996402  lr=1.00e-05
2026-03-06 10:32:48  INFO        [VCN] 198/500  train=0.996177  val=0.996402  lr=1.00e-05
2026-03-06 10:33:06  INFO        [VCN] 199/500  train=0.996176  val=0.996403  lr=1.00e-05
2026-03-06 10:33:23  INFO        [VCN] 200/500  train=0.996177  val=0.996402  lr=1.00e-05
2026-03-06 10:33:28  INFO          NMI (labeled, K=7): 0.0083
2026-03-06 10:33:45  INFO        [VCN] 201/500  train=0.996178  val=0.996402  lr=1.00e-05
2026-03-06 10:34:03  INFO        [VCN] 202/500  train=0.996177  val=0.996402  lr=1.00e-05
2026-03-06 10:34:20  INFO        [VCN] 203/500  train=0.996175  val=0.996402  lr=1.00e-05 *
2026-03-06 10:34:38  INFO        [VCN] 204/500  train=0.996176  val=0.996401  lr=1.00e-05
2026-03-06 10:34:55  INFO        [VCN] 205/500  train=0.996175  val=0.996401  lr=1.00e-05
2026-03-06 10:35:13  INFO        [VCN] 206/500  train=0.996176  val=0.996401  lr=1.00e-05
2026-03-06 10:35:30  INFO        [VCN] 207/500  train=0.996176  val=0.996401  lr=1.00e-05
2026-03-06 10:35:48  INFO        [VCN] 208/500  train=0.996177  val=0.996401  lr=1.00e-05 *
2026-03-06 10:36:05  INFO        [VCN] 209/500  train=0.996175  val=0.996400  lr=1.00e-05
2026-03-06 10:36:23  INFO        [VCN] 210/500  train=0.996175  val=0.996400  lr=1.00e-05
2026-03-06 10:36:27  INFO          NMI (labeled, K=7): 0.0076
2026-03-06 10:36:45  INFO        [VCN] 211/500  train=0.996175  val=0.996400  lr=1.00e-05
2026-03-06 10:37:02  INFO        [VCN] 212/500  train=0.996179  val=0.996399  lr=1.00e-05 *
2026-03-06 10:37:20  INFO        [VCN] 213/500  train=0.996174  val=0.996399  lr=1.00e-05
2026-03-06 10:37:37  INFO        [VCN] 214/500  train=0.996173  val=0.996398  lr=1.00e-05
2026-03-06 10:37:55  INFO        [VCN] 215/500  train=0.996171  val=0.996397  lr=1.00e-05 *
2026-03-06 10:38:12  INFO        [VCN] 216/500  train=0.996171  val=0.996396  lr=1.00e-05
2026-03-06 10:38:30  INFO        [VCN] 217/500  train=0.996172  val=0.996395  lr=1.00e-05 *
2026-03-06 10:38:47  INFO        [VCN] 218/500  train=0.996170  val=0.996394  lr=1.00e-05 *
2026-03-06 10:39:05  INFO        [VCN] 219/500  train=0.996168  val=0.996392  lr=1.00e-05 *
2026-03-06 10:39:22  INFO        [VCN] 220/500  train=0.996166  val=0.996390  lr=1.00e-05 *
2026-03-06 10:39:27  INFO          NMI (labeled, K=7): 0.0076
2026-03-06 10:39:44  INFO        [VCN] 221/500  train=0.996165  val=0.996388  lr=1.00e-05 *
2026-03-06 10:40:02  INFO        [VCN] 222/500  train=0.996163  val=0.996385  lr=1.00e-05 *
2026-03-06 10:40:19  INFO        [VCN] 223/500  train=0.996159  val=0.996381  lr=1.00e-05 *
2026-03-06 10:40:37  INFO        [VCN] 224/500  train=0.996156  val=0.996376  lr=1.00e-05 *
2026-03-06 10:40:55  INFO        [VCN] 225/500  train=0.996151  val=0.996371  lr=1.00e-05 *
2026-03-06 10:41:13  INFO        [VCN] 226/500  train=0.996148  val=0.996363  lr=1.00e-05 *
2026-03-06 10:41:32  INFO        [VCN] 227/500  train=0.996141  val=0.996356  lr=1.00e-05 *
2026-03-06 10:41:50  INFO        [VCN] 228/500  train=0.996134  val=0.996349  lr=1.00e-05 *
2026-03-06 10:42:09  INFO        [VCN] 229/500  train=0.996127  val=0.996341  lr=1.00e-05 *
2026-03-06 10:42:27  INFO        [VCN] 230/500  train=0.996123  val=0.996336  lr=1.00e-05 *
2026-03-06 10:42:32  INFO          NMI (labeled, K=7): 0.0138
2026-03-06 10:42:49  INFO        [VCN] 231/500  train=0.996119  val=0.996331  lr=1.00e-05 *
2026-03-06 10:43:07  INFO        [VCN] 232/500  train=0.996116  val=0.996327  lr=1.00e-05 *
2026-03-06 10:43:24  INFO        [VCN] 233/500  train=0.996113  val=0.996324  lr=1.00e-05 *
2026-03-06 10:43:42  INFO        [VCN] 234/500  train=0.996113  val=0.996320  lr=1.00e-05 *
2026-03-06 10:43:59  INFO        [VCN] 235/500  train=0.996109  val=0.996319  lr=1.00e-05 *
2026-03-06 10:44:18  INFO        [VCN] 236/500  train=0.996109  val=0.996318  lr=1.00e-05 *
2026-03-06 10:44:36  INFO        [VCN] 237/500  train=0.996107  val=0.996316  lr=1.00e-05 *
2026-03-06 10:44:55  INFO        [VCN] 238/500  train=0.996107  val=0.996315  lr=1.00e-05 *
2026-03-06 10:45:13  INFO        [VCN] 239/500  train=0.996106  val=0.996314  lr=1.00e-05
2026-03-06 10:45:32  INFO        [VCN] 240/500  train=0.996104  val=0.996313  lr=1.00e-05 *
2026-03-06 10:45:36  INFO          NMI (labeled, K=7): 0.0166
2026-03-06 10:45:54  INFO        [VCN] 241/500  train=0.996107  val=0.996312  lr=1.00e-05
2026-03-06 10:46:11  INFO        [VCN] 242/500  train=0.996103  val=0.996311  lr=1.00e-05 *
2026-03-06 10:46:29  INFO        [VCN] 243/500  train=0.996103  val=0.996311  lr=1.00e-05
2026-03-06 10:46:46  INFO        [VCN] 244/500  train=0.996104  val=0.996311  lr=1.00e-05
2026-03-06 10:47:04  INFO        [VCN] 245/500  train=0.996104  val=0.996310  lr=1.00e-05 *
2026-03-06 10:47:21  INFO        [VCN] 246/500  train=0.996102  val=0.996310  lr=1.00e-05
2026-03-06 10:47:39  INFO        [VCN] 247/500  train=0.996102  val=0.996309  lr=1.00e-05
2026-03-06 10:47:56  INFO        [VCN] 248/500  train=0.996102  val=0.996308  lr=1.00e-05 *
2026-03-06 10:48:14  INFO        [VCN] 249/500  train=0.996101  val=0.996308  lr=1.00e-05
2026-03-06 10:48:31  INFO        [VCN] 250/500  train=0.996102  val=0.996308  lr=1.00e-05
2026-03-06 10:48:36  INFO          NMI (labeled, K=7): 0.0164
2026-03-06 10:48:53  INFO        [VCN] 251/500  train=0.996101  val=0.996307  lr=1.00e-05
2026-03-06 10:49:11  INFO        [VCN] 252/500  train=0.996100  val=0.996308  lr=1.00e-05
2026-03-06 10:49:28  INFO        [VCN] 253/500  train=0.996103  val=0.996307  lr=1.00e-05 *
2026-03-06 10:49:46  INFO        [VCN] 254/500  train=0.996100  val=0.996307  lr=1.00e-05
2026-03-06 10:50:03  INFO        [VCN] 255/500  train=0.996099  val=0.996307  lr=1.00e-05
2026-03-06 10:50:21  INFO        [VCN] 256/500  train=0.996100  val=0.996307  lr=1.00e-05
2026-03-06 10:50:38  INFO        [VCN] 257/500  train=0.996100  val=0.996307  lr=1.00e-05
2026-03-06 10:50:56  INFO        [VCN] 258/500  train=0.996100  val=0.996306  lr=1.00e-05
2026-03-06 10:51:13  INFO        [VCN] 259/500  train=0.996100  val=0.996306  lr=1.00e-05 *
2026-03-06 10:51:31  INFO        [VCN] 260/500  train=0.996100  val=0.996306  lr=1.00e-05
2026-03-06 10:51:35  INFO          NMI (labeled, K=7): 0.0149
2026-03-06 10:51:53  INFO        [VCN] 261/500  train=0.996100  val=0.996306  lr=1.00e-05
2026-03-06 10:52:10  INFO        [VCN] 262/500  train=0.996099  val=0.996306  lr=1.00e-05
2026-03-06 10:52:28  INFO        [VCN] 263/500  train=0.996100  val=0.996306  lr=1.00e-05
2026-03-06 10:52:45  INFO        [VCN] 264/500  train=0.996098  val=0.996306  lr=1.00e-05
2026-03-06 10:53:03  INFO        [VCN] 265/500  train=0.996098  val=0.996305  lr=1.00e-05
2026-03-06 10:53:20  INFO        [VCN] 266/500  train=0.996099  val=0.996305  lr=1.00e-05
2026-03-06 10:53:38  INFO        [VCN] 267/500  train=0.996098  val=0.996305  lr=1.00e-05
2026-03-06 10:53:55  INFO        [VCN] 268/500  train=0.996098  val=0.996305  lr=1.00e-05
2026-03-06 10:54:13  INFO        [VCN] 269/500  train=0.996098  val=0.996305  lr=1.00e-05 *
2026-03-06 10:54:30  INFO        [VCN] 270/500  train=0.996099  val=0.996305  lr=1.00e-05
2026-03-06 10:54:35  INFO          NMI (labeled, K=7): 0.0154
2026-03-06 10:54:52  INFO        [VCN] 271/500  train=0.996099  val=0.996304  lr=1.00e-05
2026-03-06 10:55:10  INFO        [VCN] 272/500  train=0.996099  val=0.996304  lr=1.00e-05
2026-03-06 10:55:28  INFO        [VCN] 273/500  train=0.996098  val=0.996304  lr=1.00e-05
2026-03-06 10:55:45  INFO        [VCN] 274/500  train=0.996097  val=0.996304  lr=1.00e-05
2026-03-06 10:56:03  INFO        [VCN] 275/500  train=0.996099  val=0.996304  lr=1.00e-05
2026-03-06 10:56:20  INFO        [VCN] 276/500  train=0.996098  val=0.996304  lr=1.00e-05
2026-03-06 10:56:38  INFO        [VCN] 277/500  train=0.996099  val=0.996304  lr=1.00e-05
2026-03-06 10:56:55  INFO        [VCN] 278/500  train=0.996097  val=0.996304  lr=1.00e-05
2026-03-06 10:57:13  INFO        [VCN] 279/500  train=0.996099  val=0.996304  lr=1.00e-05
2026-03-06 10:57:32  INFO        [VCN] 280/500  train=0.996099  val=0.996304  lr=1.00e-05 *
2026-03-06 10:57:36  INFO          NMI (labeled, K=7): 0.0144
2026-03-06 10:57:54  INFO        [VCN] 281/500  train=0.996098  val=0.996304  lr=1.00e-05
2026-03-06 10:58:12  INFO        [VCN] 282/500  train=0.996097  val=0.996304  lr=1.00e-05
2026-03-06 10:58:30  INFO        [VCN] 283/500  train=0.996097  val=0.996304  lr=1.00e-05
2026-03-06 10:58:49  INFO        [VCN] 284/500  train=0.996097  val=0.996304  lr=1.00e-05
2026-03-06 10:59:07  INFO        [VCN] 285/500  train=0.996099  val=0.996303  lr=1.00e-05
2026-03-06 10:59:25  INFO        [VCN] 286/500  train=0.996099  val=0.996303  lr=1.00e-05
2026-03-06 10:59:44  INFO        [VCN] 287/500  train=0.996098  val=0.996303  lr=1.00e-05
2026-03-06 11:00:02  INFO        [VCN] 288/500  train=0.996104  val=0.996303  lr=1.00e-05
2026-03-06 11:00:21  INFO        [VCN] 289/500  train=0.996098  val=0.996303  lr=1.00e-05
2026-03-06 11:00:39  INFO        [VCN] 290/500  train=0.996097  val=0.996303  lr=1.00e-05
2026-03-06 11:00:44  INFO          NMI (labeled, K=7): 0.0108
2026-03-06 11:01:01  INFO        [VCN] 291/500  train=0.996096  val=0.996303  lr=1.00e-05
2026-03-06 11:01:19  INFO        [VCN] 292/500  train=0.996100  val=0.996303  lr=1.00e-05
2026-03-06 11:01:36  INFO        [VCN] 293/500  train=0.996097  val=0.996303  lr=1.00e-05
2026-03-06 11:01:54  INFO        [VCN] 294/500  train=0.996097  val=0.996303  lr=1.00e-05
2026-03-06 11:02:11  INFO        [VCN] 295/500  train=0.996100  val=0.996303  lr=1.00e-05
2026-03-06 11:02:29  INFO        [VCN] 296/500  train=0.996097  val=0.996303  lr=1.00e-05
2026-03-06 11:02:46  INFO        [VCN] 297/500  train=0.996096  val=0.996303  lr=1.00e-05
2026-03-06 11:03:04  INFO        [VCN] 298/500  train=0.996097  val=0.996303  lr=1.00e-05
2026-03-06 11:03:21  INFO        [VCN] 299/500  train=0.996097  val=0.996303  lr=1.00e-05
2026-03-06 11:03:39  INFO        [VCN] 300/500  train=0.996098  val=0.996303  lr=1.00e-05
2026-03-06 11:03:43  INFO          NMI (labeled, K=7): 0.0118
2026-03-06 11:04:01  INFO        [VCN] 301/500  train=0.996097  val=0.996303  lr=1.00e-05
2026-03-06 11:04:18  INFO        [VCN] 302/500  train=0.996099  val=0.996303  lr=1.00e-05
2026-03-06 11:04:36  INFO        [VCN] 303/500  train=0.996096  val=0.996303  lr=1.00e-05
2026-03-06 11:04:53  INFO        [VCN] 304/500  train=0.996097  val=0.996302  lr=1.00e-05 *
2026-03-06 11:05:11  INFO        [VCN] 305/500  train=0.996097  val=0.996302  lr=1.00e-05
2026-03-06 11:05:28  INFO        [VCN] 306/500  train=0.996097  val=0.996303  lr=1.00e-05
2026-03-06 11:05:46  INFO        [VCN] 307/500  train=0.996097  val=0.996303  lr=1.00e-05
2026-03-06 11:06:03  INFO        [VCN] 308/500  train=0.996096  val=0.996303  lr=1.00e-05
2026-03-06 11:06:21  INFO        [VCN] 309/500  train=0.996097  val=0.996302  lr=1.00e-05
2026-03-06 11:06:38  INFO        [VCN] 310/500  train=0.996097  val=0.996303  lr=1.00e-05
2026-03-06 11:06:43  INFO          NMI (labeled, K=7): 0.0100
2026-03-06 11:07:00  INFO        [VCN] 311/500  train=0.996097  val=0.996302  lr=1.00e-05
2026-03-06 11:07:18  INFO        [VCN] 312/500  train=0.996097  val=0.996302  lr=1.00e-05
2026-03-06 11:07:35  INFO        [VCN] 313/500  train=0.996095  val=0.996302  lr=1.00e-05
2026-03-06 11:07:53  INFO        [VCN] 314/500  train=0.996096  val=0.996302  lr=1.00e-05
2026-03-06 11:08:10  INFO        [VCN] 315/500  train=0.996097  val=0.996302  lr=1.00e-05
2026-03-06 11:08:28  INFO        [VCN] 316/500  train=0.996096  val=0.996302  lr=1.00e-05
2026-03-06 11:08:45  INFO        [VCN] 317/500  train=0.996098  val=0.996302  lr=1.00e-05
2026-03-06 11:09:03  INFO        [VCN] 318/500  train=0.996097  val=0.996302  lr=1.00e-05
2026-03-06 11:09:20  INFO        [VCN] 319/500  train=0.996096  val=0.996302  lr=1.00e-05
2026-03-06 11:09:38  INFO        [VCN] 320/500  train=0.996096  val=0.996302  lr=1.00e-05
2026-03-06 11:09:42  INFO          NMI (labeled, K=7): 0.0122
2026-03-06 11:09:59  INFO        [VCN] 321/500  train=0.996096  val=0.996302  lr=1.00e-05
2026-03-06 11:10:17  INFO        [VCN] 322/500  train=0.996097  val=0.996302  lr=1.00e-05
2026-03-06 11:10:35  INFO        [VCN] 323/500  train=0.996096  val=0.996302  lr=1.00e-05
2026-03-06 11:10:52  INFO        [VCN] 324/500  train=0.996097  val=0.996302  lr=1.00e-05
2026-03-06 11:11:10  INFO        [VCN] 325/500  train=0.996097  val=0.996302  lr=1.00e-05
2026-03-06 11:11:27  INFO        [VCN] 326/500  train=0.996096  val=0.996302  lr=1.00e-05
2026-03-06 11:11:45  INFO        [VCN] 327/500  train=0.996096  val=0.996302  lr=1.00e-05
2026-03-06 11:12:02  INFO        [VCN] 328/500  train=0.996096  val=0.996302  lr=1.00e-05
2026-03-06 11:12:20  INFO        [VCN] 329/500  train=0.996097  val=0.996302  lr=1.00e-05
2026-03-06 11:12:37  INFO        [VCN] 330/500  train=0.996095  val=0.996302  lr=1.00e-05
2026-03-06 11:12:42  INFO          NMI (labeled, K=7): 0.0084
2026-03-06 11:12:59  INFO        [VCN] 331/500  train=0.996099  val=0.996302  lr=1.00e-05
2026-03-06 11:13:16  INFO        [VCN] 332/500  train=0.996097  val=0.996302  lr=1.00e-05
2026-03-06 11:13:34  INFO        [VCN] 333/500  train=0.996096  val=0.996302  lr=1.00e-05
2026-03-06 11:13:51  INFO        [VCN] 334/500  train=0.996095  val=0.996302  lr=1.00e-05
2026-03-06 11:14:09  INFO        [VCN] 335/500  train=0.996105  val=0.996302  lr=1.00e-05
2026-03-06 11:14:26  INFO        [VCN] 336/500  train=0.996097  val=0.996302  lr=1.00e-05
2026-03-06 11:14:45  INFO        [VCN] 337/500  train=0.996098  val=0.996302  lr=1.00e-05
2026-03-06 11:15:03  INFO        [VCN] 338/500  train=0.996098  val=0.996302  lr=1.00e-05
2026-03-06 11:15:22  INFO        [VCN] 339/500  train=0.996095  val=0.996302  lr=1.00e-05
2026-03-06 11:15:40  INFO        [VCN] 340/500  train=0.996097  val=0.996302  lr=1.00e-05
2026-03-06 11:15:45  INFO          NMI (labeled, K=7): 0.0105
2026-03-06 11:16:02  INFO        [VCN] 341/500  train=0.996099  val=0.996302  lr=1.00e-05
2026-03-06 11:16:19  INFO        [VCN] 342/500  train=0.996095  val=0.996302  lr=1.00e-05
2026-03-06 11:16:37  INFO        [VCN] 343/500  train=0.996097  val=0.996302  lr=1.00e-05
2026-03-06 11:16:54  INFO        [VCN] 344/500  train=0.996097  val=0.996302  lr=1.00e-05
2026-03-06 11:17:12  INFO        [VCN] 345/500  train=0.996096  val=0.996302  lr=1.00e-05
2026-03-06 11:17:29  INFO        [VCN] 346/500  train=0.996097  val=0.996302  lr=1.00e-05
2026-03-06 11:17:47  INFO        [VCN] 347/500  train=0.996096  val=0.996302  lr=1.00e-05
2026-03-06 11:18:04  INFO        [VCN] 348/500  train=0.996098  val=0.996302  lr=1.00e-05
2026-03-06 11:18:22  INFO        [VCN] 349/500  train=0.996096  val=0.996302  lr=1.00e-05
2026-03-06 11:18:39  INFO        [VCN] 350/500  train=0.996097  val=0.996302  lr=1.00e-05
2026-03-06 11:18:44  INFO          NMI (labeled, K=7): 0.0093
2026-03-06 11:19:01  INFO        [VCN] 351/500  train=0.996095  val=0.996302  lr=1.00e-05
2026-03-06 11:19:19  INFO        [VCN] 352/500  train=0.996096  val=0.996302  lr=1.00e-05
2026-03-06 11:19:36  INFO        [VCN] 353/500  train=0.996096  val=0.996302  lr=1.00e-05
2026-03-06 11:19:54  INFO        [VCN] 354/500  train=0.996095  val=0.996302  lr=1.00e-05
2026-03-06 11:19:54  INFO        Early stop at epoch 354
2026-03-06 11:19:54  INFO      
[3b] Save model
2026-03-06 11:19:54  INFO        Model state dict saved: /home/mahmudm2/codebase/RollingWheels/Scripts/attention_updated/models/vibclustnet_20260306_093211_state_dict.pth
2026-03-06 11:19:54  INFO        Full model saved      : /home/mahmudm2/codebase/RollingWheels/Scripts/attention_updated/models/vibclustnet_20260306_093211_full.pth
2026-03-06 11:19:54  INFO      
[4] Embeddings + PCA
2026-03-06 11:19:59  INFO        PCA: 256d → 10d (var=0.952)
2026-03-06 11:19:59  INFO      
[7] Clustering
2026-03-06 11:19:59  INFO        Super-classes=7  — sweeping K 5..9
2026-03-06 11:20:00  INFO          K= 5  sil=0.0720
2026-03-06 11:20:01  INFO          K= 6  sil=0.0695
2026-03-06 11:20:02  INFO          K= 7  sil=0.0704
2026-03-06 11:20:03  INFO          K= 8  sil=0.0697
2026-03-06 11:20:04  INFO          K= 9  sil=0.0699
2026-03-06 11:20:04  INFO        Best K=5  sil=0.0720
2026-03-06 11:20:04  INFO        Saved figures/17_k_selection_20260306_093211.png
2026-03-06 11:20:09  INFO      
  K-Means cluster → surface (train):
2026-03-06 11:20:09  INFO          cluster  0 → Asphalt + Indoor Carpet
2026-03-06 11:20:09  INFO          cluster  1 → Asphalt + Indoor Carpet
2026-03-06 11:20:09  INFO          cluster  2 → Asphalt + Indoor Carpet
2026-03-06 11:20:09  INFO          cluster  3 → Asphalt + Indoor Carpet
2026-03-06 11:20:09  INFO          cluster  4 → Asphalt + Indoor Carpet
2026-03-06 11:20:09  INFO      
[8] Metrics
2026-03-06 11:20:10  INFO      
── TRAIN ──────────────────────────────────────
2026-03-06 11:20:10  INFO      
        Silhouette      DB       CH     ARI    NMI
KMeans      0.0720  2.3533 520.7533 -0.0005 0.0057
Agg         0.8723  0.2206  18.0942  0.0001 0.0016
GMM        -0.2514 34.3155   3.3796  0.0216 0.0517
2026-03-06 11:20:10  INFO      
── TEST ──────────────────────────────────────
2026-03-06 11:20:10  INFO      
        Silhouette      DB       CH     ARI    NMI
KMeans      0.0664  2.3583 125.8683 -0.0003 0.0066
Agg            NaN     NaN      NaN     NaN    NaN
GMM        -0.2557 22.0001   2.1370  0.0232 0.0585
2026-03-06 11:20:10  INFO      
Generalisation gap  (train ARI − test ARI):
2026-03-06 11:20:11  INFO        KMeans    train=-0.0005  test=-0.0003  gap=-0.0002  [good]
2026-03-06 11:20:11  INFO        Agg       train=0.0001  test=nan  gap=+nan  [acceptable]
2026-03-06 11:20:11  INFO        GMM       train=0.0216  test=0.0232  gap=-0.0016  [good]
2026-03-06 11:20:11  INFO      
[9] Visualise (t-SNE on test split)
2026-03-06 11:20:11  INFO        t-SNE [Test]...
