2026-03-09 14:19:05  INFO  Log file: /home/mahmudm2/codebase/RollingWheels/Scripts/results_generations/logs/20260309_141905_ts2vec.log
2026-03-09 14:19:05  INFO  Device: cuda
2026-03-09 14:19:05  INFO  Run timestamp: 20260309_141905
2026-03-09 14:19:05  INFO  
[0] Surface names
2026-03-09 14:19:05  INFO      1 -> Paving Blocks (Smooth) (Red)
2026-03-09 14:19:05  INFO      2 -> Concrete Sidewalk
2026-03-09 14:19:05  INFO      3 -> Smooth Brick (High Street)
2026-03-09 14:19:05  INFO      4 -> Rough brick (High Street)
2026-03-09 14:19:05  INFO      5 -> Asphalt / Tar surface
2026-03-09 14:19:05  INFO      6 -> Indoor Carpet (low-pile)
2026-03-09 14:19:05  INFO      7 -> Indoor Linoleum
2026-03-09 14:19:05  INFO      8 -> Indoor Tile
2026-03-09 14:19:05  INFO      9 -> Curb Up
2026-03-09 14:19:05  INFO     10 -> Curb Down
2026-03-09 14:19:05  INFO     11 -> Rectangular Paving Tiles
2026-03-09 14:19:05  INFO     12 -> Paving Blocks (Rough)
2026-03-09 14:19:05  INFO  
[1] Load windowed data (labeled + unlabeled)
2026-03-09 14:19:05  INFO    Loading: ../../Datasets/ExtractedFeatures/labeled_accelerometer_raw_windows.csv
2026-03-09 14:19:10  INFO    Rows: 8153088  Windows: 7962
2026-03-09 14:19:14  INFO    Labeled windows: 7962  Classes: [0, 1, 2, 3, 4, 5, 6, 7, 8, 9, 10, 11]
2026-03-09 14:19:14  INFO    Loading: ../../Datasets/ExtractedFeatures/unlabeled_accelerometer_raw_windows.csv
2026-03-09 14:19:28  INFO    Rows: 24242176  Windows: 23674
2026-03-09 14:19:39  INFO    Unlabeled windows: 23674
2026-03-09 14:19:39  INFO    Stratified split (labeled only):
2026-03-09 14:19:39  INFO      Surface 0                       :   122 train    30 test
2026-03-09 14:19:39  INFO      Paving Blocks (Smooth) (Red)    :   671 train   167 test
2026-03-09 14:19:39  INFO      Concrete Sidewalk               :   511 train   127 test
2026-03-09 14:19:39  INFO      Smooth Brick (High Street)      :   395 train    98 test
2026-03-09 14:19:39  INFO      Rough brick (High Street)       :   781 train   195 test
2026-03-09 14:19:39  INFO      Asphalt / Tar surface           :   938 train   234 test
2026-03-09 14:19:39  INFO      Indoor Carpet (low-pile)        :   958 train   239 test
2026-03-09 14:19:39  INFO      Indoor Linoleum                 :   988 train   246 test
2026-03-09 14:19:39  INFO      Indoor Tile                     :   224 train    55 test
2026-03-09 14:19:39  INFO      Curb Up                         :   231 train    57 test
2026-03-09 14:19:39  INFO      Curb Down                       :   322 train    80 test
2026-03-09 14:19:39  INFO      Rectangular Paving Tiles        :   235 train    58 test
2026-03-09 14:19:39  INFO    Training set: 6376 labeled + 23674 unlabeled = 30050 total
2026-03-09 14:19:39  INFO  
[2] Labeled-train class distribution:
2026-03-09 14:19:39  INFO    Class  0: 122 windows
2026-03-09 14:19:39  INFO    Class  1: 671 windows
2026-03-09 14:19:39  INFO    Class  2: 511 windows
2026-03-09 14:19:39  INFO    Class  3: 395 windows
2026-03-09 14:19:39  INFO    Class  4: 781 windows
2026-03-09 14:19:39  INFO    Class  5: 938 windows
2026-03-09 14:19:39  INFO    Class  6: 958 windows
2026-03-09 14:19:39  INFO    Class  7: 988 windows
2026-03-09 14:19:39  INFO    Class  8: 224 windows
2026-03-09 14:19:39  INFO    Class  9: 231 windows
2026-03-09 14:19:39  INFO    Class 10: 322 windows
2026-03-09 14:19:39  INFO    Class 11: 235 windows
2026-03-09 14:19:39  INFO  
[3] Train TS2Vec on full training set (labeled + unlabeled)
2026-03-09 14:19:39  INFO  Training TS2Vec — shape=(30050, 1024, 3)  epochs=100
2026-03-09 14:22:41  INFO  Epoch #0: loss=0.8171537098285362
2026-03-09 14:24:47  INFO  Epoch #1: loss=0.4135418557051145
2026-03-09 14:26:46  INFO  Epoch #2: loss=0.3454669319228115
2026-03-09 14:28:53  INFO  Epoch #3: loss=0.33438240213833426
2026-03-09 14:31:00  INFO  Epoch #4: loss=0.30385096145831486
2026-03-09 14:32:59  INFO  Epoch #5: loss=0.2820053784309612
2026-03-09 14:35:03  INFO  Epoch #6: loss=0.27243176847696304
2026-03-09 14:37:08  INFO  Epoch #7: loss=0.2772194971712316
2026-03-09 14:39:11  INFO  Epoch #8: loss=0.259216538776224
2026-03-09 14:41:15  INFO  Epoch #9: loss=0.2695115086314079
2026-03-09 14:43:21  INFO  Epoch #10: loss=0.23808339658700112
2026-03-09 14:45:23  INFO  Epoch #11: loss=0.2542104645849417
2026-03-09 14:47:25  INFO  Epoch #12: loss=0.249811974890665
2026-03-09 14:49:31  INFO  Epoch #13: loss=0.23952981239706436
2026-03-09 14:51:40  INFO  Epoch #14: loss=0.23161038120809835
2026-03-09 14:53:53  INFO  Epoch #15: loss=0.23568118213655087
2026-03-09 14:56:06  INFO  Epoch #16: loss=0.22229917022906426
2026-03-09 14:58:14  INFO  Epoch #17: loss=0.21463462513602707
2026-03-09 15:00:27  INFO  Epoch #18: loss=0.20834236905470696
2026-03-09 15:02:37  INFO  Epoch #19: loss=0.2145542589802775
2026-03-09 15:04:48  INFO  Epoch #20: loss=0.21930890919936225
2026-03-09 15:07:01  INFO  Epoch #21: loss=0.22346061228103023
2026-03-09 15:09:08  INFO  Epoch #22: loss=0.20554402663795965
2026-03-09 15:11:21  INFO  Epoch #23: loss=0.1919473499472276
2026-03-09 15:13:31  INFO  Epoch #24: loss=0.20483999001903655
2026-03-09 15:15:41  INFO  Epoch #25: loss=0.20627903973205655
2026-03-09 15:17:54  INFO  Epoch #26: loss=0.1949209094928286
2026-03-09 15:20:02  INFO  Epoch #27: loss=0.20078161299918978
2026-03-09 15:22:15  INFO  Epoch #28: loss=0.20649666758898855
2026-03-09 15:24:24  INFO  Epoch #29: loss=0.19704089146524
2026-03-09 15:26:35  INFO  Epoch #30: loss=0.1886236674099748
2026-03-09 15:28:48  INFO  Epoch #31: loss=0.18259662670441393
2026-03-09 15:31:06  INFO  Epoch #32: loss=0.17498057336805348
2026-03-09 15:33:24  INFO  Epoch #33: loss=0.19130671053085402
2026-03-09 15:35:42  INFO  Epoch #34: loss=0.17164806590967982
2026-03-09 15:37:59  INFO  Epoch #35: loss=0.19857925927827852
2026-03-09 15:40:17  INFO  Epoch #36: loss=0.18674594094863714
2026-03-09 15:42:35  INFO  Epoch #37: loss=0.18529772398451838
2026-03-09 15:44:52  INFO  Epoch #38: loss=0.16945862317610536
2026-03-09 15:47:08  INFO  Epoch #39: loss=0.1743384054837167
2026-03-09 15:49:24  INFO  Epoch #40: loss=0.17207000164178232
2026-03-09 15:51:40  INFO  Epoch #41: loss=0.18334556626070675
2026-03-09 15:53:57  INFO  Epoch #42: loss=0.17977693352225427
2026-03-09 15:56:14  INFO  Epoch #43: loss=0.18299373353338533
2026-03-09 15:58:31  INFO  Epoch #44: loss=0.1638875508976503
2026-03-09 16:00:48  INFO  Epoch #45: loss=0.17408156218810583
2026-03-09 16:03:05  INFO  Epoch #46: loss=0.16495453431226384
2026-03-09 16:05:21  INFO  Epoch #47: loss=0.15687686548676416
2026-03-09 16:07:39  INFO  Epoch #48: loss=0.580054231166554
2026-03-09 16:09:54  INFO  Epoch #49: loss=0.18293660597853895
2026-03-09 16:12:13  INFO  Epoch #50: loss=0.15591512846188169
2026-03-09 16:14:30  INFO  Epoch #51: loss=0.15705313258214246
2026-03-09 16:16:47  INFO  Epoch #52: loss=0.1630123918509077
2026-03-09 16:19:03  INFO  Epoch #53: loss=0.1684059743115855
2026-03-09 16:21:20  INFO  Epoch #54: loss=0.16814775037141844
2026-03-09 16:23:38  INFO  Epoch #55: loss=0.1659276937754454
2026-03-09 16:25:57  INFO  Epoch #56: loss=0.15278857602233006
2026-03-09 16:28:13  INFO  Epoch #57: loss=0.17067777318632005
2026-03-09 16:30:30  INFO  Epoch #58: loss=0.1632543554206213
2026-03-09 16:32:46  INFO  Epoch #59: loss=0.18601521333090412
2026-03-09 16:35:03  INFO  Epoch #60: loss=0.15392307503916586
2026-03-09 16:37:19  INFO  Epoch #61: loss=0.16059252324378212
2026-03-09 16:39:36  INFO  Epoch #62: loss=0.16605125565212756
2026-03-09 16:41:52  INFO  Epoch #63: loss=0.15540090516899913
2026-03-09 16:44:07  INFO  Epoch #64: loss=0.1656041563894199
2026-03-09 16:46:23  INFO  Epoch #65: loss=0.15846273111609924
2026-03-09 16:48:39  INFO  Epoch #66: loss=0.15864840613457912
2026-03-09 16:50:57  INFO  Epoch #67: loss=0.15181314996399056
2026-03-09 16:53:14  INFO  Epoch #68: loss=0.16686281710625075
2026-03-09 16:55:30  INFO  Epoch #69: loss=0.15256096183642728
2026-03-09 16:57:46  INFO  Epoch #70: loss=0.16118754220370668
2026-03-09 17:00:02  INFO  Epoch #71: loss=0.15985106932707488
2026-03-09 17:02:18  INFO  Epoch #72: loss=0.15549851305330523
2026-03-09 17:04:35  INFO  Epoch #73: loss=0.15929238918149116
2026-03-09 17:06:52  INFO  Epoch #74: loss=0.14559811090651792
2026-03-09 17:09:09  INFO  Epoch #75: loss=0.15323725510765507
2026-03-09 17:11:25  INFO  Epoch #76: loss=0.1513560591295314
2026-03-09 17:13:41  INFO  Epoch #77: loss=0.15286885778775738
2026-03-09 17:15:58  INFO  Epoch #78: loss=0.15422319465726456
2026-03-09 17:18:15  INFO  Epoch #79: loss=0.1461098594323229
2026-03-09 17:20:32  INFO  Epoch #80: loss=0.1567372960832934
2026-03-09 17:22:48  INFO  Epoch #81: loss=0.1540492378746549
2026-03-09 17:25:04  INFO  Epoch #82: loss=0.1433217760167532
2026-03-09 17:27:21  INFO  Epoch #83: loss=0.154889488822847
2026-03-09 17:29:39  INFO  Epoch #84: loss=0.1516559477637624
2026-03-09 17:31:56  INFO  Epoch #85: loss=0.1494257840505455
2026-03-09 17:34:12  INFO  Epoch #86: loss=0.15104283997045156
2026-03-09 17:36:28  INFO  Epoch #87: loss=0.1420201242517549
2026-03-09 17:38:44  INFO  Epoch #88: loss=0.13527735653387915
2026-03-09 17:41:01  INFO  Epoch #89: loss=0.14055232077448196
2026-03-09 17:43:18  INFO  Epoch #90: loss=0.15243616279044028
2026-03-09 17:45:35  INFO  Epoch #91: loss=0.1347860030460948
2026-03-09 17:47:52  INFO  Epoch #92: loss=0.1580855106068051
2026-03-09 17:50:08  INFO  Epoch #93: loss=0.7897091140520299
2026-03-09 17:52:25  INFO  Epoch #94: loss=0.4139523783002418
2026-03-09 17:54:42  INFO  Epoch #95: loss=0.2545687224164494
2026-03-09 17:56:58  INFO  Epoch #96: loss=0.20111072084075982
2026-03-09 17:59:15  INFO  Epoch #97: loss=0.15772860566862285
2026-03-09 18:01:32  INFO  Epoch #98: loss=0.1511250823295821
2026-03-09 18:03:47  INFO  Epoch #99: loss=0.14240859998975255
2026-03-09 18:03:47  INFO  Training done. Final loss: 0.142409
2026-03-09 18:03:47  INFO  
[3b] Model saved: /home/mahmudm2/codebase/RollingWheels/Scripts/results_generations/models/ts2vec_20260309_141905.pth
2026-03-09 18:03:48  INFO  Loss log saved: /home/mahmudm2/codebase/RollingWheels/Scripts/results_generations/ts2vec_20260309_141905_loss_log.csv
2026-03-09 18:03:48  INFO  
[4] Embeddings + PCA (labeled train/test only)
2026-03-09 18:03:48  INFO    Generating embeddings for labeled-train (shape=(6376, 1024, 3))...
2026-03-09 18:03:49  INFO    Embeddings shape for labeled-train: (6376, 128)
2026-03-09 18:03:49  INFO    Generating embeddings for test (shape=(1586, 1024, 3))...
2026-03-09 18:03:49  INFO    Embeddings shape for test: (1586, 128)
2026-03-09 18:03:49  INFO    PCA: 128d → 69d (explained_var=0.951)
2026-03-09 18:03:49  INFO  
[4b] Embed unlabeled windows (23674)
2026-03-09 18:03:49  INFO    Generating embeddings for unlabeled (shape=(23674, 1024, 3))...
2026-03-09 18:03:53  INFO    Embeddings shape for unlabeled: (23674, 128)
2026-03-09 18:03:53  INFO    Unlabeled embeddings: (23674, 128)  PCA: (23674, 69)
2026-03-09 18:03:53  INFO  
[5] Best-K sweep: K=10..14  (n_classes=12)
2026-03-09 18:03:55  INFO      K=10  sil=0.1145
2026-03-09 18:03:56  INFO      K=11  sil=0.1195
2026-03-09 18:03:58  INFO      K=12  sil=0.1175
2026-03-09 18:03:59  INFO      K=13  sil=0.1161
2026-03-09 18:04:01  INFO      K=14  sil=0.1195
2026-03-09 18:04:01  INFO    Best K=11  sil=0.1195
2026-03-09 18:04:01  INFO  
[6] Clustering with K=11  (8 methods)
2026-03-09 18:04:15  INFO      SBScan auto-eps=0.0389  (knee idx=5964/6376)
2026-03-09 18:04:15  INFO      SBScan: 1 clusters, 6242 non-noise / 6376 total
2026-03-09 18:04:23  INFO  
  K-Means cluster → surface (train):
2026-03-09 18:04:23  INFO      cluster  0 → class 4  (918 windows)
2026-03-09 18:04:23  INFO      cluster  1 → class 7  (890 windows)
2026-03-09 18:04:23  INFO      cluster  2 → class 5  (760 windows)
2026-03-09 18:04:23  INFO      cluster  3 → class 1  (619 windows)
2026-03-09 18:04:23  INFO      cluster  4 → class 7  (624 windows)
2026-03-09 18:04:23  INFO      cluster  5 → class 5  (359 windows)
2026-03-09 18:04:23  INFO      cluster  6 → class 10  (437 windows)
2026-03-09 18:04:23  INFO      cluster  7 → class 9  (424 windows)
2026-03-09 18:04:23  INFO      cluster  8 → class 6  (544 windows)
2026-03-09 18:04:23  INFO      cluster  9 → class 8  (275 windows)
2026-03-09 18:04:23  INFO      cluster 10 → class 11  (526 windows)
2026-03-09 18:04:23  INFO  
  SBScan cluster → surface (train):
2026-03-09 18:04:23  INFO      cluster -1 → noise  (134 windows)
2026-03-09 18:04:23  INFO      cluster  0 → class 7  (6242 windows)
2026-03-09 18:04:23  INFO  
[7] Metrics
2026-03-09 18:04:25  INFO  
── TRAIN ──────────────────────────────────────

            Silhouette      DB       CH    ARI    NMI   Dunn
KMeans          0.1195  2.9673 327.1894 0.1049 0.2694 0.1308
Agg             0.0814  1.5100 117.9650 0.0565 0.1989 0.3605
GMM             0.1155  2.9929 324.8294 0.1072 0.2766 0.1252
SBScan             NaN     NaN      NaN    NaN    NaN    NaN
POS             0.0201  3.6388 203.7329 0.0533 0.1520 0.0730
RandAssign     -0.0228 42.2734   1.2583 0.0002 0.0043 0.0010
GSA             0.0194  3.9798 218.9837 0.0612 0.1606 0.0669
RandClust       0.0185  3.8614 172.1870 0.0492 0.1410 0.0877
2026-03-09 18:04:25  INFO  
── TEST ──────────────────────────────────────

            Silhouette      DB      CH    ARI    NMI   Dunn
KMeans          0.1165  2.9139 80.8605 0.1065 0.2836 0.1491
Agg             0.0575  2.0520 47.4883 0.0619 0.1958 0.2093
GMM             0.0893  3.0614 74.3513 0.0969 0.2779 0.1186
SBScan             NaN     NaN     NaN    NaN    NaN    NaN
POS             0.0216  3.4652 54.2738 0.0529 0.1631 0.0960
RandAssign     -0.0440 21.8800  1.2686 0.0005 0.0177 0.0029
GSA             0.0181  3.9572 53.2437 0.0599 0.1673 0.0662
RandClust       0.0347  4.0431 57.2969 0.0442 0.1395 0.0861
2026-03-09 18:04:25  INFO  
Generalisation gap  (train ARI − test ARI):
2026-03-09 18:04:26  INFO    KMeans        train=0.1049  test=0.1065  gap=-0.0016  [good]
2026-03-09 18:04:26  INFO    Agg           train=0.0565  test=0.0619  gap=-0.0054  [good]
2026-03-09 18:04:26  INFO    GMM           train=0.1072  test=0.0969  gap=+0.0103  [good]
2026-03-09 18:04:26  INFO    SBScan        train=nan  test=nan  gap=+nan  [acceptable]
2026-03-09 18:04:27  INFO    POS           train=0.0533  test=0.0529  gap=+0.0004  [good]
2026-03-09 18:04:27  INFO    RandAssign    train=0.0002  test=0.0005  gap=-0.0003  [good]
2026-03-09 18:04:27  INFO    GSA           train=0.0612  test=0.0599  gap=+0.0014  [good]
2026-03-09 18:04:28  INFO    RandClust     train=0.0492  test=0.0442  gap=+0.0050  [good]
2026-03-09 18:04:49  INFO  
── UNLABELED (unsupervised + ARI/NMI vs KMeans pseudo-GT) ──────────
2026-03-09 18:04:49  INFO  
            Silhouette      DB       CH   Dunn  ARI_vs_KM  NMI_vs_KM
KMeans          0.0519  3.3843 360.8402 0.0327     1.0000     1.0000
Agg             0.0750  3.0570 355.9121 0.0882     0.2700     0.2577
GMM             0.0845  3.1422 245.7158 0.0774     0.2832     0.2220
SBScan             NaN     NaN      NaN    NaN        NaN        NaN
POS            -0.0676  4.7144 206.6700 0.0168     0.0027     0.0939
RandAssign     -0.0091 81.0562   0.9146 0.0002    -0.0000     0.0012
GSA            -0.0269  4.0395 310.1543 0.0258     0.0344     0.1230
RandClust       0.0208  5.0777 539.0014 0.0326     0.1100     0.2193
2026-03-09 18:04:49  INFO  
[8] Saving predictions
2026-03-09 18:04:49  INFO  Test predictions saved: /home/mahmudm2/codebase/RollingWheels/Scripts/results_generations/ts2vec_20260309_141905_test_predictions.csv  (1586 rows)
2026-03-09 18:04:49  INFO  Train predictions saved: /home/mahmudm2/codebase/RollingWheels/Scripts/results_generations/ts2vec_20260309_141905_train_predictions.csv  (6376 rows)
2026-03-09 18:04:49  INFO  Unlabeled predictions saved: /home/mahmudm2/codebase/RollingWheels/Scripts/results_generations/ts2vec_20260309_141905_unlabeled_predictions.csv  (23674 rows)
2026-03-09 18:04:49  INFO  
=== Done ===
